12:05:22 INFO  : Registering command handlers for SDK TCF services
12:05:23 INFO  : Launching XSCT server: xsct.bat -interactive D:\Work\fpga\zynq_cam_isp_demo\zynq_cam_isp_demo.sdk\temp_xsdb_launch_script.tcl
12:05:25 INFO  : XSCT server has started successfully.
12:05:25 INFO  : Successfully done setting XSCT server connection channel  
12:05:25 INFO  : Successfully done setting SDK workspace  
12:05:25 INFO  : Processing command line option -hwspec D:/Work/fpga/zynq_cam_isp_demo/zynq_cam_isp_demo.sdk/h264_wrapper.hdf.
12:07:47 INFO  : Refreshed build settings on project h264
12:08:52 INFO  : 'targets -set -filter {jtag_cable_name =~ "Digilent JTAG-HS1 210512180081" && level==0} -index 1' command is executed.
12:08:52 INFO  : 'fpga -state' command is executed.
12:08:55 INFO  : Memory regions updated for context APU
12:09:03 INFO  : Connected to target on host '127.0.0.1' and port '3121'.
12:09:03 INFO  : Jtag cable 'Digilent JTAG-HS1 210512180081' is selected.
12:09:03 INFO  : 'jtag frequency' command is executed.
12:09:03 INFO  : Sourcing of 'D:/Work/fpga/zynq_cam_isp_demo/zynq_cam_isp_demo.sdk/h264_wrapper_hw_platform_0/ps7_init.tcl' is done.
12:09:03 INFO  : Context for 'APU' is selected.
12:09:03 INFO  : System reset is completed.
12:09:06 INFO  : 'after 3000' command is executed.
12:09:06 INFO  : 'targets -set -filter {jtag_cable_name =~ "Digilent JTAG-HS1 210512180081" && level==0} -index 1' command is executed.
12:09:09 INFO  : FPGA configured successfully with bitstream "D:/Work/fpga/zynq_cam_isp_demo/zynq_cam_isp_demo.sdk/h264_wrapper_hw_platform_0/h264_wrapper.bit"
12:09:09 INFO  : Context for 'APU' is selected.
12:09:10 INFO  : Hardware design information is loaded from 'D:/Work/fpga/zynq_cam_isp_demo/zynq_cam_isp_demo.sdk/h264_wrapper_hw_platform_0/system.hdf'.
12:09:10 INFO  : 'configparams force-mem-access 1' command is executed.
12:09:10 INFO  : Context for 'APU' is selected.
12:09:10 INFO  : 'ps7_init' command is executed.
12:09:10 INFO  : 'ps7_post_config' command is executed.
12:09:10 INFO  : Context for processor 'ps7_cortexa9_0' is selected.
12:09:11 INFO  : The application 'D:/Work/fpga/zynq_cam_isp_demo/zynq_cam_isp_demo.sdk/h264/Debug/h264.elf' is downloaded to processor 'ps7_cortexa9_0'.
12:09:11 INFO  : 'configparams force-mem-access 0' command is executed.
12:09:11 INFO  : ----------------XSDB Script----------------
connect -url tcp:127.0.0.1:3121
source D:/Work/fpga/zynq_cam_isp_demo/zynq_cam_isp_demo.sdk/h264_wrapper_hw_platform_0/ps7_init.tcl
targets -set -nocase -filter {name =~"APU*" && jtag_cable_name =~ "Digilent JTAG-HS1 210512180081"} -index 0
rst -system
after 3000
targets -set -filter {jtag_cable_name =~ "Digilent JTAG-HS1 210512180081" && level==0} -index 1
fpga -file D:/Work/fpga/zynq_cam_isp_demo/zynq_cam_isp_demo.sdk/h264_wrapper_hw_platform_0/h264_wrapper.bit
targets -set -nocase -filter {name =~"APU*" && jtag_cable_name =~ "Digilent JTAG-HS1 210512180081"} -index 0
loadhw -hw D:/Work/fpga/zynq_cam_isp_demo/zynq_cam_isp_demo.sdk/h264_wrapper_hw_platform_0/system.hdf -mem-ranges [list {0x40000000 0xbfffffff}]
configparams force-mem-access 1
targets -set -nocase -filter {name =~"APU*" && jtag_cable_name =~ "Digilent JTAG-HS1 210512180081"} -index 0
ps7_init
ps7_post_config
targets -set -nocase -filter {name =~ "ARM*#0" && jtag_cable_name =~ "Digilent JTAG-HS1 210512180081"} -index 0
dow D:/Work/fpga/zynq_cam_isp_demo/zynq_cam_isp_demo.sdk/h264/Debug/h264.elf
configparams force-mem-access 0
----------------End of Script----------------

12:09:11 INFO  : Memory regions updated for context APU
12:09:11 INFO  : Context for processor 'ps7_cortexa9_0' is selected.
12:09:11 INFO  : 'con' command is executed.
12:09:11 INFO  : ----------------XSDB Script (After Launch)----------------
targets -set -nocase -filter {name =~ "ARM*#0" && jtag_cable_name =~ "Digilent JTAG-HS1 210512180081"} -index 0
con
----------------End of Script----------------

12:09:11 INFO  : Launch script is exported to file 'D:\Work\fpga\zynq_cam_isp_demo\zynq_cam_isp_demo.sdk\.sdk\launch_scripts\xilinx_c-c++_application_(system_debugger)\system_debugger_using_debug_h264.elf_on_local.tcl'
12:10:33 INFO  : Disconnected from the channel tcfchan#1.
12:19:33 INFO  : Registering command handlers for SDK TCF services
12:19:33 INFO  : Launching XSCT server: xsct.bat -interactive D:\Work\fpga\zynq_cam_isp_demo\zynq_cam_isp_demo.sdk\temp_xsdb_launch_script.tcl
12:19:34 INFO  : XSCT server has started successfully.
12:19:34 INFO  : Successfully done setting XSCT server connection channel  
12:19:34 INFO  : Successfully done setting SDK workspace  
12:22:26 INFO  : Connected to target on host '127.0.0.1' and port '3121'.
12:22:27 INFO  : Jtag cable 'Digilent JTAG-HS1 210512180081' is selected.
12:22:27 INFO  : 'jtag frequency' command is executed.
12:22:27 INFO  : Sourcing of 'D:/Work/fpga/zynq_cam_isp_demo/zynq_cam_isp_demo.sdk/h264_wrapper_hw_platform_0/ps7_init.tcl' is done.
12:22:27 INFO  : Context for 'APU' is selected.
12:22:27 INFO  : System reset is completed.
12:22:30 INFO  : 'after 3000' command is executed.
12:22:30 INFO  : 'targets -set -filter {jtag_cable_name =~ "Digilent JTAG-HS1 210512180081" && level==0} -index 1' command is executed.
12:22:33 INFO  : FPGA configured successfully with bitstream "D:/Work/fpga/zynq_cam_isp_demo/zynq_cam_isp_demo.sdk/h264_wrapper_hw_platform_0/h264_wrapper.bit"
12:22:33 INFO  : Context for 'APU' is selected.
12:22:33 INFO  : Hardware design information is loaded from 'D:/Work/fpga/zynq_cam_isp_demo/zynq_cam_isp_demo.sdk/h264_wrapper_hw_platform_0/system.hdf'.
12:22:33 INFO  : 'configparams force-mem-access 1' command is executed.
12:22:33 INFO  : Context for 'APU' is selected.
12:22:34 INFO  : 'ps7_init' command is executed.
12:22:34 INFO  : 'ps7_post_config' command is executed.
12:22:34 INFO  : Context for processor 'ps7_cortexa9_0' is selected.
12:22:34 INFO  : The application 'D:/Work/fpga/zynq_cam_isp_demo/zynq_cam_isp_demo.sdk/h264/Debug/h264.elf' is downloaded to processor 'ps7_cortexa9_0'.
12:22:34 INFO  : 'configparams force-mem-access 0' command is executed.
12:22:34 INFO  : ----------------XSDB Script----------------
connect -url tcp:127.0.0.1:3121
source D:/Work/fpga/zynq_cam_isp_demo/zynq_cam_isp_demo.sdk/h264_wrapper_hw_platform_0/ps7_init.tcl
targets -set -nocase -filter {name =~"APU*" && jtag_cable_name =~ "Digilent JTAG-HS1 210512180081"} -index 0
rst -system
after 3000
targets -set -filter {jtag_cable_name =~ "Digilent JTAG-HS1 210512180081" && level==0} -index 1
fpga -file D:/Work/fpga/zynq_cam_isp_demo/zynq_cam_isp_demo.sdk/h264_wrapper_hw_platform_0/h264_wrapper.bit
targets -set -nocase -filter {name =~"APU*" && jtag_cable_name =~ "Digilent JTAG-HS1 210512180081"} -index 0
loadhw -hw D:/Work/fpga/zynq_cam_isp_demo/zynq_cam_isp_demo.sdk/h264_wrapper_hw_platform_0/system.hdf -mem-ranges [list {0x40000000 0xbfffffff}]
configparams force-mem-access 1
targets -set -nocase -filter {name =~"APU*" && jtag_cable_name =~ "Digilent JTAG-HS1 210512180081"} -index 0
ps7_init
ps7_post_config
targets -set -nocase -filter {name =~ "ARM*#0" && jtag_cable_name =~ "Digilent JTAG-HS1 210512180081"} -index 0
dow D:/Work/fpga/zynq_cam_isp_demo/zynq_cam_isp_demo.sdk/h264/Debug/h264.elf
configparams force-mem-access 0
----------------End of Script----------------

12:22:34 INFO  : Memory regions updated for context APU
12:22:35 INFO  : Context for processor 'ps7_cortexa9_0' is selected.
12:22:35 INFO  : 'con' command is executed.
12:22:35 INFO  : ----------------XSDB Script (After Launch)----------------
targets -set -nocase -filter {name =~ "ARM*#0" && jtag_cable_name =~ "Digilent JTAG-HS1 210512180081"} -index 0
con
----------------End of Script----------------

12:22:35 INFO  : Launch script is exported to file 'D:\Work\fpga\zynq_cam_isp_demo\zynq_cam_isp_demo.sdk\.sdk\launch_scripts\xilinx_c-c++_application_(system_debugger)\system_debugger_using_debug_h264.elf_on_local.tcl'
13:01:23 INFO  : Disconnected from the channel tcfchan#1.
13:01:32 INFO  : Registering command handlers for SDK TCF services
13:01:33 INFO  : Launching XSCT server: xsct.bat -interactive D:\Work\fpga\zynq_cam_isp_demo\zynq_cam_isp_demo.sdk\temp_xsdb_launch_script.tcl
13:01:34 INFO  : XSCT server has started successfully.
13:01:34 INFO  : Successfully done setting XSCT server connection channel  
13:01:34 INFO  : Successfully done setting SDK workspace  
13:01:34 INFO  : Processing command line option -hwspec D:/Work/fpga/zynq_cam_isp_demo/zynq_cam_isp_demo.sdk/dualcam_wrapper.hdf.
13:02:30 INFO  : Refreshed build settings on project dualcam
13:03:17 INFO  : Connected to target on host '127.0.0.1' and port '3121'.
13:03:17 INFO  : Jtag cable 'Digilent JTAG-HS1 210512180081' is selected.
13:03:18 INFO  : 'jtag frequency' command is executed.
13:03:18 INFO  : Sourcing of 'D:/Work/fpga/zynq_cam_isp_demo/zynq_cam_isp_demo.sdk/h264_wrapper_hw_platform_0/ps7_init.tcl' is done.
13:03:18 INFO  : Context for 'APU' is selected.
13:03:18 INFO  : System reset is completed.
13:03:21 INFO  : 'after 3000' command is executed.
13:03:21 INFO  : 'targets -set -filter {jtag_cable_name =~ "Digilent JTAG-HS1 210512180081" && level==0} -index 1' command is executed.
13:03:24 INFO  : FPGA configured successfully with bitstream "D:/Work/fpga/zynq_cam_isp_demo/zynq_cam_isp_demo.sdk/h264_wrapper_hw_platform_0/h264_wrapper.bit"
13:03:24 INFO  : Context for 'APU' is selected.
13:03:24 INFO  : Hardware design information is loaded from 'D:/Work/fpga/zynq_cam_isp_demo/zynq_cam_isp_demo.sdk/h264_wrapper_hw_platform_0/system.hdf'.
13:03:24 INFO  : 'configparams force-mem-access 1' command is executed.
13:03:24 INFO  : Context for 'APU' is selected.
13:03:25 INFO  : 'ps7_init' command is executed.
13:03:25 INFO  : 'ps7_post_config' command is executed.
13:03:25 INFO  : Context for processor 'ps7_cortexa9_0' is selected.
13:03:25 INFO  : The application 'D:/Work/fpga/zynq_cam_isp_demo/zynq_cam_isp_demo.sdk/h264/Debug/h264.elf' is downloaded to processor 'ps7_cortexa9_0'.
13:03:25 INFO  : 'configparams force-mem-access 0' command is executed.
13:03:25 INFO  : ----------------XSDB Script----------------
connect -url tcp:127.0.0.1:3121
source D:/Work/fpga/zynq_cam_isp_demo/zynq_cam_isp_demo.sdk/h264_wrapper_hw_platform_0/ps7_init.tcl
targets -set -nocase -filter {name =~"APU*" && jtag_cable_name =~ "Digilent JTAG-HS1 210512180081"} -index 0
rst -system
after 3000
targets -set -filter {jtag_cable_name =~ "Digilent JTAG-HS1 210512180081" && level==0} -index 1
fpga -file D:/Work/fpga/zynq_cam_isp_demo/zynq_cam_isp_demo.sdk/h264_wrapper_hw_platform_0/h264_wrapper.bit
targets -set -nocase -filter {name =~"APU*" && jtag_cable_name =~ "Digilent JTAG-HS1 210512180081"} -index 0
loadhw -hw D:/Work/fpga/zynq_cam_isp_demo/zynq_cam_isp_demo.sdk/h264_wrapper_hw_platform_0/system.hdf -mem-ranges [list {0x40000000 0xbfffffff}]
configparams force-mem-access 1
targets -set -nocase -filter {name =~"APU*" && jtag_cable_name =~ "Digilent JTAG-HS1 210512180081"} -index 0
ps7_init
ps7_post_config
targets -set -nocase -filter {name =~ "ARM*#0" && jtag_cable_name =~ "Digilent JTAG-HS1 210512180081"} -index 0
dow D:/Work/fpga/zynq_cam_isp_demo/zynq_cam_isp_demo.sdk/h264/Debug/h264.elf
configparams force-mem-access 0
----------------End of Script----------------

13:03:25 INFO  : Memory regions updated for context APU
13:03:25 INFO  : Context for processor 'ps7_cortexa9_0' is selected.
13:03:25 INFO  : 'con' command is executed.
13:03:25 INFO  : ----------------XSDB Script (After Launch)----------------
targets -set -nocase -filter {name =~ "ARM*#0" && jtag_cable_name =~ "Digilent JTAG-HS1 210512180081"} -index 0
con
----------------End of Script----------------

13:03:25 INFO  : Launch script is exported to file 'D:\Work\fpga\zynq_cam_isp_demo\zynq_cam_isp_demo.sdk\.sdk\launch_scripts\xilinx_c-c++_application_(system_debugger)\system_debugger_using_debug_h264.elf_on_local.tcl'
13:04:48 INFO  : Disconnected from the channel tcfchan#1.
13:04:50 INFO  : 'targets -set -filter {jtag_cable_name =~ "Digilent JTAG-HS1 210512180081" && level==0} -index 1' command is executed.
13:04:50 INFO  : 'fpga -state' command is executed.
13:04:51 INFO  : Connected to target on host '127.0.0.1' and port '3121'.
13:04:51 INFO  : Jtag cable 'Digilent JTAG-HS1 210512180081' is selected.
13:04:51 INFO  : 'jtag frequency' command is executed.
13:04:51 INFO  : Sourcing of 'D:/Work/fpga/zynq_cam_isp_demo/zynq_cam_isp_demo.sdk/dualcam_wrapper_hw_platform_0/ps7_init.tcl' is done.
13:04:51 INFO  : Context for 'APU' is selected.
13:04:51 INFO  : Hardware design information is loaded from 'D:/Work/fpga/zynq_cam_isp_demo/zynq_cam_isp_demo.sdk/dualcam_wrapper_hw_platform_0/system.hdf'.
13:04:51 INFO  : 'configparams force-mem-access 1' command is executed.
13:04:51 INFO  : Context for 'APU' is selected.
13:04:51 INFO  : 'stop' command is executed.
13:04:51 INFO  : 'ps7_init' command is executed.
13:04:51 INFO  : 'ps7_post_config' command is executed.
13:04:52 INFO  : Context for processor 'ps7_cortexa9_0' is selected.
13:04:52 INFO  : Processor reset is completed for 'ps7_cortexa9_0'.
13:04:52 INFO  : Context for processor 'ps7_cortexa9_0' is selected.
13:04:52 INFO  : The application 'D:/Work/fpga/zynq_cam_isp_demo/zynq_cam_isp_demo.sdk/dualcam/Debug/dualcam.elf' is downloaded to processor 'ps7_cortexa9_0'.
13:04:52 INFO  : 'configparams force-mem-access 0' command is executed.
13:04:52 INFO  : ----------------XSDB Script----------------
connect -url tcp:127.0.0.1:3121
source D:/Work/fpga/zynq_cam_isp_demo/zynq_cam_isp_demo.sdk/dualcam_wrapper_hw_platform_0/ps7_init.tcl
targets -set -nocase -filter {name =~"APU*" && jtag_cable_name =~ "Digilent JTAG-HS1 210512180081"} -index 0
loadhw -hw D:/Work/fpga/zynq_cam_isp_demo/zynq_cam_isp_demo.sdk/dualcam_wrapper_hw_platform_0/system.hdf -mem-ranges [list {0x40000000 0xbfffffff}]
configparams force-mem-access 1
targets -set -nocase -filter {name =~"APU*" && jtag_cable_name =~ "Digilent JTAG-HS1 210512180081"} -index 0
stop
ps7_init
ps7_post_config
targets -set -nocase -filter {name =~ "ARM*#0" && jtag_cable_name =~ "Digilent JTAG-HS1 210512180081"} -index 0
rst -processor
targets -set -nocase -filter {name =~ "ARM*#0" && jtag_cable_name =~ "Digilent JTAG-HS1 210512180081"} -index 0
dow D:/Work/fpga/zynq_cam_isp_demo/zynq_cam_isp_demo.sdk/dualcam/Debug/dualcam.elf
configparams force-mem-access 0
----------------End of Script----------------

13:04:52 INFO  : Memory regions updated for context APU
13:04:52 INFO  : Context for processor 'ps7_cortexa9_0' is selected.
13:04:52 INFO  : 'con' command is executed.
13:04:52 INFO  : ----------------XSDB Script (After Launch)----------------
targets -set -nocase -filter {name =~ "ARM*#0" && jtag_cable_name =~ "Digilent JTAG-HS1 210512180081"} -index 0
con
----------------End of Script----------------

13:04:52 INFO  : Launch script is exported to file 'D:\Work\fpga\zynq_cam_isp_demo\zynq_cam_isp_demo.sdk\.sdk\launch_scripts\xilinx_c-c++_application_(system_debugger)\system_debugger_using_debug_dualcam.elf_on_local.tcl'
13:05:11 INFO  : Disconnected from the channel tcfchan#2.
13:05:12 INFO  : Connected to target on host '127.0.0.1' and port '3121'.
13:05:12 INFO  : Jtag cable 'Digilent JTAG-HS1 210512180081' is selected.
13:05:12 INFO  : 'jtag frequency' command is executed.
13:05:12 INFO  : Sourcing of 'D:/Work/fpga/zynq_cam_isp_demo/zynq_cam_isp_demo.sdk/dualcam_wrapper_hw_platform_0/ps7_init.tcl' is done.
13:05:12 INFO  : Context for 'APU' is selected.
13:05:13 INFO  : System reset is completed.
13:05:16 INFO  : 'after 3000' command is executed.
13:05:16 INFO  : 'targets -set -filter {jtag_cable_name =~ "Digilent JTAG-HS1 210512180081" && level==0} -index 1' command is executed.
13:05:19 INFO  : FPGA configured successfully with bitstream "D:/Work/fpga/zynq_cam_isp_demo/zynq_cam_isp_demo.sdk/dualcam_wrapper_hw_platform_0/dualcam_wrapper.bit"
13:05:19 INFO  : Context for 'APU' is selected.
13:05:20 INFO  : Hardware design information is loaded from 'D:/Work/fpga/zynq_cam_isp_demo/zynq_cam_isp_demo.sdk/dualcam_wrapper_hw_platform_0/system.hdf'.
13:05:20 INFO  : 'configparams force-mem-access 1' command is executed.
13:05:20 INFO  : Context for 'APU' is selected.
13:05:21 INFO  : 'ps7_init' command is executed.
13:05:21 INFO  : 'ps7_post_config' command is executed.
13:05:21 INFO  : Context for processor 'ps7_cortexa9_0' is selected.
13:05:21 INFO  : The application 'D:/Work/fpga/zynq_cam_isp_demo/zynq_cam_isp_demo.sdk/dualcam/Debug/dualcam.elf' is downloaded to processor 'ps7_cortexa9_0'.
13:05:21 INFO  : 'configparams force-mem-access 0' command is executed.
13:05:21 INFO  : ----------------XSDB Script----------------
connect -url tcp:127.0.0.1:3121
source D:/Work/fpga/zynq_cam_isp_demo/zynq_cam_isp_demo.sdk/dualcam_wrapper_hw_platform_0/ps7_init.tcl
targets -set -nocase -filter {name =~"APU*" && jtag_cable_name =~ "Digilent JTAG-HS1 210512180081"} -index 0
rst -system
after 3000
targets -set -filter {jtag_cable_name =~ "Digilent JTAG-HS1 210512180081" && level==0} -index 1
fpga -file D:/Work/fpga/zynq_cam_isp_demo/zynq_cam_isp_demo.sdk/dualcam_wrapper_hw_platform_0/dualcam_wrapper.bit
targets -set -nocase -filter {name =~"APU*" && jtag_cable_name =~ "Digilent JTAG-HS1 210512180081"} -index 0
loadhw -hw D:/Work/fpga/zynq_cam_isp_demo/zynq_cam_isp_demo.sdk/dualcam_wrapper_hw_platform_0/system.hdf -mem-ranges [list {0x40000000 0xbfffffff}]
configparams force-mem-access 1
targets -set -nocase -filter {name =~"APU*" && jtag_cable_name =~ "Digilent JTAG-HS1 210512180081"} -index 0
ps7_init
ps7_post_config
targets -set -nocase -filter {name =~ "ARM*#0" && jtag_cable_name =~ "Digilent JTAG-HS1 210512180081"} -index 0
dow D:/Work/fpga/zynq_cam_isp_demo/zynq_cam_isp_demo.sdk/dualcam/Debug/dualcam.elf
configparams force-mem-access 0
----------------End of Script----------------

13:05:21 INFO  : Memory regions updated for context APU
13:05:21 INFO  : Context for processor 'ps7_cortexa9_0' is selected.
13:05:21 INFO  : 'con' command is executed.
13:05:21 INFO  : ----------------XSDB Script (After Launch)----------------
targets -set -nocase -filter {name =~ "ARM*#0" && jtag_cable_name =~ "Digilent JTAG-HS1 210512180081"} -index 0
con
----------------End of Script----------------

13:05:21 INFO  : Launch script is exported to file 'D:\Work\fpga\zynq_cam_isp_demo\zynq_cam_isp_demo.sdk\.sdk\launch_scripts\xilinx_c-c++_application_(system_debugger)\system_debugger_using_debug_dualcam.elf_on_local.tcl'
13:05:33 INFO  : Disconnected from the channel tcfchan#3.
13:22:59 INFO  : Registering command handlers for SDK TCF services
13:22:59 INFO  : Launching XSCT server: xsct.bat -interactive D:\Work\fpga\zynq_cam_isp_demo\zynq_cam_isp_demo.sdk\temp_xsdb_launch_script.tcl
13:23:00 INFO  : XSCT server has started successfully.
13:23:00 INFO  : Successfully done setting XSCT server connection channel  
13:23:01 INFO  : Successfully done setting SDK workspace  
13:23:01 INFO  : Processing command line option -hwspec D:/Work/fpga/zynq_cam_isp_demo/zynq_cam_isp_demo.sdk/base_wrapper.hdf.
13:23:36 INFO  : Refreshed build settings on project base
13:24:57 INFO  : 'targets -set -filter {jtag_cable_name =~ "Digilent JTAG-HS1 210512180081" && level==0} -index 1' command is executed.
13:24:57 INFO  : 'fpga -state' command is executed.
13:24:58 INFO  : Memory regions updated for context APU
13:25:08 INFO  : Connected to target on host '127.0.0.1' and port '3121'.
13:25:09 INFO  : Jtag cable 'Digilent JTAG-HS1 210512180081' is selected.
13:25:09 INFO  : 'jtag frequency' command is executed.
13:25:09 INFO  : Sourcing of 'D:/Work/fpga/zynq_cam_isp_demo/zynq_cam_isp_demo.sdk/base_wrapper_hw_platform_0/ps7_init.tcl' is done.
13:25:09 INFO  : Context for 'APU' is selected.
13:25:09 INFO  : System reset is completed.
13:25:12 INFO  : 'after 3000' command is executed.
13:25:12 INFO  : 'targets -set -filter {jtag_cable_name =~ "Digilent JTAG-HS1 210512180081" && level==0} -index 1' command is executed.
13:25:15 INFO  : FPGA configured successfully with bitstream "D:/Work/fpga/zynq_cam_isp_demo/zynq_cam_isp_demo.sdk/base_wrapper_hw_platform_0/base_wrapper.bit"
13:25:15 INFO  : Context for 'APU' is selected.
13:25:15 INFO  : Hardware design information is loaded from 'D:/Work/fpga/zynq_cam_isp_demo/zynq_cam_isp_demo.sdk/base_wrapper_hw_platform_0/system.hdf'.
13:25:15 INFO  : 'configparams force-mem-access 1' command is executed.
13:25:15 INFO  : Context for 'APU' is selected.
13:25:16 INFO  : 'ps7_init' command is executed.
13:25:16 INFO  : 'ps7_post_config' command is executed.
13:25:16 INFO  : Context for processor 'ps7_cortexa9_0' is selected.
13:25:16 INFO  : The application 'D:/Work/fpga/zynq_cam_isp_demo/zynq_cam_isp_demo.sdk/base/Debug/base.elf' is downloaded to processor 'ps7_cortexa9_0'.
13:25:16 INFO  : 'configparams force-mem-access 0' command is executed.
13:25:16 INFO  : ----------------XSDB Script----------------
connect -url tcp:127.0.0.1:3121
source D:/Work/fpga/zynq_cam_isp_demo/zynq_cam_isp_demo.sdk/base_wrapper_hw_platform_0/ps7_init.tcl
targets -set -nocase -filter {name =~"APU*" && jtag_cable_name =~ "Digilent JTAG-HS1 210512180081"} -index 0
rst -system
after 3000
targets -set -filter {jtag_cable_name =~ "Digilent JTAG-HS1 210512180081" && level==0} -index 1
fpga -file D:/Work/fpga/zynq_cam_isp_demo/zynq_cam_isp_demo.sdk/base_wrapper_hw_platform_0/base_wrapper.bit
targets -set -nocase -filter {name =~"APU*" && jtag_cable_name =~ "Digilent JTAG-HS1 210512180081"} -index 0
loadhw -hw D:/Work/fpga/zynq_cam_isp_demo/zynq_cam_isp_demo.sdk/base_wrapper_hw_platform_0/system.hdf -mem-ranges [list {0x40000000 0xbfffffff}]
configparams force-mem-access 1
targets -set -nocase -filter {name =~"APU*" && jtag_cable_name =~ "Digilent JTAG-HS1 210512180081"} -index 0
ps7_init
ps7_post_config
targets -set -nocase -filter {name =~ "ARM*#0" && jtag_cable_name =~ "Digilent JTAG-HS1 210512180081"} -index 0
dow D:/Work/fpga/zynq_cam_isp_demo/zynq_cam_isp_demo.sdk/base/Debug/base.elf
configparams force-mem-access 0
----------------End of Script----------------

13:25:16 INFO  : Memory regions updated for context APU
13:25:16 INFO  : Context for processor 'ps7_cortexa9_0' is selected.
13:25:16 INFO  : 'con' command is executed.
13:25:16 INFO  : ----------------XSDB Script (After Launch)----------------
targets -set -nocase -filter {name =~ "ARM*#0" && jtag_cable_name =~ "Digilent JTAG-HS1 210512180081"} -index 0
con
----------------End of Script----------------

13:25:16 INFO  : Launch script is exported to file 'D:\Work\fpga\zynq_cam_isp_demo\zynq_cam_isp_demo.sdk\.sdk\launch_scripts\xilinx_c-c++_application_(system_debugger)\system_debugger_using_debug_base.elf_on_local.tcl'
13:25:27 INFO  : Disconnected from the channel tcfchan#1.
13:34:30 INFO  : Registering command handlers for SDK TCF services
13:34:31 INFO  : Launching XSCT server: xsct.bat -interactive D:\Work\fpga\zynq_cam_isp_demo\zynq_cam_isp_demo.sdk\temp_xsdb_launch_script.tcl
13:34:32 INFO  : XSCT server has started successfully.
13:34:32 INFO  : Successfully done setting XSCT server connection channel  
13:34:32 INFO  : Successfully done setting SDK workspace  
13:35:20 INFO  : Connected to target on host '127.0.0.1' and port '3121'.
13:35:21 INFO  : Jtag cable 'Digilent JTAG-HS1 210512180081' is selected.
13:35:21 INFO  : 'jtag frequency' command is executed.
13:35:21 INFO  : Sourcing of 'D:/Work/fpga/zynq_cam_isp_demo/zynq_cam_isp_demo.sdk/h264_wrapper_hw_platform_0/ps7_init.tcl' is done.
13:35:21 INFO  : Context for 'APU' is selected.
13:35:21 INFO  : System reset is completed.
13:35:24 INFO  : 'after 3000' command is executed.
13:35:24 INFO  : 'targets -set -filter {jtag_cable_name =~ "Digilent JTAG-HS1 210512180081" && level==0} -index 1' command is executed.
13:35:28 INFO  : FPGA configured successfully with bitstream "D:/Work/fpga/zynq_cam_isp_demo/zynq_cam_isp_demo.sdk/h264_wrapper_hw_platform_0/h264_wrapper.bit"
13:35:28 INFO  : Context for 'APU' is selected.
13:35:28 INFO  : Hardware design information is loaded from 'D:/Work/fpga/zynq_cam_isp_demo/zynq_cam_isp_demo.sdk/h264_wrapper_hw_platform_0/system.hdf'.
13:35:28 INFO  : 'configparams force-mem-access 1' command is executed.
13:35:28 INFO  : Context for 'APU' is selected.
13:35:28 INFO  : 'ps7_init' command is executed.
13:35:28 INFO  : 'ps7_post_config' command is executed.
13:35:28 INFO  : Context for processor 'ps7_cortexa9_0' is selected.
13:35:29 INFO  : The application 'D:/Work/fpga/zynq_cam_isp_demo/zynq_cam_isp_demo.sdk/h264/Debug/h264.elf' is downloaded to processor 'ps7_cortexa9_0'.
13:35:29 INFO  : 'configparams force-mem-access 0' command is executed.
13:35:29 INFO  : ----------------XSDB Script----------------
connect -url tcp:127.0.0.1:3121
source D:/Work/fpga/zynq_cam_isp_demo/zynq_cam_isp_demo.sdk/h264_wrapper_hw_platform_0/ps7_init.tcl
targets -set -nocase -filter {name =~"APU*" && jtag_cable_name =~ "Digilent JTAG-HS1 210512180081"} -index 0
rst -system
after 3000
targets -set -filter {jtag_cable_name =~ "Digilent JTAG-HS1 210512180081" && level==0} -index 1
fpga -file D:/Work/fpga/zynq_cam_isp_demo/zynq_cam_isp_demo.sdk/h264_wrapper_hw_platform_0/h264_wrapper.bit
targets -set -nocase -filter {name =~"APU*" && jtag_cable_name =~ "Digilent JTAG-HS1 210512180081"} -index 0
loadhw -hw D:/Work/fpga/zynq_cam_isp_demo/zynq_cam_isp_demo.sdk/h264_wrapper_hw_platform_0/system.hdf -mem-ranges [list {0x40000000 0xbfffffff}]
configparams force-mem-access 1
targets -set -nocase -filter {name =~"APU*" && jtag_cable_name =~ "Digilent JTAG-HS1 210512180081"} -index 0
ps7_init
ps7_post_config
targets -set -nocase -filter {name =~ "ARM*#0" && jtag_cable_name =~ "Digilent JTAG-HS1 210512180081"} -index 0
dow D:/Work/fpga/zynq_cam_isp_demo/zynq_cam_isp_demo.sdk/h264/Debug/h264.elf
configparams force-mem-access 0
----------------End of Script----------------

13:35:29 INFO  : Memory regions updated for context APU
13:35:29 INFO  : Context for processor 'ps7_cortexa9_0' is selected.
13:35:29 INFO  : 'con' command is executed.
13:35:29 INFO  : ----------------XSDB Script (After Launch)----------------
targets -set -nocase -filter {name =~ "ARM*#0" && jtag_cable_name =~ "Digilent JTAG-HS1 210512180081"} -index 0
con
----------------End of Script----------------

13:35:29 INFO  : Launch script is exported to file 'D:\Work\fpga\zynq_cam_isp_demo\zynq_cam_isp_demo.sdk\.sdk\launch_scripts\xilinx_c-c++_application_(system_debugger)\system_debugger_using_debug_h264.elf_on_local.tcl'
13:39:03 INFO  : Disconnected from the channel tcfchan#1.
13:39:04 INFO  : Connected to target on host '127.0.0.1' and port '3121'.
13:39:04 INFO  : Jtag cable 'Digilent JTAG-HS1 210512180081' is selected.
13:39:04 INFO  : 'jtag frequency' command is executed.
13:39:04 INFO  : Sourcing of 'D:/Work/fpga/zynq_cam_isp_demo/zynq_cam_isp_demo.sdk/h264_wrapper_hw_platform_0/ps7_init.tcl' is done.
13:39:04 INFO  : Context for 'APU' is selected.
13:39:04 INFO  : System reset is completed.
13:39:07 INFO  : 'after 3000' command is executed.
13:39:07 INFO  : 'targets -set -filter {jtag_cable_name =~ "Digilent JTAG-HS1 210512180081" && level==0} -index 1' command is executed.
13:39:10 INFO  : FPGA configured successfully with bitstream "D:/Work/fpga/zynq_cam_isp_demo/zynq_cam_isp_demo.sdk/h264_wrapper_hw_platform_0/h264_wrapper.bit"
13:39:10 INFO  : Context for 'APU' is selected.
13:39:10 INFO  : Hardware design information is loaded from 'D:/Work/fpga/zynq_cam_isp_demo/zynq_cam_isp_demo.sdk/h264_wrapper_hw_platform_0/system.hdf'.
13:39:10 INFO  : 'configparams force-mem-access 1' command is executed.
13:39:10 INFO  : Context for 'APU' is selected.
13:39:11 INFO  : 'ps7_init' command is executed.
13:39:11 INFO  : 'ps7_post_config' command is executed.
13:39:11 INFO  : Context for processor 'ps7_cortexa9_0' is selected.
13:39:11 INFO  : The application 'D:/Work/fpga/zynq_cam_isp_demo/zynq_cam_isp_demo.sdk/h264/Debug/h264.elf' is downloaded to processor 'ps7_cortexa9_0'.
13:39:11 INFO  : 'configparams force-mem-access 0' command is executed.
13:39:11 INFO  : ----------------XSDB Script----------------
connect -url tcp:127.0.0.1:3121
source D:/Work/fpga/zynq_cam_isp_demo/zynq_cam_isp_demo.sdk/h264_wrapper_hw_platform_0/ps7_init.tcl
targets -set -nocase -filter {name =~"APU*" && jtag_cable_name =~ "Digilent JTAG-HS1 210512180081"} -index 0
rst -system
after 3000
targets -set -filter {jtag_cable_name =~ "Digilent JTAG-HS1 210512180081" && level==0} -index 1
fpga -file D:/Work/fpga/zynq_cam_isp_demo/zynq_cam_isp_demo.sdk/h264_wrapper_hw_platform_0/h264_wrapper.bit
targets -set -nocase -filter {name =~"APU*" && jtag_cable_name =~ "Digilent JTAG-HS1 210512180081"} -index 0
loadhw -hw D:/Work/fpga/zynq_cam_isp_demo/zynq_cam_isp_demo.sdk/h264_wrapper_hw_platform_0/system.hdf -mem-ranges [list {0x40000000 0xbfffffff}]
configparams force-mem-access 1
targets -set -nocase -filter {name =~"APU*" && jtag_cable_name =~ "Digilent JTAG-HS1 210512180081"} -index 0
ps7_init
ps7_post_config
targets -set -nocase -filter {name =~ "ARM*#0" && jtag_cable_name =~ "Digilent JTAG-HS1 210512180081"} -index 0
dow D:/Work/fpga/zynq_cam_isp_demo/zynq_cam_isp_demo.sdk/h264/Debug/h264.elf
configparams force-mem-access 0
----------------End of Script----------------

13:39:11 INFO  : Memory regions updated for context APU
13:39:12 INFO  : Context for processor 'ps7_cortexa9_0' is selected.
13:39:12 INFO  : 'con' command is executed.
13:39:12 INFO  : ----------------XSDB Script (After Launch)----------------
targets -set -nocase -filter {name =~ "ARM*#0" && jtag_cable_name =~ "Digilent JTAG-HS1 210512180081"} -index 0
con
----------------End of Script----------------

13:39:12 INFO  : Launch script is exported to file 'D:\Work\fpga\zynq_cam_isp_demo\zynq_cam_isp_demo.sdk\.sdk\launch_scripts\xilinx_c-c++_application_(system_debugger)\system_debugger_using_debug_h264.elf_on_local.tcl'
13:44:11 INFO  : Disconnected from the channel tcfchan#2.
13:44:12 INFO  : Connected to target on host '127.0.0.1' and port '3121'.
13:44:12 INFO  : Jtag cable 'Digilent JTAG-HS1 210512180081' is selected.
13:44:12 INFO  : 'jtag frequency' command is executed.
13:44:12 INFO  : Sourcing of 'D:/Work/fpga/zynq_cam_isp_demo/zynq_cam_isp_demo.sdk/h264_wrapper_hw_platform_0/ps7_init.tcl' is done.
13:44:12 INFO  : Context for 'APU' is selected.
13:44:13 INFO  : System reset is completed.
13:44:16 INFO  : 'after 3000' command is executed.
13:44:16 INFO  : 'targets -set -filter {jtag_cable_name =~ "Digilent JTAG-HS1 210512180081" && level==0} -index 1' command is executed.
13:44:19 INFO  : FPGA configured successfully with bitstream "D:/Work/fpga/zynq_cam_isp_demo/zynq_cam_isp_demo.sdk/h264_wrapper_hw_platform_0/h264_wrapper.bit"
13:44:19 INFO  : Context for 'APU' is selected.
13:44:19 INFO  : Hardware design information is loaded from 'D:/Work/fpga/zynq_cam_isp_demo/zynq_cam_isp_demo.sdk/h264_wrapper_hw_platform_0/system.hdf'.
13:44:19 INFO  : 'configparams force-mem-access 1' command is executed.
13:44:19 INFO  : Context for 'APU' is selected.
13:44:19 INFO  : 'ps7_init' command is executed.
13:44:19 INFO  : 'ps7_post_config' command is executed.
13:44:19 INFO  : Context for processor 'ps7_cortexa9_0' is selected.
13:44:20 INFO  : The application 'D:/Work/fpga/zynq_cam_isp_demo/zynq_cam_isp_demo.sdk/h264/Debug/h264.elf' is downloaded to processor 'ps7_cortexa9_0'.
13:44:20 INFO  : 'configparams force-mem-access 0' command is executed.
13:44:20 INFO  : ----------------XSDB Script----------------
connect -url tcp:127.0.0.1:3121
source D:/Work/fpga/zynq_cam_isp_demo/zynq_cam_isp_demo.sdk/h264_wrapper_hw_platform_0/ps7_init.tcl
targets -set -nocase -filter {name =~"APU*" && jtag_cable_name =~ "Digilent JTAG-HS1 210512180081"} -index 0
rst -system
after 3000
targets -set -filter {jtag_cable_name =~ "Digilent JTAG-HS1 210512180081" && level==0} -index 1
fpga -file D:/Work/fpga/zynq_cam_isp_demo/zynq_cam_isp_demo.sdk/h264_wrapper_hw_platform_0/h264_wrapper.bit
targets -set -nocase -filter {name =~"APU*" && jtag_cable_name =~ "Digilent JTAG-HS1 210512180081"} -index 0
loadhw -hw D:/Work/fpga/zynq_cam_isp_demo/zynq_cam_isp_demo.sdk/h264_wrapper_hw_platform_0/system.hdf -mem-ranges [list {0x40000000 0xbfffffff}]
configparams force-mem-access 1
targets -set -nocase -filter {name =~"APU*" && jtag_cable_name =~ "Digilent JTAG-HS1 210512180081"} -index 0
ps7_init
ps7_post_config
targets -set -nocase -filter {name =~ "ARM*#0" && jtag_cable_name =~ "Digilent JTAG-HS1 210512180081"} -index 0
dow D:/Work/fpga/zynq_cam_isp_demo/zynq_cam_isp_demo.sdk/h264/Debug/h264.elf
configparams force-mem-access 0
----------------End of Script----------------

13:44:20 INFO  : Memory regions updated for context APU
13:44:20 INFO  : Context for processor 'ps7_cortexa9_0' is selected.
13:44:20 INFO  : 'con' command is executed.
13:44:20 INFO  : ----------------XSDB Script (After Launch)----------------
targets -set -nocase -filter {name =~ "ARM*#0" && jtag_cable_name =~ "Digilent JTAG-HS1 210512180081"} -index 0
con
----------------End of Script----------------

13:44:20 INFO  : Launch script is exported to file 'D:\Work\fpga\zynq_cam_isp_demo\zynq_cam_isp_demo.sdk\.sdk\launch_scripts\xilinx_c-c++_application_(system_debugger)\system_debugger_using_debug_h264.elf_on_local.tcl'
19:06:08 INFO  : Disconnected from the channel tcfchan#3.
01:02:57 INFO  : Registering command handlers for SDK TCF services
01:02:58 INFO  : Launching XSCT server: xsct.bat -interactive D:\Work\fpga\zynq_cam_isp_demo\zynq_cam_isp_demo.sdk\temp_xsdb_launch_script.tcl
01:03:01 INFO  : XSCT server has started successfully.
01:03:01 INFO  : Successfully done setting XSCT server connection channel  
01:03:01 INFO  : Successfully done setting SDK workspace  
01:03:01 INFO  : Processing command line option -hwspec D:/Work/fpga/zynq_cam_isp_demo/zynq_cam_isp_demo.sdk/base_wrapper.hdf.
01:03:01 INFO  : Checking for hwspec changes in the project base_wrapper_hw_platform_0.
01:03:04 INFO  : SDK has detected change in the last modified timestamps for source hardware specification file Source:1655744527577,  Project:1655011310140
01:03:04 INFO  : The hardware specification for project 'base_wrapper_hw_platform_0' is different from D:/Work/fpga/zynq_cam_isp_demo/zynq_cam_isp_demo.sdk/base_wrapper.hdf.
01:03:05 INFO  : Copied contents of D:/Work/fpga/zynq_cam_isp_demo/zynq_cam_isp_demo.sdk/base_wrapper.hdf into \base_wrapper_hw_platform_0\system.hdf.
01:03:08 INFO  : Synchronizing projects in the workspace with the hardware platform specification changes.
01:03:10 INFO  : 
01:03:11 INFO  : Updating hardware inferred compiler options for base.
01:03:11 INFO  : Clearing existing target manager status.
01:03:11 INFO  : Workspace synchronized with the new hardware specification file. Cleaning dependent projects...
01:03:14 WARN  : Linker script will not be updated automatically. Users need to update it manually.
01:03:48 INFO  : Connected to target on host '127.0.0.1' and port '3121'.
01:03:49 INFO  : Jtag cable 'Digilent JTAG-HS1 210512180081' is selected.
01:03:49 INFO  : 'jtag frequency' command is executed.
01:03:49 INFO  : Sourcing of 'D:/Work/fpga/zynq_cam_isp_demo/zynq_cam_isp_demo.sdk/base_wrapper_hw_platform_0/ps7_init.tcl' is done.
01:03:49 INFO  : Context for 'APU' is selected.
01:03:49 INFO  : System reset is completed.
01:03:52 INFO  : 'after 3000' command is executed.
01:03:52 INFO  : 'targets -set -filter {jtag_cable_name =~ "Digilent JTAG-HS1 210512180081" && level==0} -index 1' command is executed.
01:03:56 INFO  : FPGA configured successfully with bitstream "D:/Work/fpga/zynq_cam_isp_demo/zynq_cam_isp_demo.sdk/base_wrapper_hw_platform_0/base_wrapper.bit"
01:03:56 INFO  : Context for 'APU' is selected.
01:03:56 INFO  : Hardware design information is loaded from 'D:/Work/fpga/zynq_cam_isp_demo/zynq_cam_isp_demo.sdk/base_wrapper_hw_platform_0/system.hdf'.
01:03:56 INFO  : 'configparams force-mem-access 1' command is executed.
01:03:56 INFO  : Context for 'APU' is selected.
01:03:56 INFO  : 'ps7_init' command is executed.
01:03:56 INFO  : 'ps7_post_config' command is executed.
01:03:56 INFO  : Context for processor 'ps7_cortexa9_0' is selected.
01:03:57 INFO  : The application 'D:/Work/fpga/zynq_cam_isp_demo/zynq_cam_isp_demo.sdk/base/Debug/base.elf' is downloaded to processor 'ps7_cortexa9_0'.
01:03:57 INFO  : 'configparams force-mem-access 0' command is executed.
01:03:57 INFO  : ----------------XSDB Script----------------
connect -url tcp:127.0.0.1:3121
source D:/Work/fpga/zynq_cam_isp_demo/zynq_cam_isp_demo.sdk/base_wrapper_hw_platform_0/ps7_init.tcl
targets -set -nocase -filter {name =~"APU*" && jtag_cable_name =~ "Digilent JTAG-HS1 210512180081"} -index 0
rst -system
after 3000
targets -set -filter {jtag_cable_name =~ "Digilent JTAG-HS1 210512180081" && level==0} -index 1
fpga -file D:/Work/fpga/zynq_cam_isp_demo/zynq_cam_isp_demo.sdk/base_wrapper_hw_platform_0/base_wrapper.bit
targets -set -nocase -filter {name =~"APU*" && jtag_cable_name =~ "Digilent JTAG-HS1 210512180081"} -index 0
loadhw -hw D:/Work/fpga/zynq_cam_isp_demo/zynq_cam_isp_demo.sdk/base_wrapper_hw_platform_0/system.hdf -mem-ranges [list {0x40000000 0xbfffffff}]
configparams force-mem-access 1
targets -set -nocase -filter {name =~"APU*" && jtag_cable_name =~ "Digilent JTAG-HS1 210512180081"} -index 0
ps7_init
ps7_post_config
targets -set -nocase -filter {name =~ "ARM*#0" && jtag_cable_name =~ "Digilent JTAG-HS1 210512180081"} -index 0
dow D:/Work/fpga/zynq_cam_isp_demo/zynq_cam_isp_demo.sdk/base/Debug/base.elf
configparams force-mem-access 0
----------------End of Script----------------

01:03:57 INFO  : Memory regions updated for context APU
01:03:57 INFO  : Context for processor 'ps7_cortexa9_0' is selected.
01:03:57 INFO  : 'con' command is executed.
01:03:57 INFO  : ----------------XSDB Script (After Launch)----------------
targets -set -nocase -filter {name =~ "ARM*#0" && jtag_cable_name =~ "Digilent JTAG-HS1 210512180081"} -index 0
con
----------------End of Script----------------

01:03:57 INFO  : Launch script is exported to file 'D:\Work\fpga\zynq_cam_isp_demo\zynq_cam_isp_demo.sdk\.sdk\launch_scripts\xilinx_c-c++_application_(system_debugger)\system_debugger_using_debug_base.elf_on_local.tcl'
01:04:03 INFO  : Disconnected from the channel tcfchan#1.
