Copyright 1986-2021 Xilinx, Inc. All Rights Reserved.
------------------------------------------------------------------------------------
| Tool Version : Vivado v.2021.1 (win64) Build 3247384 Thu Jun 10 19:36:33 MDT 2021
| Date         : Wed Sep 28 20:14:19 2022
| Host         : LEGION-BIANXINQUAN running 64-bit major release  (build 9200)
| Command      : upgrade_ip
| Device       : xc7z020clg400-2
------------------------------------------------------------------------------------

Upgrade Log for IP 'base_video_to_axis_2_0'

1. Summary
----------

SUCCESS in the conversion of base_video_to_axis_2_0 (bxq.com:user:video_to_axis:1.0 (Rev. 7)) to Vivado generation flows.






Copyright 1986-2021 Xilinx, Inc. All Rights Reserved.
------------------------------------------------------------------------------------
| Tool Version : Vivado v.2021.1 (win64) Build 3247384 Thu Jun 10 19:36:33 MDT 2021
| Date         : Wed Sep 28 20:14:19 2022
| Host         : LEGION-BIANXINQUAN running 64-bit major release  (build 9200)
| Command      : upgrade_ip
| Device       : xc7z020clg400-2
------------------------------------------------------------------------------------

Upgrade Log for IP 'base_video_to_axis_1_0'

1. Summary
----------

SUCCESS in the conversion of base_video_to_axis_1_0 (bxq.com:user:video_to_axis:1.0 (Rev. 7)) to Vivado generation flows.






Copyright 1986-2021 Xilinx, Inc. All Rights Reserved.
------------------------------------------------------------------------------------
| Tool Version : Vivado v.2021.1 (win64) Build 3247384 Thu Jun 10 19:36:33 MDT 2021
| Date         : Wed Sep 28 20:14:19 2022
| Host         : LEGION-BIANXINQUAN running 64-bit major release  (build 9200)
| Command      : upgrade_ip
| Device       : xc7z020clg400-2
------------------------------------------------------------------------------------

Upgrade Log for IP 'base_video_to_axis_0_0'

1. Summary
----------

SUCCESS in the conversion of base_video_to_axis_0_0 (bxq.com:user:video_to_axis:1.0 (Rev. 7)) to Vivado generation flows.






Copyright 1986-2021 Xilinx, Inc. All Rights Reserved.
------------------------------------------------------------------------------------
| Tool Version : Vivado v.2021.1 (win64) Build 3247384 Thu Jun 10 19:36:33 MDT 2021
| Date         : Wed Sep 28 20:14:01 2022
| Host         : LEGION-BIANXINQUAN running 64-bit major release  (build 9200)
| Command      : upgrade_ip
| Device       : xc7z020clg400-2
------------------------------------------------------------------------------------

Upgrade Log for IP 'base_video_to_axis_2_0'

1. Summary
----------

SUCCESS in the upgrade of base_video_to_axis_2_0 (bxq.com:user:video_to_axis:1.0) from (Rev. 6) to (Rev. 7)






Copyright 1986-2021 Xilinx, Inc. All Rights Reserved.
------------------------------------------------------------------------------------
| Tool Version : Vivado v.2021.1 (win64) Build 3247384 Thu Jun 10 19:36:33 MDT 2021
| Date         : Wed Sep 28 20:14:01 2022
| Host         : LEGION-BIANXINQUAN running 64-bit major release  (build 9200)
| Command      : upgrade_ip
| Device       : xc7z020clg400-2
------------------------------------------------------------------------------------

Upgrade Log for IP 'base_video_to_axis_1_0'

1. Summary
----------

SUCCESS in the upgrade of base_video_to_axis_1_0 (bxq.com:user:video_to_axis:1.0) from (Rev. 6) to (Rev. 7)






Copyright 1986-2021 Xilinx, Inc. All Rights Reserved.
------------------------------------------------------------------------------------
| Tool Version : Vivado v.2021.1 (win64) Build 3247384 Thu Jun 10 19:36:33 MDT 2021
| Date         : Wed Sep 28 20:14:01 2022
| Host         : LEGION-BIANXINQUAN running 64-bit major release  (build 9200)
| Command      : upgrade_ip
| Device       : xc7z020clg400-2
------------------------------------------------------------------------------------

Upgrade Log for IP 'base_video_to_axis_0_0'

1. Summary
----------

SUCCESS in the upgrade of base_video_to_axis_0_0 (bxq.com:user:video_to_axis:1.0) from (Rev. 6) to (Rev. 7)






Copyright 1986-2021 Xilinx, Inc. All Rights Reserved.
------------------------------------------------------------------------------------
| Tool Version : Vivado v.2021.1 (win64) Build 3247384 Thu Jun 10 19:36:33 MDT 2021
| Date         : Wed Sep 28 20:11:29 2022
| Host         : LEGION-BIANXINQUAN running 64-bit major release  (build 9200)
| Command      : upgrade_ip
| Device       : xc7z020clg400-2
------------------------------------------------------------------------------------

Upgrade Log for IP 'base_video_to_axis_2_0'

1. Summary
----------

CAUTION (success, with warnings) in the upgrade of base_video_to_axis_2_0 (bxq.com:user:video_to_axis:1.0) from (Rev. 5) to (Rev. 6)

After upgrade, an IP may have parameter and port differences compared to the original customization. Please review the parameters within the IP customization GUI to ensure proper functionality. Also, please review the updated IP instantiation template to ensure proper connectivity, and update your design if required.

2. Interface Information
------------------------

Detected external interface differences while upgrading 'base_video_to_axis_2_0'.


-Upgrade has added interface 'vid_ce' (xilinx.com:signal:clockenable:1.0)


3. Connection Warnings
----------------------

Detected external port differences while upgrading 'base_video_to_axis_2_0'. These changes may impact your design.


-Upgrade has added port 'vid_ce'







Copyright 1986-2021 Xilinx, Inc. All Rights Reserved.
------------------------------------------------------------------------------------
| Tool Version : Vivado v.2021.1 (win64) Build 3247384 Thu Jun 10 19:36:33 MDT 2021
| Date         : Wed Sep 28 20:11:29 2022
| Host         : LEGION-BIANXINQUAN running 64-bit major release  (build 9200)
| Command      : upgrade_ip
| Device       : xc7z020clg400-2
------------------------------------------------------------------------------------

Upgrade Log for IP 'base_video_to_axis_1_0'

1. Summary
----------

CAUTION (success, with warnings) in the upgrade of base_video_to_axis_1_0 (bxq.com:user:video_to_axis:1.0) from (Rev. 5) to (Rev. 6)

After upgrade, an IP may have parameter and port differences compared to the original customization. Please review the parameters within the IP customization GUI to ensure proper functionality. Also, please review the updated IP instantiation template to ensure proper connectivity, and update your design if required.

2. Interface Information
------------------------

Detected external interface differences while upgrading 'base_video_to_axis_1_0'.


-Upgrade has added interface 'vid_ce' (xilinx.com:signal:clockenable:1.0)


3. Connection Warnings
----------------------

Detected external port differences while upgrading 'base_video_to_axis_1_0'. These changes may impact your design.


-Upgrade has added port 'vid_ce'







Copyright 1986-2021 Xilinx, Inc. All Rights Reserved.
------------------------------------------------------------------------------------
| Tool Version : Vivado v.2021.1 (win64) Build 3247384 Thu Jun 10 19:36:33 MDT 2021
| Date         : Wed Sep 28 20:11:29 2022
| Host         : LEGION-BIANXINQUAN running 64-bit major release  (build 9200)
| Command      : upgrade_ip
| Device       : xc7z020clg400-2
------------------------------------------------------------------------------------

Upgrade Log for IP 'base_video_to_axis_0_0'

1. Summary
----------

CAUTION (success, with warnings) in the upgrade of base_video_to_axis_0_0 (bxq.com:user:video_to_axis:1.0) from (Rev. 5) to (Rev. 6)

After upgrade, an IP may have parameter and port differences compared to the original customization. Please review the parameters within the IP customization GUI to ensure proper functionality. Also, please review the updated IP instantiation template to ensure proper connectivity, and update your design if required.

2. Interface Information
------------------------

Detected external interface differences while upgrading 'base_video_to_axis_0_0'.


-Upgrade has added interface 'vid_ce' (xilinx.com:signal:clockenable:1.0)


3. Connection Warnings
----------------------

Detected external port differences while upgrading 'base_video_to_axis_0_0'. These changes may impact your design.


-Upgrade has added port 'vid_ce'


