#-----------------------------------------------------------
# Webtalk v2018.3 (64-bit)
# SW Build 2405991 on Thu Dec  6 23:38:27 MST 2018
# 
# Start of session at: Sun Jun 12 13:01:24 2022
# Process ID: 20200
# Current directory: D:/Work/fpga/zynq_cam_isp_demo/zynq_cam_isp_demo.sdk/webtalk
# Command line: wbtcv.exe -mode batch -source sdk_webtalk.tcl
# Log file: D:/Work/fpga/zynq_cam_isp_demo/zynq_cam_isp_demo.sdk/webtalk/webtalk.log
# Journal file: D:/Work/fpga/zynq_cam_isp_demo/zynq_cam_isp_demo.sdk/webtalk\webtalk.jou
#-----------------------------------------------------------
source sdk_webtalk.tcl
# webtalk_init -webtalk_dir D:\\Work\\fpga\\zynq_cam_isp_demo\\zynq_cam_isp_demo.sdk\\webtalk
# webtalk_register_client -client project
# webtalk_add_data -client project -key date_generated -value "2022-06-12 13:01:20" -context "software_version_and_target_device"
# webtalk_add_data -client project -key product_version -value "SDK v2018.3" -context "software_version_and_target_device"
# webtalk_add_data -client project -key build_version -value "2018.3" -context "software_version_and_target_device"
# webtalk_add_data -client project -key os_platform -value "amd64" -context "software_version_and_target_device"
# webtalk_add_data -client project -key registration_id -value "" -context "software_version_and_target_device"
# webtalk_add_data -client project -key tool_flow -value "SDK" -context "software_version_and_target_device"
# webtalk_add_data -client project -key beta -value "false" -context "software_version_and_target_device"
# webtalk_add_data -client project -key route_design -value "NA" -context "software_version_and_target_device"
# webtalk_add_data -client project -key target_family -value "NA" -context "software_version_and_target_device"
# webtalk_add_data -client project -key target_device -value "NA" -context "software_version_and_target_device"
# webtalk_add_data -client project -key target_package -value "NA" -context "software_version_and_target_device"
# webtalk_add_data -client project -key target_speed -value "NA" -context "software_version_and_target_device"
# webtalk_add_data -client project -key random_id -value "r40i7d4t7875rjpe57dagouf5s" -context "software_version_and_target_device"
# webtalk_add_data -client project -key project_id -value "2018.3_338" -context "software_version_and_target_device"
# webtalk_add_data -client project -key project_iteration -value "338" -context "software_version_and_target_device"
# webtalk_add_data -client project -key os_name -value "Microsoft Windows 8 or later , 64-bit" -context "user_environment"
# webtalk_add_data -client project -key os_release -value "major release  (build 9200)" -context "user_environment"
# webtalk_add_data -client project -key cpu_name -value "11th Gen Intel(R) Core(TM) i5-11400H @ 2.70GHz" -context "user_environment"
# webtalk_add_data -client project -key cpu_speed -value "2688 MHz" -context "user_environment"
# webtalk_add_data -client project -key total_processors -value "1" -context "user_environment"
# webtalk_add_data -client project -key system_ram -value "17.007 GB" -context "user_environment"
# webtalk_register_client -client sdk
# webtalk_add_data -client sdk -key uid -value "1655007887346" -context "sdk\\\\bsp/1655007887346"
# webtalk_add_data -client sdk -key hwid -value "1655006728009" -context "sdk\\\\bsp/1655007887346"
# webtalk_add_data -client sdk -key os -value "standalone" -context "sdk\\\\bsp/1655007887346"
# webtalk_add_data -client sdk -key apptemplate -value "empty_application" -context "sdk\\\\bsp/1655007887346"
# webtalk_add_data -client sdk -key RecordType -value "BSPCreation" -context "sdk\\\\bsp/1655007887346"
# webtalk_add_data -client sdk -key uid -value "1655007888330" -context "sdk\\\\application/1655007888330"
# webtalk_add_data -client sdk -key hwid -value "1655006728009" -context "sdk\\\\application/1655007888330"
# webtalk_add_data -client sdk -key bspid -value "1655007887346" -context "sdk\\\\application/1655007888330"
# webtalk_add_data -client sdk -key newbsp -value "true" -context "sdk\\\\application/1655007888330"
# webtalk_add_data -client sdk -key os -value "standalone" -context "sdk\\\\application/1655007888330"
# webtalk_add_data -client sdk -key apptemplate -value "empty_application" -context "sdk\\\\application/1655007888330"
# webtalk_add_data -client sdk -key RecordType -value "APPCreation" -context "sdk\\\\application/1655007888330"
# webtalk_add_data -client sdk -key LangUsed -value "C" -context "sdk\\\\application/1655007888330"
# webtalk_add_data -client sdk -key Procused -value "ps7_cortexa9" -context "sdk\\\\application/1655007888330"
# webtalk_add_data -client sdk -key uid -value "1655007972708" -context "sdk\\\\bsp/1655007972708"
# webtalk_add_data -client sdk -key hwid -value "1655006728009" -context "sdk\\\\bsp/1655007972708"
# webtalk_add_data -client sdk -key os -value "standalone" -context "sdk\\\\bsp/1655007972708"
# webtalk_add_data -client sdk -key apptemplate -value "empty_application" -context "sdk\\\\bsp/1655007972708"
# webtalk_add_data -client sdk -key RecordType -value "BSPCreation" -context "sdk\\\\bsp/1655007972708"
# webtalk_add_data -client sdk -key uid -value "1655007973664" -context "sdk\\\\application/1655007973664"
# webtalk_add_data -client sdk -key hwid -value "1655006728009" -context "sdk\\\\application/1655007973664"
# webtalk_add_data -client sdk -key bspid -value "1655007972708" -context "sdk\\\\application/1655007973664"
# webtalk_add_data -client sdk -key newbsp -value "true" -context "sdk\\\\application/1655007973664"
# webtalk_add_data -client sdk -key os -value "standalone" -context "sdk\\\\application/1655007973664"
# webtalk_add_data -client sdk -key apptemplate -value "empty_application" -context "sdk\\\\application/1655007973664"
# webtalk_add_data -client sdk -key RecordType -value "APPCreation" -context "sdk\\\\application/1655007973664"
# webtalk_add_data -client sdk -key LangUsed -value "C" -context "sdk\\\\application/1655007973664"
# webtalk_add_data -client sdk -key Procused -value "ps7_cortexa9" -context "sdk\\\\application/1655007973664"
# webtalk_add_data -client sdk -key uid -value "NA" -context "sdk\\\\bsp/1655010080274"
# webtalk_add_data -client sdk -key RecordType -value "ToolUsage" -context "sdk\\\\bsp/1655010080274"
# webtalk_add_data -client sdk -key BootgenCount -value "0" -context "sdk\\\\bsp/1655010080274"
# webtalk_add_data -client sdk -key DebugCount -value "1" -context "sdk\\\\bsp/1655010080274"
# webtalk_add_data -client sdk -key PerfCount -value "0" -context "sdk\\\\bsp/1655010080274"
# webtalk_add_data -client sdk -key FlashCount -value "0" -context "sdk\\\\bsp/1655010080274"
# webtalk_add_data -client sdk -key CrossTriggCount -value "0" -context "sdk\\\\bsp/1655010080274"
# webtalk_add_data -client sdk -key QemuDebugCount -value "0" -context "sdk\\\\bsp/1655010080274"
# webtalk_transmit -clientid 2801358 -regid "" -xml D:\\Work\\fpga\\zynq_cam_isp_demo\\zynq_cam_isp_demo.sdk\\webtalk\\usage_statistics_ext_sdk.xml -html D:\\Work\\fpga\\zynq_cam_isp_demo\\zynq_cam_isp_demo.sdk\\webtalk\\usage_statistics_ext_sdk.html -wdm D:\\Work\\fpga\\zynq_cam_isp_demo\\zynq_cam_isp_demo.sdk\\webtalk\\sdk_webtalk.wdm -intro "<H3>SDK Usage Report</H3><BR>"
# webtalk_terminate
INFO: [Common 17-206] Exiting Webtalk at Sun Jun 12 13:01:25 2022...
