21:17:37 INFO  : Registering command handlers for SDK TCF services
21:17:38 INFO  : Launching XSCT server: xsct.bat -interactive D:\Work\fpga\zynq_camera_vdma_lcd\zynq_camera_vdma_lcd.sdk\temp_xsdb_launch_script.tcl
21:17:40 INFO  : XSCT server has started successfully.
21:17:40 INFO  : Successfully done setting XSCT server connection channel  
21:17:40 INFO  : Successfully done setting SDK workspace  
21:17:40 INFO  : Processing command line option -hwspec D:/Work/fpga/zynq_camera_vdma_lcd/zynq_camera_vdma_lcd.sdk/design_1_wrapper.hdf.
21:18:20 INFO  : Registering command handlers for SDK TCF services
21:18:20 INFO  : Launching XSCT server: xsct.bat -interactive D:\Work\fpga\zynq_camera_vdma_lcd\zynq_camera_vdma_lcd.sdk\temp_xsdb_launch_script.tcl
21:18:21 INFO  : XSCT server has started successfully.
21:18:21 INFO  : Successfully done setting XSCT server connection channel  
21:18:21 INFO  : Successfully done setting SDK workspace  
21:18:21 INFO  : Processing command line option -hwspec D:/Work/fpga/zynq_camera_vdma_lcd/zynq_camera_vdma_lcd.sdk/design_1_wrapper.hdf.
21:18:40 INFO  : Refreshed build settings on project zynq_camera_vdma_lcd
21:20:54 INFO  : Registering command handlers for SDK TCF services
21:20:54 INFO  : Launching XSCT server: xsct.bat -interactive D:\Work\fpga\zynq_camera_vdma_lcd\zynq_camera_vdma_lcd.sdk\temp_xsdb_launch_script.tcl
21:20:55 INFO  : XSCT server has started successfully.
21:20:56 INFO  : Successfully done setting XSCT server connection channel  
21:20:56 INFO  : Successfully done setting SDK workspace  
21:20:56 INFO  : Processing command line option -hwspec D:/Work/fpga/zynq_camera_vdma_lcd/zynq_camera_vdma_lcd.sdk/design_1_wrapper.hdf.
21:21:18 INFO  : Refreshed build settings on project zynq_camera_vdma_lcd
21:23:05 INFO  : Registering command handlers for SDK TCF services
21:23:06 INFO  : Launching XSCT server: xsct.bat -interactive D:\Work\fpga\zynq_camera_vdma_lcd\zynq_camera_vdma_lcd.sdk\temp_xsdb_launch_script.tcl
21:23:08 INFO  : XSCT server has started successfully.
21:23:08 INFO  : Successfully done setting XSCT server connection channel  
21:23:08 INFO  : Successfully done setting SDK workspace  
21:23:08 INFO  : Processing command line option -hwspec D:/Work/fpga/zynq_camera_vdma_lcd/zynq_camera_vdma_lcd.sdk/design_1_wrapper.hdf.
21:23:44 INFO  : Refreshed build settings on project zynq_camera_vdma_lcd
21:27:41 INFO  : Registering command handlers for SDK TCF services
21:27:41 INFO  : Launching XSCT server: xsct.bat -interactive D:\Work\fpga\zynq_camera_vdma_lcd\zynq_camera_vdma_lcd.sdk\temp_xsdb_launch_script.tcl
21:27:43 INFO  : XSCT server has started successfully.
21:27:43 INFO  : Successfully done setting XSCT server connection channel  
21:27:43 INFO  : Successfully done setting SDK workspace  
21:27:43 INFO  : Processing command line option -hwspec D:/Work/fpga/zynq_camera_vdma_lcd/zynq_camera_vdma_lcd.sdk/design_1_wrapper.hdf.
21:27:43 INFO  : Checking for hwspec changes in the project design_1_wrapper_hw_platform_0.
21:29:18 INFO  : Connected to target on host '127.0.0.1' and port '3121'.
21:29:18 INFO  : Jtag cable 'Digilent JTAG-HS1 210512180081' is selected.
21:29:18 INFO  : 'jtag frequency' command is executed.
21:29:18 INFO  : Sourcing of 'D:/Work/fpga/zynq_camera_vdma_lcd/zynq_camera_vdma_lcd.sdk/design_1_wrapper_hw_platform_0/ps7_init.tcl' is done.
21:29:18 INFO  : Context for 'APU' is selected.
21:29:18 INFO  : System reset is completed.
21:29:21 INFO  : 'after 3000' command is executed.
21:29:21 INFO  : 'targets -set -filter {jtag_cable_name =~ "Digilent JTAG-HS1 210512180081" && level==0} -index 1' command is executed.
21:29:25 INFO  : FPGA configured successfully with bitstream "D:/Work/fpga/zynq_camera_vdma_lcd/zynq_camera_vdma_lcd.sdk/design_1_wrapper_hw_platform_0/design_1_wrapper.bit"
21:29:25 INFO  : Context for 'APU' is selected.
21:29:25 INFO  : Hardware design information is loaded from 'D:/Work/fpga/zynq_camera_vdma_lcd/zynq_camera_vdma_lcd.sdk/design_1_wrapper_hw_platform_0/system.hdf'.
21:29:25 INFO  : 'configparams force-mem-access 1' command is executed.
21:29:25 INFO  : Context for 'APU' is selected.
21:29:25 INFO  : 'ps7_init' command is executed.
21:29:25 INFO  : 'ps7_post_config' command is executed.
21:29:25 INFO  : Context for processor 'ps7_cortexa9_0' is selected.
21:29:26 INFO  : The application 'D:/Work/fpga/zynq_camera_vdma_lcd/zynq_camera_vdma_lcd.sdk/zynq_camera_vdma_lcd/Debug/zynq_camera_vdma_lcd.elf' is downloaded to processor 'ps7_cortexa9_0'.
21:29:26 INFO  : 'configparams force-mem-access 0' command is executed.
21:29:26 INFO  : ----------------XSDB Script----------------
connect -url tcp:127.0.0.1:3121
source D:/Work/fpga/zynq_camera_vdma_lcd/zynq_camera_vdma_lcd.sdk/design_1_wrapper_hw_platform_0/ps7_init.tcl
targets -set -nocase -filter {name =~"APU*" && jtag_cable_name =~ "Digilent JTAG-HS1 210512180081"} -index 0
rst -system
after 3000
targets -set -filter {jtag_cable_name =~ "Digilent JTAG-HS1 210512180081" && level==0} -index 1
fpga -file D:/Work/fpga/zynq_camera_vdma_lcd/zynq_camera_vdma_lcd.sdk/design_1_wrapper_hw_platform_0/design_1_wrapper.bit
targets -set -nocase -filter {name =~"APU*" && jtag_cable_name =~ "Digilent JTAG-HS1 210512180081"} -index 0
loadhw -hw D:/Work/fpga/zynq_camera_vdma_lcd/zynq_camera_vdma_lcd.sdk/design_1_wrapper_hw_platform_0/system.hdf -mem-ranges [list {0x40000000 0xbfffffff}]
configparams force-mem-access 1
targets -set -nocase -filter {name =~"APU*" && jtag_cable_name =~ "Digilent JTAG-HS1 210512180081"} -index 0
ps7_init
ps7_post_config
targets -set -nocase -filter {name =~ "ARM*#0" && jtag_cable_name =~ "Digilent JTAG-HS1 210512180081"} -index 0
dow D:/Work/fpga/zynq_camera_vdma_lcd/zynq_camera_vdma_lcd.sdk/zynq_camera_vdma_lcd/Debug/zynq_camera_vdma_lcd.elf
configparams force-mem-access 0
----------------End of Script----------------

21:29:26 INFO  : Memory regions updated for context APU
21:29:26 INFO  : Context for processor 'ps7_cortexa9_0' is selected.
21:29:26 INFO  : 'con' command is executed.
21:29:26 INFO  : ----------------XSDB Script (After Launch)----------------
targets -set -nocase -filter {name =~ "ARM*#0" && jtag_cable_name =~ "Digilent JTAG-HS1 210512180081"} -index 0
con
----------------End of Script----------------

21:29:26 INFO  : Launch script is exported to file 'D:\Work\fpga\zynq_camera_vdma_lcd\zynq_camera_vdma_lcd.sdk\.sdk\launch_scripts\xilinx_c-c++_application_(system_debugger)\system_debugger_using_debug_zynq_camera_vdma_lcd.elf_on_local.tcl'
21:30:01 INFO  : Disconnected from the channel tcfchan#1.
20:45:34 INFO  : Registering command handlers for SDK TCF services
20:45:35 INFO  : Launching XSCT server: xsct.bat -interactive D:\Work\fpga\zynq_camera_vdma_lcd\zynq_camera_vdma_lcd.sdk\temp_xsdb_launch_script.tcl
20:45:36 INFO  : XSCT server has started successfully.
20:45:36 INFO  : Successfully done setting XSCT server connection channel  
20:45:36 INFO  : Successfully done setting SDK workspace  
20:46:05 INFO  : Connected to target on host '127.0.0.1' and port '3121'.
20:46:05 INFO  : Jtag cable 'Digilent JTAG-HS1 210512180081' is selected.
20:46:05 INFO  : 'jtag frequency' command is executed.
20:46:05 INFO  : Sourcing of 'D:/Work/fpga/zynq_camera_vdma_lcd/zynq_camera_vdma_lcd.sdk/design_1_wrapper_hw_platform_0/ps7_init.tcl' is done.
20:46:05 INFO  : Context for 'APU' is selected.
20:46:05 INFO  : System reset is completed.
20:46:08 INFO  : 'after 3000' command is executed.
20:46:08 INFO  : 'targets -set -filter {jtag_cable_name =~ "Digilent JTAG-HS1 210512180081" && level==0} -index 1' command is executed.
20:46:12 INFO  : FPGA configured successfully with bitstream "D:/Work/fpga/zynq_camera_vdma_lcd/zynq_camera_vdma_lcd.sdk/design_1_wrapper_hw_platform_0/design_1_wrapper.bit"
20:46:12 INFO  : Context for 'APU' is selected.
20:46:12 INFO  : Hardware design information is loaded from 'D:/Work/fpga/zynq_camera_vdma_lcd/zynq_camera_vdma_lcd.sdk/design_1_wrapper_hw_platform_0/system.hdf'.
20:46:12 INFO  : 'configparams force-mem-access 1' command is executed.
20:46:12 INFO  : Context for 'APU' is selected.
20:46:12 INFO  : 'ps7_init' command is executed.
20:46:12 INFO  : 'ps7_post_config' command is executed.
20:46:12 INFO  : Context for processor 'ps7_cortexa9_0' is selected.
20:46:13 INFO  : The application 'D:/Work/fpga/zynq_camera_vdma_lcd/zynq_camera_vdma_lcd.sdk/zynq_camera_vdma_lcd/Debug/zynq_camera_vdma_lcd.elf' is downloaded to processor 'ps7_cortexa9_0'.
20:46:13 INFO  : 'configparams force-mem-access 0' command is executed.
20:46:13 INFO  : ----------------XSDB Script----------------
connect -url tcp:127.0.0.1:3121
source D:/Work/fpga/zynq_camera_vdma_lcd/zynq_camera_vdma_lcd.sdk/design_1_wrapper_hw_platform_0/ps7_init.tcl
targets -set -nocase -filter {name =~"APU*" && jtag_cable_name =~ "Digilent JTAG-HS1 210512180081"} -index 0
rst -system
after 3000
targets -set -filter {jtag_cable_name =~ "Digilent JTAG-HS1 210512180081" && level==0} -index 1
fpga -file D:/Work/fpga/zynq_camera_vdma_lcd/zynq_camera_vdma_lcd.sdk/design_1_wrapper_hw_platform_0/design_1_wrapper.bit
targets -set -nocase -filter {name =~"APU*" && jtag_cable_name =~ "Digilent JTAG-HS1 210512180081"} -index 0
loadhw -hw D:/Work/fpga/zynq_camera_vdma_lcd/zynq_camera_vdma_lcd.sdk/design_1_wrapper_hw_platform_0/system.hdf -mem-ranges [list {0x40000000 0xbfffffff}]
configparams force-mem-access 1
targets -set -nocase -filter {name =~"APU*" && jtag_cable_name =~ "Digilent JTAG-HS1 210512180081"} -index 0
ps7_init
ps7_post_config
targets -set -nocase -filter {name =~ "ARM*#0" && jtag_cable_name =~ "Digilent JTAG-HS1 210512180081"} -index 0
dow D:/Work/fpga/zynq_camera_vdma_lcd/zynq_camera_vdma_lcd.sdk/zynq_camera_vdma_lcd/Debug/zynq_camera_vdma_lcd.elf
configparams force-mem-access 0
----------------End of Script----------------

20:46:13 INFO  : Memory regions updated for context APU
20:46:13 INFO  : Context for processor 'ps7_cortexa9_0' is selected.
20:46:13 INFO  : 'con' command is executed.
20:46:13 INFO  : ----------------XSDB Script (After Launch)----------------
targets -set -nocase -filter {name =~ "ARM*#0" && jtag_cable_name =~ "Digilent JTAG-HS1 210512180081"} -index 0
con
----------------End of Script----------------

20:46:13 INFO  : Launch script is exported to file 'D:\Work\fpga\zynq_camera_vdma_lcd\zynq_camera_vdma_lcd.sdk\.sdk\launch_scripts\xilinx_c-c++_application_(system_debugger)\system_debugger_using_debug_zynq_camera_vdma_lcd.elf_on_local.tcl'
23:01:13 INFO  : Disconnected from the channel tcfchan#1.
