
*** Running vivado
    with args -log base_xil_vip_1_0.vds -m64 -product Vivado -mode batch -messageDb vivado.pb -notrace -source base_xil_vip_1_0.tcl



****** Vivado v2021.1 (64-bit)
  **** SW Build 3247384 on Thu Jun 10 19:36:33 MDT 2021
  **** IP Build 3246043 on Fri Jun 11 00:30:35 MDT 2021
    ** Copyright 1986-2021 Xilinx, Inc. All Rights Reserved.

source base_xil_vip_1_0.tcl -notrace
INFO: [IP_Flow 19-234] Refreshing IP repositories
INFO: [IP_Flow 19-1700] Loaded user IP repository 'd:/Work/fpga/zynq_cam_isp_demo/xil_ip_repo'.
INFO: [IP_Flow 19-2313] Loaded Vivado IP repository 'C:/Xilinx/Vivado/2021.1/data/ip'.
Command: synth_design -top base_xil_vip_1_0 -part xc7z020clg400-2 -mode out_of_context
Starting synth_design
Attempting to get a license for feature 'Synthesis' and/or device 'xc7z020'
INFO: [Common 17-349] Got license for feature 'Synthesis' and/or device 'xc7z020'
INFO: [Device 21-403] Loading part xc7z020clg400-2
INFO: [Synth 8-7079] Multithreading enabled for synth_design using a maximum of 2 processes.
INFO: [Synth 8-7078] Launching helper process for spawning children vivado processes
INFO: [Synth 8-7075] Helper process launched with PID 50520
---------------------------------------------------------------------------------
Starting RTL Elaboration : Time (s): cpu = 00:00:07 ; elapsed = 00:00:08 . Memory (MB): peak = 1197.273 ; gain = 0.000
---------------------------------------------------------------------------------
INFO: [Synth 8-6157] synthesizing module 'base_xil_vip_1_0' [d:/Work/fpga/zynq_cam_isp_demo/zynq_cam_isp_demo.gen/sources_1/bd/base/ip/base_xil_vip_1_0/synth/base_xil_vip_1_0.v:56]
INFO: [Synth 8-6157] synthesizing module 'xil_vip_v1_0' [d:/Work/fpga/zynq_cam_isp_demo/zynq_cam_isp_demo.gen/sources_1/bd/base/ipshared/2b35/hdl/xil_vip_v1_0.v:4]
INFO: [Synth 8-6157] synthesizing module 'xil_vip_v1_0_S00_AXI' [d:/Work/fpga/zynq_cam_isp_demo/zynq_cam_isp_demo.gen/sources_1/bd/base/ipshared/2b35/hdl/xil_vip_v1_0_S00_AXI.v:4]
INFO: [Synth 8-226] default block is never used [d:/Work/fpga/zynq_cam_isp_demo/zynq_cam_isp_demo.gen/sources_1/bd/base/ipshared/2b35/hdl/xil_vip_v1_0_S00_AXI.v:522]
INFO: [Synth 8-6157] synthesizing module 'vip_top' [d:/Work/fpga/zynq_cam_isp_demo/zynq_cam_isp_demo.gen/sources_1/bd/base/ipshared/2b35/hdl/vip/vip_top.v:9]
INFO: [Synth 8-6157] synthesizing module 'vid_mux' [d:/Work/fpga/zynq_cam_isp_demo/zynq_cam_isp_demo.gen/sources_1/bd/base/ipshared/2b35/hdl/vip/vip_top.v:208]
INFO: [Synth 8-6155] done synthesizing module 'vid_mux' (1#1) [d:/Work/fpga/zynq_cam_isp_demo/zynq_cam_isp_demo.gen/sources_1/bd/base/ipshared/2b35/hdl/vip/vip_top.v:208]
INFO: [Synth 8-6157] synthesizing module 'vip_hist_equ' [d:/Work/fpga/zynq_cam_isp_demo/zynq_cam_isp_demo.gen/sources_1/bd/base/ipshared/2b35/hdl/vip/vip_hist_equ.v:12]
INFO: [Synth 8-6157] synthesizing module 'hist_stat' [d:/Work/fpga/zynq_cam_isp_demo/zynq_cam_isp_demo.gen/sources_1/bd/base/ipshared/xil_isp_lite_1.0/hdl/isp_lite/isp_utils.v:335]
INFO: [Synth 8-6157] synthesizing module 'simple_dp_ram' [d:/Work/fpga/zynq_cam_isp_demo/zynq_cam_isp_demo.gen/sources_1/bd/base/ipshared/xil_isp_lite_1.0/hdl/isp_lite/isp_utils.v:15]
INFO: [Synth 8-6155] done synthesizing module 'simple_dp_ram' (2#1) [d:/Work/fpga/zynq_cam_isp_demo/zynq_cam_isp_demo.gen/sources_1/bd/base/ipshared/xil_isp_lite_1.0/hdl/isp_lite/isp_utils.v:15]
INFO: [Synth 8-6155] done synthesizing module 'hist_stat' (3#1) [d:/Work/fpga/zynq_cam_isp_demo/zynq_cam_isp_demo.gen/sources_1/bd/base/ipshared/xil_isp_lite_1.0/hdl/isp_lite/isp_utils.v:335]
INFO: [Synth 8-6157] synthesizing module 'shift_div_uint' [d:/Work/fpga/zynq_cam_isp_demo/zynq_cam_isp_demo.gen/sources_1/bd/base/ipshared/xil_isp_lite_1.0/hdl/isp_lite/isp_utils.v:277]
INFO: [Synth 8-6155] done synthesizing module 'shift_div_uint' (4#1) [d:/Work/fpga/zynq_cam_isp_demo/zynq_cam_isp_demo.gen/sources_1/bd/base/ipshared/xil_isp_lite_1.0/hdl/isp_lite/isp_utils.v:277]
INFO: [Synth 8-6157] synthesizing module 'simple_dp_ram__parameterized0' [d:/Work/fpga/zynq_cam_isp_demo/zynq_cam_isp_demo.gen/sources_1/bd/base/ipshared/xil_isp_lite_1.0/hdl/isp_lite/isp_utils.v:15]
INFO: [Synth 8-6155] done synthesizing module 'simple_dp_ram__parameterized0' (4#1) [d:/Work/fpga/zynq_cam_isp_demo/zynq_cam_isp_demo.gen/sources_1/bd/base/ipshared/xil_isp_lite_1.0/hdl/isp_lite/isp_utils.v:15]
INFO: [Synth 8-6155] done synthesizing module 'vip_hist_equ' (5#1) [d:/Work/fpga/zynq_cam_isp_demo/zynq_cam_isp_demo.gen/sources_1/bd/base/ipshared/2b35/hdl/vip/vip_hist_equ.v:12]
INFO: [Synth 8-6157] synthesizing module 'vip_sobel' [d:/Work/fpga/zynq_cam_isp_demo/zynq_cam_isp_demo.gen/sources_1/bd/base/ipshared/2b35/hdl/vip/vip_sobel.v:31]
INFO: [Synth 8-6157] synthesizing module 'shift_register' [d:/Work/fpga/zynq_cam_isp_demo/zynq_cam_isp_demo.gen/sources_1/bd/base/ipshared/xil_isp_lite_1.0/hdl/isp_lite/isp_utils.v:91]
INFO: [Synth 8-6157] synthesizing module 'simple_dp_ram__parameterized1' [d:/Work/fpga/zynq_cam_isp_demo/zynq_cam_isp_demo.gen/sources_1/bd/base/ipshared/xil_isp_lite_1.0/hdl/isp_lite/isp_utils.v:15]
INFO: [Synth 8-6155] done synthesizing module 'simple_dp_ram__parameterized1' (5#1) [d:/Work/fpga/zynq_cam_isp_demo/zynq_cam_isp_demo.gen/sources_1/bd/base/ipshared/xil_isp_lite_1.0/hdl/isp_lite/isp_utils.v:15]
INFO: [Synth 8-6155] done synthesizing module 'shift_register' (6#1) [d:/Work/fpga/zynq_cam_isp_demo/zynq_cam_isp_demo.gen/sources_1/bd/base/ipshared/xil_isp_lite_1.0/hdl/isp_lite/isp_utils.v:91]
INFO: [Synth 8-6155] done synthesizing module 'vip_sobel' (7#1) [d:/Work/fpga/zynq_cam_isp_demo/zynq_cam_isp_demo.gen/sources_1/bd/base/ipshared/2b35/hdl/vip/vip_sobel.v:31]
INFO: [Synth 8-6157] synthesizing module 'vip_yuv2rgb' [d:/Work/fpga/zynq_cam_isp_demo/zynq_cam_isp_demo.gen/sources_1/bd/base/ipshared/2b35/hdl/vip/vip_yuv2rgb.v:14]
INFO: [Synth 8-6155] done synthesizing module 'vip_yuv2rgb' (8#1) [d:/Work/fpga/zynq_cam_isp_demo/zynq_cam_isp_demo.gen/sources_1/bd/base/ipshared/2b35/hdl/vip/vip_yuv2rgb.v:14]
INFO: [Synth 8-6157] synthesizing module 'vip_crop' [d:/Work/fpga/zynq_cam_isp_demo/zynq_cam_isp_demo.gen/sources_1/bd/base/ipshared/2b35/hdl/vip/vip_crop.v:13]
INFO: [Synth 8-6155] done synthesizing module 'vip_crop' (9#1) [d:/Work/fpga/zynq_cam_isp_demo/zynq_cam_isp_demo.gen/sources_1/bd/base/ipshared/2b35/hdl/vip/vip_crop.v:13]
INFO: [Synth 8-6157] synthesizing module 'vip_dscale' [d:/Work/fpga/zynq_cam_isp_demo/zynq_cam_isp_demo.gen/sources_1/bd/base/ipshared/2b35/hdl/vip/vip_dscale.v:13]
INFO: [Synth 8-6155] done synthesizing module 'vip_dscale' (10#1) [d:/Work/fpga/zynq_cam_isp_demo/zynq_cam_isp_demo.gen/sources_1/bd/base/ipshared/2b35/hdl/vip/vip_dscale.v:13]
INFO: [Synth 8-6157] synthesizing module 'vip_osd' [d:/Work/fpga/zynq_cam_isp_demo/zynq_cam_isp_demo.gen/sources_1/bd/base/ipshared/2b35/hdl/vip/vip_osd.v:13]
INFO: [Synth 8-6157] synthesizing module 'full_dp_ram' [d:/Work/fpga/zynq_cam_isp_demo/zynq_cam_isp_demo.gen/sources_1/bd/base/ipshared/xil_isp_lite_1.0/hdl/isp_lite/isp_utils.v:46]
INFO: [Synth 8-6155] done synthesizing module 'full_dp_ram' (11#1) [d:/Work/fpga/zynq_cam_isp_demo/zynq_cam_isp_demo.gen/sources_1/bd/base/ipshared/xil_isp_lite_1.0/hdl/isp_lite/isp_utils.v:46]
INFO: [Synth 8-6155] done synthesizing module 'vip_osd' (12#1) [d:/Work/fpga/zynq_cam_isp_demo/zynq_cam_isp_demo.gen/sources_1/bd/base/ipshared/2b35/hdl/vip/vip_osd.v:13]
WARNING: [Synth 8-689] width (16) of port connection 'osd_x' does not match port width (12) of module 'vip_osd' [d:/Work/fpga/zynq_cam_isp_demo/zynq_cam_isp_demo.gen/sources_1/bd/base/ipshared/2b35/hdl/vip/vip_top.v:163]
WARNING: [Synth 8-689] width (16) of port connection 'osd_y' does not match port width (11) of module 'vip_osd' [d:/Work/fpga/zynq_cam_isp_demo/zynq_cam_isp_demo.gen/sources_1/bd/base/ipshared/2b35/hdl/vip/vip_top.v:163]
WARNING: [Synth 8-689] width (16) of port connection 'osd_w' does not match port width (12) of module 'vip_osd' [d:/Work/fpga/zynq_cam_isp_demo/zynq_cam_isp_demo.gen/sources_1/bd/base/ipshared/2b35/hdl/vip/vip_top.v:163]
WARNING: [Synth 8-689] width (16) of port connection 'osd_h' does not match port width (11) of module 'vip_osd' [d:/Work/fpga/zynq_cam_isp_demo/zynq_cam_isp_demo.gen/sources_1/bd/base/ipshared/2b35/hdl/vip/vip_top.v:163]
INFO: [Synth 8-6157] synthesizing module 'vip_yuv444to422' [d:/Work/fpga/zynq_cam_isp_demo/zynq_cam_isp_demo.gen/sources_1/bd/base/ipshared/2b35/hdl/vip/vip_yuv444to422.v:13]
INFO: [Synth 8-6155] done synthesizing module 'vip_yuv444to422' (13#1) [d:/Work/fpga/zynq_cam_isp_demo/zynq_cam_isp_demo.gen/sources_1/bd/base/ipshared/2b35/hdl/vip/vip_yuv444to422.v:13]
INFO: [Synth 8-6155] done synthesizing module 'vip_top' (14#1) [d:/Work/fpga/zynq_cam_isp_demo/zynq_cam_isp_demo.gen/sources_1/bd/base/ipshared/2b35/hdl/vip/vip_top.v:9]
INFO: [Synth 8-6155] done synthesizing module 'xil_vip_v1_0_S00_AXI' (15#1) [d:/Work/fpga/zynq_cam_isp_demo/zynq_cam_isp_demo.gen/sources_1/bd/base/ipshared/2b35/hdl/xil_vip_v1_0_S00_AXI.v:4]
INFO: [Synth 8-6155] done synthesizing module 'xil_vip_v1_0' (16#1) [d:/Work/fpga/zynq_cam_isp_demo/zynq_cam_isp_demo.gen/sources_1/bd/base/ipshared/2b35/hdl/xil_vip_v1_0.v:4]
INFO: [Synth 8-6155] done synthesizing module 'base_xil_vip_1_0' (17#1) [d:/Work/fpga/zynq_cam_isp_demo/zynq_cam_isp_demo.gen/sources_1/bd/base/ip/base_xil_vip_1_0/synth/base_xil_vip_1_0.v:56]
---------------------------------------------------------------------------------
Finished RTL Elaboration : Time (s): cpu = 00:00:10 ; elapsed = 00:00:12 . Memory (MB): peak = 1197.273 ; gain = 0.000
---------------------------------------------------------------------------------
---------------------------------------------------------------------------------
Start Handling Custom Attributes
---------------------------------------------------------------------------------
---------------------------------------------------------------------------------
Finished Handling Custom Attributes : Time (s): cpu = 00:00:11 ; elapsed = 00:00:13 . Memory (MB): peak = 1197.273 ; gain = 0.000
---------------------------------------------------------------------------------
---------------------------------------------------------------------------------
Finished RTL Optimization Phase 1 : Time (s): cpu = 00:00:11 ; elapsed = 00:00:13 . Memory (MB): peak = 1197.273 ; gain = 0.000
---------------------------------------------------------------------------------
Netlist sorting complete. Time (s): cpu = 00:00:00 ; elapsed = 00:00:00.186 . Memory (MB): peak = 1197.273 ; gain = 0.000
INFO: [Project 1-570] Preparing netlist for logic optimization

Processing XDC Constraints
Initializing timing engine
Completed Processing XDC Constraints

Netlist sorting complete. Time (s): cpu = 00:00:00 ; elapsed = 00:00:00.003 . Memory (MB): peak = 1251.281 ; gain = 0.000
INFO: [Project 1-111] Unisim Transformation Summary:
No Unisim elements were transformed.

Constraint Validation Runtime : Time (s): cpu = 00:00:01 ; elapsed = 00:00:00.337 . Memory (MB): peak = 1254.109 ; gain = 2.828
---------------------------------------------------------------------------------
Finished Constraint Validation : Time (s): cpu = 00:00:23 ; elapsed = 00:00:26 . Memory (MB): peak = 1254.109 ; gain = 56.836
---------------------------------------------------------------------------------
---------------------------------------------------------------------------------
Start Loading Part and Timing Information
---------------------------------------------------------------------------------
Loading part: xc7z020clg400-2
---------------------------------------------------------------------------------
Finished Loading Part and Timing Information : Time (s): cpu = 00:00:23 ; elapsed = 00:00:26 . Memory (MB): peak = 1254.109 ; gain = 56.836
---------------------------------------------------------------------------------
---------------------------------------------------------------------------------
Start Applying 'set_property' XDC Constraints
---------------------------------------------------------------------------------
---------------------------------------------------------------------------------
Finished applying 'set_property' XDC Constraints : Time (s): cpu = 00:00:23 ; elapsed = 00:00:26 . Memory (MB): peak = 1254.109 ; gain = 56.836
---------------------------------------------------------------------------------
INFO: [Synth 8-3971] The signal "full_dp_ram:/mem_reg" was recognized as a true dual port RAM template.
---------------------------------------------------------------------------------
Finished RTL Optimization Phase 2 : Time (s): cpu = 00:00:24 ; elapsed = 00:00:29 . Memory (MB): peak = 1254.109 ; gain = 56.836
---------------------------------------------------------------------------------
---------------------------------------------------------------------------------
Start RTL Component Statistics 
---------------------------------------------------------------------------------
Detailed RTL Component Info : 
+---Adders : 
	   3 Input   62 Bit       Adders := 31    
	   2 Input   23 Bit       Adders := 1     
	   3 Input   20 Bit       Adders := 2     
	   4 Input   20 Bit       Adders := 1     
	   3 Input   17 Bit       Adders := 2     
	   2 Input   16 Bit       Adders := 2     
	   2 Input   13 Bit       Adders := 1     
	   2 Input   12 Bit       Adders := 1     
	   2 Input   11 Bit       Adders := 2     
	   3 Input   10 Bit       Adders := 6     
	   2 Input    9 Bit       Adders := 1     
	   2 Input    8 Bit       Adders := 3     
	   3 Input    8 Bit       Adders := 1     
	   2 Input    5 Bit       Adders := 1     
	   2 Input    4 Bit       Adders := 2     
+---XORs : 
	   2 Input      1 Bit         XORs := 1     
+---Registers : 
	               62 Bit    Registers := 61    
	               32 Bit    Registers := 4     
	               31 Bit    Registers := 1     
	               24 Bit    Registers := 20    
	               23 Bit    Registers := 3     
	               20 Bit    Registers := 8     
	               16 Bit    Registers := 16    
	               12 Bit    Registers := 4     
	               11 Bit    Registers := 4     
	               10 Bit    Registers := 6     
	                9 Bit    Registers := 1     
	                8 Bit    Registers := 69    
	                7 Bit    Registers := 2     
	                6 Bit    Registers := 1     
	                5 Bit    Registers := 1     
	                4 Bit    Registers := 8     
	                2 Bit    Registers := 2     
	                1 Bit    Registers := 109   
+---RAMs : 
	              20K Bit	(2591 X 8 bit)          RAMs := 2     
	              16K Bit	(512 X 32 bit)          RAMs := 1     
	               5K Bit	(256 X 23 bit)          RAMs := 2     
	               2K Bit	(256 X 8 bit)          RAMs := 1     
+---Muxes : 
	   2 Input   62 Bit        Muxes := 31    
	   2 Input   42 Bit        Muxes := 2     
	   2 Input   32 Bit        Muxes := 3     
	   2 Input   24 Bit        Muxes := 11    
	   2 Input   23 Bit        Muxes := 3     
	   2 Input   12 Bit        Muxes := 2     
	   2 Input   11 Bit        Muxes := 2     
	   2 Input   10 Bit        Muxes := 4     
	   2 Input    9 Bit        Muxes := 2     
	   2 Input    8 Bit        Muxes := 25    
	   2 Input    5 Bit        Muxes := 2     
	   2 Input    4 Bit        Muxes := 3     
	   2 Input    1 Bit        Muxes := 55    
	   3 Input    1 Bit        Muxes := 2     
	  20 Input    1 Bit        Muxes := 19    
---------------------------------------------------------------------------------
Finished RTL Component Statistics 
---------------------------------------------------------------------------------
---------------------------------------------------------------------------------
Start Part Resource Summary
---------------------------------------------------------------------------------
Part Resources:
DSPs: 220 (col length:60)
BRAMs: 280 (col length: RAMB18 60 RAMB36 30)
---------------------------------------------------------------------------------
Finished Part Resource Summary
---------------------------------------------------------------------------------
---------------------------------------------------------------------------------
Start Cross Boundary and Area Optimization
---------------------------------------------------------------------------------
DSP Report: Generating DSP hist_sum_data_20, operation Mode is: A*B.
DSP Report: operator hist_sum_data_20 is absorbed into DSP hist_sum_data_20.
DSP Report: Generating DSP img_Cr_r10, operation Mode is: (A:0x331)*B.
DSP Report: operator img_Cr_r10 is absorbed into DSP img_Cr_r10.
DSP Report: Generating DSP img_Y_r10, operation Mode is: (A:0x254)*B.
DSP Report: operator img_Y_r10 is absorbed into DSP img_Y_r10.
DSP Report: Generating DSP img_Cb_r20, operation Mode is: (A:0x409)*B.
DSP Report: operator img_Cb_r20 is absorbed into DSP img_Cb_r20.
---------------------------------------------------------------------------------
Finished Cross Boundary and Area Optimization : Time (s): cpu = 00:00:54 ; elapsed = 00:01:01 . Memory (MB): peak = 1254.109 ; gain = 56.836
---------------------------------------------------------------------------------
---------------------------------------------------------------------------------
Start ROM, RAM, DSP, Shift Register and Retiming Reporting
---------------------------------------------------------------------------------

Block RAM: Preliminary Mapping Report (see note below)
+-----------------+-------------------------------------------------------------------------------------------+------------------------+---+---+------------------------+---+---+------------------+--------+--------+
|Module Name      | RTL Object                                                                                | PORT A (Depth x Width) | W | R | PORT B (Depth x Width) | W | R | Ports driving FF | RAMB18 | RAMB36 | 
+-----------------+-------------------------------------------------------------------------------------------+------------------------+---+---+------------------------+---+---+------------------+--------+--------+
|base_xil_vip_1_0 | inst/xil_vip_v1_0_S00_AXI_inst/vip_top_i0/hist_equ_i0/hist_ram_data/ping_ram/mem_reg      | 256 x 23(READ_FIRST)   | W |   | 256 x 23(WRITE_FIRST)  |   | R | Port A and B     | 1      | 0      | 
|base_xil_vip_1_0 | inst/xil_vip_v1_0_S00_AXI_inst/vip_top_i0/hist_equ_i0/hist_ram_data/pong_ram/mem_reg      | 256 x 23(READ_FIRST)   | W |   | 256 x 23(WRITE_FIRST)  |   | R | Port A and B     | 1      | 0      | 
|base_xil_vip_1_0 | inst/xil_vip_v1_0_S00_AXI_inst/vip_top_i0/hist_equ_i0/hist_map_ram/mem_reg                | 256 x 8(READ_FIRST)    | W |   | 256 x 8(WRITE_FIRST)   |   | R | Port A and B     | 1      | 0      | 
|base_xil_vip_1_0 | inst/xil_vip_v1_0_S00_AXI_inst/vip_top_i0/sobel_i0/line2buf/gen_ram_inst[0].u_ram/mem_reg | 2 K x 8(READ_FIRST)    | W | R |                        |   |   | Port A           | 0      | 1      | 
|base_xil_vip_1_0 | inst/xil_vip_v1_0_S00_AXI_inst/vip_top_i0/sobel_i0/line2buf/gen_ram_inst[1].u_ram/mem_reg | 2 K x 8(READ_FIRST)    | W | R |                        |   |   | Port A           | 0      | 1      | 
|base_xil_vip_1_0 | inst/xil_vip_v1_0_S00_AXI_inst/vip_top_i0/osd_i0/osd_ram/mem_reg                          | 512 x 32(READ_FIRST)   | W | R | 512 x 32(WRITE_FIRST)  |   | R | Port A and B     | 0      | 1      | 
+-----------------+-------------------------------------------------------------------------------------------+------------------------+---+---+------------------------+---+---+------------------+--------+--------+

Note: The table above is a preliminary report that shows the Block RAMs at the current stage of the synthesis flow. Some Block RAMs may be reimplemented as non Block RAM primitives later in the synthesis flow. Multiple instantiated Block RAMs are reported only once. 

DSP: Preliminary Mapping Report (see note below)
+-------------+-------------+--------+--------+--------+--------+--------+------+------+------+------+-------+------+------+
|Module Name  | DSP Mapping | A Size | B Size | C Size | D Size | P Size | AREG | BREG | CREG | DREG | ADREG | MREG | PREG | 
+-------------+-------------+--------+--------+--------+--------+--------+------+------+------+------+-------+------+------+
|vip_hist_equ | A*B         | 23     | 8      | -      | -      | 31     | 0    | 0    | -    | -    | -     | 0    | 0    | 
|vip_yuv2rgb  | (A:0x331)*B | 8      | 10     | -      | -      | 18     | 0    | 0    | -    | -    | -     | 0    | 0    | 
|vip_yuv2rgb  | (A:0x254)*B | 8      | 10     | -      | -      | 18     | 0    | 0    | -    | -    | -     | 0    | 0    | 
|vip_yuv2rgb  | (A:0x409)*B | 8      | 11     | -      | -      | 19     | 0    | 0    | -    | -    | -     | 0    | 0    | 
+-------------+-------------+--------+--------+--------+--------+--------+------+------+------+------+-------+------+------+

Note: The table above is a preliminary report that shows the DSPs inferred at the current stage of the synthesis flow. Some DSP may be reimplemented as non DSP primitives later in the synthesis flow. Multiple instantiated DSPs are reported only once.
---------------------------------------------------------------------------------
Finished ROM, RAM, DSP, Shift Register and Retiming Reporting
---------------------------------------------------------------------------------
---------------------------------------------------------------------------------
Start Applying XDC Timing Constraints
---------------------------------------------------------------------------------
---------------------------------------------------------------------------------
Finished Applying XDC Timing Constraints : Time (s): cpu = 00:01:10 ; elapsed = 00:01:17 . Memory (MB): peak = 1272.883 ; gain = 75.609
---------------------------------------------------------------------------------
---------------------------------------------------------------------------------
Start Timing Optimization
---------------------------------------------------------------------------------
---------------------------------------------------------------------------------
Finished Timing Optimization : Time (s): cpu = 00:01:11 ; elapsed = 00:01:18 . Memory (MB): peak = 1281.402 ; gain = 84.129
---------------------------------------------------------------------------------
---------------------------------------------------------------------------------
Start ROM, RAM, DSP, Shift Register and Retiming Reporting
---------------------------------------------------------------------------------

Block RAM: Final Mapping Report
+-----------------+-------------------------------------------------------------------------------------------+------------------------+---+---+------------------------+---+---+------------------+--------+--------+
|Module Name      | RTL Object                                                                                | PORT A (Depth x Width) | W | R | PORT B (Depth x Width) | W | R | Ports driving FF | RAMB18 | RAMB36 | 
+-----------------+-------------------------------------------------------------------------------------------+------------------------+---+---+------------------------+---+---+------------------+--------+--------+
|base_xil_vip_1_0 | inst/xil_vip_v1_0_S00_AXI_inst/vip_top_i0/hist_equ_i0/hist_ram_data/ping_ram/mem_reg      | 256 x 23(READ_FIRST)   | W |   | 256 x 23(WRITE_FIRST)  |   | R | Port A and B     | 1      | 0      | 
|base_xil_vip_1_0 | inst/xil_vip_v1_0_S00_AXI_inst/vip_top_i0/hist_equ_i0/hist_ram_data/pong_ram/mem_reg      | 256 x 23(READ_FIRST)   | W |   | 256 x 23(WRITE_FIRST)  |   | R | Port A and B     | 1      | 0      | 
|base_xil_vip_1_0 | inst/xil_vip_v1_0_S00_AXI_inst/vip_top_i0/hist_equ_i0/hist_map_ram/mem_reg                | 256 x 8(READ_FIRST)    | W |   | 256 x 8(WRITE_FIRST)   |   | R | Port A and B     | 1      | 0      | 
|base_xil_vip_1_0 | inst/xil_vip_v1_0_S00_AXI_inst/vip_top_i0/sobel_i0/line2buf/gen_ram_inst[0].u_ram/mem_reg | 2 K x 8(READ_FIRST)    | W | R |                        |   |   | Port A           | 0      | 1      | 
|base_xil_vip_1_0 | inst/xil_vip_v1_0_S00_AXI_inst/vip_top_i0/sobel_i0/line2buf/gen_ram_inst[1].u_ram/mem_reg | 2 K x 8(READ_FIRST)    | W | R |                        |   |   | Port A           | 0      | 1      | 
|base_xil_vip_1_0 | inst/xil_vip_v1_0_S00_AXI_inst/vip_top_i0/osd_i0/osd_ram/mem_reg                          | 512 x 32(READ_FIRST)   | W | R | 512 x 32(WRITE_FIRST)  |   | R | Port A and B     | 0      | 1      | 
+-----------------+-------------------------------------------------------------------------------------------+------------------------+---+---+------------------------+---+---+------------------+--------+--------+

---------------------------------------------------------------------------------
Finished ROM, RAM, DSP, Shift Register and Retiming Reporting
---------------------------------------------------------------------------------
---------------------------------------------------------------------------------
Start Technology Mapping
---------------------------------------------------------------------------------
INFO: [Synth 8-7052] The timing for the instance inst/xil_vip_v1_0_S00_AXI_inst/vip_top_i0/hist_equ_i0/hist_ram_data/ping_ram/mem_reg (implemented as a Block RAM) might be sub-optimal as no optional output register could be merged into the ram block. Providing additional output register may help in improving timing.
INFO: [Synth 8-7052] The timing for the instance inst/xil_vip_v1_0_S00_AXI_inst/vip_top_i0/hist_equ_i0/hist_ram_data/pong_ram/mem_reg (implemented as a Block RAM) might be sub-optimal as no optional output register could be merged into the ram block. Providing additional output register may help in improving timing.
INFO: [Synth 8-7052] The timing for the instance inst/xil_vip_v1_0_S00_AXI_inst/vip_top_i0/hist_equ_i0/hist_map_ram/mem_reg (implemented as a Block RAM) might be sub-optimal as no optional output register could be merged into the ram block. Providing additional output register may help in improving timing.
INFO: [Synth 8-7052] The timing for the instance inst/xil_vip_v1_0_S00_AXI_inst/vip_top_i0/sobel_i0/line2buf/gen_ram_inst[0].u_ram/mem_reg (implemented as a Block RAM) might be sub-optimal as no optional output register could be merged into the ram block. Providing additional output register may help in improving timing.
INFO: [Synth 8-7052] The timing for the instance inst/xil_vip_v1_0_S00_AXI_inst/vip_top_i0/sobel_i0/line2buf/gen_ram_inst[1].u_ram/mem_reg (implemented as a Block RAM) might be sub-optimal as no optional output register could be merged into the ram block. Providing additional output register may help in improving timing.
INFO: [Synth 8-7052] The timing for the instance inst/xil_vip_v1_0_S00_AXI_inst/vip_top_i0/osd_i0/osd_ram/mem_reg (implemented as a Block RAM) might be sub-optimal as no optional output register could be merged into the ram block. Providing additional output register may help in improving timing.
INFO: [Synth 8-7052] The timing for the instance inst/xil_vip_v1_0_S00_AXI_inst/vip_top_i0/osd_i0/osd_ram/mem_reg (implemented as a Block RAM) might be sub-optimal as no optional output register could be merged into the ram block. Providing additional output register may help in improving timing.
---------------------------------------------------------------------------------
Finished Technology Mapping : Time (s): cpu = 00:01:14 ; elapsed = 00:01:21 . Memory (MB): peak = 1319.168 ; gain = 121.895
---------------------------------------------------------------------------------
---------------------------------------------------------------------------------
Start IO Insertion
---------------------------------------------------------------------------------
---------------------------------------------------------------------------------
Start Flattening Before IO Insertion
---------------------------------------------------------------------------------
---------------------------------------------------------------------------------
Finished Flattening Before IO Insertion
---------------------------------------------------------------------------------
---------------------------------------------------------------------------------
Start Final Netlist Cleanup
---------------------------------------------------------------------------------
---------------------------------------------------------------------------------
Finished Final Netlist Cleanup
---------------------------------------------------------------------------------
---------------------------------------------------------------------------------
Finished IO Insertion : Time (s): cpu = 00:01:18 ; elapsed = 00:01:25 . Memory (MB): peak = 1333.535 ; gain = 136.262
---------------------------------------------------------------------------------
---------------------------------------------------------------------------------
Start Renaming Generated Instances
---------------------------------------------------------------------------------
---------------------------------------------------------------------------------
Finished Renaming Generated Instances : Time (s): cpu = 00:01:18 ; elapsed = 00:01:25 . Memory (MB): peak = 1333.535 ; gain = 136.262
---------------------------------------------------------------------------------
---------------------------------------------------------------------------------
Start Rebuilding User Hierarchy
---------------------------------------------------------------------------------
---------------------------------------------------------------------------------
Finished Rebuilding User Hierarchy : Time (s): cpu = 00:01:19 ; elapsed = 00:01:26 . Memory (MB): peak = 1333.535 ; gain = 136.262
---------------------------------------------------------------------------------
---------------------------------------------------------------------------------
Start Renaming Generated Ports
---------------------------------------------------------------------------------
---------------------------------------------------------------------------------
Finished Renaming Generated Ports : Time (s): cpu = 00:01:19 ; elapsed = 00:01:26 . Memory (MB): peak = 1333.535 ; gain = 136.262
---------------------------------------------------------------------------------
---------------------------------------------------------------------------------
Start Handling Custom Attributes
---------------------------------------------------------------------------------
---------------------------------------------------------------------------------
Finished Handling Custom Attributes : Time (s): cpu = 00:01:19 ; elapsed = 00:01:26 . Memory (MB): peak = 1333.559 ; gain = 136.285
---------------------------------------------------------------------------------
---------------------------------------------------------------------------------
Start Renaming Generated Nets
---------------------------------------------------------------------------------
---------------------------------------------------------------------------------
Finished Renaming Generated Nets : Time (s): cpu = 00:01:19 ; elapsed = 00:01:26 . Memory (MB): peak = 1333.559 ; gain = 136.285
---------------------------------------------------------------------------------
---------------------------------------------------------------------------------
Start ROM, RAM, DSP, Shift Register and Retiming Reporting
---------------------------------------------------------------------------------

Static Shift Register Report:
+-----------------+-----------------------------------------------------------------------------+--------+-------+--------------+--------------------+-------------------+--------+---------+
|Module Name      | RTL Name                                                                    | Length | Width | Reset Signal | Pull out first Reg | Pull out last Reg | SRL16E | SRLC32E | 
+-----------------+-----------------------------------------------------------------------------+--------+-------+--------------+--------------------+-------------------+--------+---------+
|base_xil_vip_1_0 | inst/xil_vip_v1_0_S00_AXI_inst/vip_top_i0/hist_equ_i0/hist_ram_wen_reg      | 34     | 1     | YES          | NO                 | YES               | 0      | 1       | 
|base_xil_vip_1_0 | inst/xil_vip_v1_0_S00_AXI_inst/vip_top_i0/hist_equ_i0/hist_ram_waddr_reg[7] | 35     | 8     | YES          | NO                 | YES               | 0      | 16      | 
|base_xil_vip_1_0 | inst/xil_vip_v1_0_S00_AXI_inst/vip_top_i0/sobel_i0/href_dly_reg[6]          | 7      | 1     | YES          | NO                 | YES               | 1      | 0       | 
|base_xil_vip_1_0 | inst/xil_vip_v1_0_S00_AXI_inst/vip_top_i0/sobel_i0/vsync_dly_reg[6]         | 7      | 1     | YES          | NO                 | YES               | 1      | 0       | 
|base_xil_vip_1_0 | inst/xil_vip_v1_0_S00_AXI_inst/vip_top_i0/yuv2rgb_i0/href_r_reg[3]          | 4      | 1     | YES          | NO                 | YES               | 1      | 0       | 
|base_xil_vip_1_0 | inst/xil_vip_v1_0_S00_AXI_inst/vip_top_i0/yuv2rgb_i0/vsync_r_reg[3]         | 4      | 1     | YES          | NO                 | YES               | 1      | 0       | 
|base_xil_vip_1_0 | inst/xil_vip_v1_0_S00_AXI_inst/vip_top_i0/osd_i0/data_t5_reg[23]            | 5      | 24    | YES          | NO                 | YES               | 24     | 0       | 
+-----------------+-----------------------------------------------------------------------------+--------+-------+--------------+--------------------+-------------------+--------+---------+

---------------------------------------------------------------------------------
Finished ROM, RAM, DSP, Shift Register and Retiming Reporting
---------------------------------------------------------------------------------
---------------------------------------------------------------------------------
Start Writing Synthesis Report
---------------------------------------------------------------------------------

Report BlackBoxes: 
+-+--------------+----------+
| |BlackBox name |Instances |
+-+--------------+----------+
+-+--------------+----------+

Report Cell Usage: 
+------+---------+------+
|      |Cell     |Count |
+------+---------+------+
|1     |CARRY4   |   794|
|2     |DSP48E1  |     4|
|3     |LUT1     |   103|
|4     |LUT2     |  3222|
|5     |LUT3     |  2525|
|6     |LUT4     |   511|
|7     |LUT5     |   189|
|8     |LUT6     |   207|
|9     |RAMB18E1 |     3|
|11    |RAMB36E1 |     3|
|13    |SRL16E   |    28|
|14    |SRLC32E  |    17|
|15    |FDCE     |  2928|
|16    |FDPE     |    16|
|17    |FDRE     |   540|
|18    |FDSE     |    22|
+------+---------+------+
---------------------------------------------------------------------------------
Finished Writing Synthesis Report : Time (s): cpu = 00:01:19 ; elapsed = 00:01:26 . Memory (MB): peak = 1333.559 ; gain = 136.285
---------------------------------------------------------------------------------
Synthesis finished with 0 errors, 0 critical warnings and 0 warnings.
Synthesis Optimization Runtime : Time (s): cpu = 00:01:03 ; elapsed = 00:01:21 . Memory (MB): peak = 1333.559 ; gain = 79.449
Synthesis Optimization Complete : Time (s): cpu = 00:01:19 ; elapsed = 00:01:27 . Memory (MB): peak = 1333.559 ; gain = 136.285
INFO: [Project 1-571] Translating synthesized netlist
Netlist sorting complete. Time (s): cpu = 00:00:00 ; elapsed = 00:00:00.153 . Memory (MB): peak = 1345.590 ; gain = 0.000
INFO: [Netlist 29-17] Analyzing 804 Unisim elements for replacement
INFO: [Netlist 29-28] Unisim Transformation completed in 0 CPU seconds
INFO: [Project 1-570] Preparing netlist for logic optimization
INFO: [Opt 31-138] Pushed 0 inverter(s) to 0 load pin(s).
Netlist sorting complete. Time (s): cpu = 00:00:00 ; elapsed = 00:00:00.004 . Memory (MB): peak = 1349.301 ; gain = 0.000
INFO: [Project 1-111] Unisim Transformation Summary:
No Unisim elements were transformed.

Synth Design complete, checksum: 8ea94731
INFO: [Common 17-83] Releasing license: Synthesis
64 Infos, 4 Warnings, 0 Critical Warnings and 0 Errors encountered.
synth_design completed successfully
synth_design: Time (s): cpu = 00:01:27 ; elapsed = 00:01:40 . Memory (MB): peak = 1349.301 ; gain = 152.027
INFO: [Common 17-1381] The checkpoint 'D:/Work/fpga/zynq_cam_isp_demo/zynq_cam_isp_demo.runs/base_xil_vip_1_0_synth_1/base_xil_vip_1_0.dcp' has been generated.
INFO: [Coretcl 2-1648] Added synthesis output to IP cache for IP base_xil_vip_1_0, cache-ID = c8ae4a2d7ef4139c
INFO: [Coretcl 2-1174] Renamed 25 cell refs.
INFO: [Common 17-1381] The checkpoint 'D:/Work/fpga/zynq_cam_isp_demo/zynq_cam_isp_demo.runs/base_xil_vip_1_0_synth_1/base_xil_vip_1_0.dcp' has been generated.
INFO: [runtcl-4] Executing : report_utilization -file base_xil_vip_1_0_utilization_synth.rpt -pb base_xil_vip_1_0_utilization_synth.pb
INFO: [Common 17-206] Exiting Vivado at Fri Jul 15 22:36:12 2022...
