
*** Running vivado
    with args -log base_auto_pc_0.vds -m64 -product Vivado -mode batch -messageDb vivado.pb -notrace -source base_auto_pc_0.tcl



****** Vivado v2021.1 (64-bit)
  **** SW Build 3247384 on Thu Jun 10 19:36:33 MDT 2021
  **** IP Build 3246043 on Fri Jun 11 00:30:35 MDT 2021
    ** Copyright 1986-2021 Xilinx, Inc. All Rights Reserved.

source base_auto_pc_0.tcl -notrace
INFO: [IP_Flow 19-234] Refreshing IP repositories
INFO: [IP_Flow 19-1700] Loaded user IP repository 'd:/Work/fpga/zynq_cam_isp_demo/xil_ip_repo'.
INFO: [IP_Flow 19-2313] Loaded Vivado IP repository 'C:/Xilinx/Vivado/2021.1/data/ip'.
Command: synth_design -top base_auto_pc_0 -part xc7z020clg400-2 -mode out_of_context
Starting synth_design
Attempting to get a license for feature 'Synthesis' and/or device 'xc7z020'
INFO: [Common 17-349] Got license for feature 'Synthesis' and/or device 'xc7z020'
INFO: [Device 21-403] Loading part xc7z020clg400-2
INFO: [Synth 8-7079] Multithreading enabled for synth_design using a maximum of 2 processes.
INFO: [Synth 8-7078] Launching helper process for spawning children vivado processes
INFO: [Synth 8-7075] Helper process launched with PID 67940
---------------------------------------------------------------------------------
Starting RTL Elaboration : Time (s): cpu = 00:00:10 ; elapsed = 00:00:13 . Memory (MB): peak = 1220.824 ; gain = 0.000
---------------------------------------------------------------------------------
INFO: [Synth 8-6157] synthesizing module 'base_auto_pc_0' [d:/Work/fpga/zynq_cam_isp_demo/zynq_cam_isp_demo.gen/sources_1/bd/base/ip/base_auto_pc_0/synth/base_auto_pc_0.v:58]
INFO: [Synth 8-6157] synthesizing module 'axi_protocol_converter_v2_1_24_axi_protocol_converter' [d:/Work/fpga/zynq_cam_isp_demo/zynq_cam_isp_demo.gen/sources_1/bd/base/ipshared/6e0d/hdl/axi_protocol_converter_v2_1_vl_rfs.v:4808]
INFO: [Synth 8-6157] synthesizing module 'axi_protocol_converter_v2_1_24_b2s' [d:/Work/fpga/zynq_cam_isp_demo/zynq_cam_isp_demo.gen/sources_1/bd/base/ipshared/6e0d/hdl/axi_protocol_converter_v2_1_vl_rfs.v:4226]
INFO: [Synth 8-6157] synthesizing module 'axi_protocol_converter_v2_1_24_b2s_aw_channel' [d:/Work/fpga/zynq_cam_isp_demo/zynq_cam_isp_demo.gen/sources_1/bd/base/ipshared/6e0d/hdl/axi_protocol_converter_v2_1_vl_rfs.v:3971]
INFO: [Synth 8-6157] synthesizing module 'axi_protocol_converter_v2_1_24_b2s_cmd_translator' [d:/Work/fpga/zynq_cam_isp_demo/zynq_cam_isp_demo.gen/sources_1/bd/base/ipshared/6e0d/hdl/axi_protocol_converter_v2_1_vl_rfs.v:3464]
INFO: [Synth 8-6157] synthesizing module 'axi_protocol_converter_v2_1_24_b2s_incr_cmd' [d:/Work/fpga/zynq_cam_isp_demo/zynq_cam_isp_demo.gen/sources_1/bd/base/ipshared/6e0d/hdl/axi_protocol_converter_v2_1_vl_rfs.v:3092]
INFO: [Synth 8-6155] done synthesizing module 'axi_protocol_converter_v2_1_24_b2s_incr_cmd' (1#1) [d:/Work/fpga/zynq_cam_isp_demo/zynq_cam_isp_demo.gen/sources_1/bd/base/ipshared/6e0d/hdl/axi_protocol_converter_v2_1_vl_rfs.v:3092]
INFO: [Synth 8-6157] synthesizing module 'axi_protocol_converter_v2_1_24_b2s_wrap_cmd' [d:/Work/fpga/zynq_cam_isp_demo/zynq_cam_isp_demo.gen/sources_1/bd/base/ipshared/6e0d/hdl/axi_protocol_converter_v2_1_vl_rfs.v:2902]
INFO: [Synth 8-6155] done synthesizing module 'axi_protocol_converter_v2_1_24_b2s_wrap_cmd' (2#1) [d:/Work/fpga/zynq_cam_isp_demo/zynq_cam_isp_demo.gen/sources_1/bd/base/ipshared/6e0d/hdl/axi_protocol_converter_v2_1_vl_rfs.v:2902]
INFO: [Synth 8-6155] done synthesizing module 'axi_protocol_converter_v2_1_24_b2s_cmd_translator' (3#1) [d:/Work/fpga/zynq_cam_isp_demo/zynq_cam_isp_demo.gen/sources_1/bd/base/ipshared/6e0d/hdl/axi_protocol_converter_v2_1_vl_rfs.v:3464]
INFO: [Synth 8-6157] synthesizing module 'axi_protocol_converter_v2_1_24_b2s_wr_cmd_fsm' [d:/Work/fpga/zynq_cam_isp_demo/zynq_cam_isp_demo.gen/sources_1/bd/base/ipshared/6e0d/hdl/axi_protocol_converter_v2_1_vl_rfs.v:3224]
INFO: [Synth 8-226] default block is never used [d:/Work/fpga/zynq_cam_isp_demo/zynq_cam_isp_demo.gen/sources_1/bd/base/ipshared/6e0d/hdl/axi_protocol_converter_v2_1_vl_rfs.v:3277]
INFO: [Synth 8-6155] done synthesizing module 'axi_protocol_converter_v2_1_24_b2s_wr_cmd_fsm' (4#1) [d:/Work/fpga/zynq_cam_isp_demo/zynq_cam_isp_demo.gen/sources_1/bd/base/ipshared/6e0d/hdl/axi_protocol_converter_v2_1_vl_rfs.v:3224]
INFO: [Synth 8-6155] done synthesizing module 'axi_protocol_converter_v2_1_24_b2s_aw_channel' (5#1) [d:/Work/fpga/zynq_cam_isp_demo/zynq_cam_isp_demo.gen/sources_1/bd/base/ipshared/6e0d/hdl/axi_protocol_converter_v2_1_vl_rfs.v:3971]
INFO: [Synth 8-6157] synthesizing module 'axi_protocol_converter_v2_1_24_b2s_b_channel' [d:/Work/fpga/zynq_cam_isp_demo/zynq_cam_isp_demo.gen/sources_1/bd/base/ipshared/6e0d/hdl/axi_protocol_converter_v2_1_vl_rfs.v:3606]
INFO: [Synth 8-6157] synthesizing module 'axi_protocol_converter_v2_1_24_b2s_simple_fifo' [d:/Work/fpga/zynq_cam_isp_demo/zynq_cam_isp_demo.gen/sources_1/bd/base/ipshared/6e0d/hdl/axi_protocol_converter_v2_1_vl_rfs.v:2816]
INFO: [Synth 8-6155] done synthesizing module 'axi_protocol_converter_v2_1_24_b2s_simple_fifo' (6#1) [d:/Work/fpga/zynq_cam_isp_demo/zynq_cam_isp_demo.gen/sources_1/bd/base/ipshared/6e0d/hdl/axi_protocol_converter_v2_1_vl_rfs.v:2816]
INFO: [Synth 8-6157] synthesizing module 'axi_protocol_converter_v2_1_24_b2s_simple_fifo__parameterized0' [d:/Work/fpga/zynq_cam_isp_demo/zynq_cam_isp_demo.gen/sources_1/bd/base/ipshared/6e0d/hdl/axi_protocol_converter_v2_1_vl_rfs.v:2816]
INFO: [Synth 8-6155] done synthesizing module 'axi_protocol_converter_v2_1_24_b2s_simple_fifo__parameterized0' (6#1) [d:/Work/fpga/zynq_cam_isp_demo/zynq_cam_isp_demo.gen/sources_1/bd/base/ipshared/6e0d/hdl/axi_protocol_converter_v2_1_vl_rfs.v:2816]
INFO: [Synth 8-6155] done synthesizing module 'axi_protocol_converter_v2_1_24_b2s_b_channel' (7#1) [d:/Work/fpga/zynq_cam_isp_demo/zynq_cam_isp_demo.gen/sources_1/bd/base/ipshared/6e0d/hdl/axi_protocol_converter_v2_1_vl_rfs.v:3606]
INFO: [Synth 8-6157] synthesizing module 'axi_protocol_converter_v2_1_24_b2s_ar_channel' [d:/Work/fpga/zynq_cam_isp_demo/zynq_cam_isp_demo.gen/sources_1/bd/base/ipshared/6e0d/hdl/axi_protocol_converter_v2_1_vl_rfs.v:4082]
INFO: [Synth 8-6157] synthesizing module 'axi_protocol_converter_v2_1_24_b2s_rd_cmd_fsm' [d:/Work/fpga/zynq_cam_isp_demo/zynq_cam_isp_demo.gen/sources_1/bd/base/ipshared/6e0d/hdl/axi_protocol_converter_v2_1_vl_rfs.v:3334]
INFO: [Synth 8-226] default block is never used [d:/Work/fpga/zynq_cam_isp_demo/zynq_cam_isp_demo.gen/sources_1/bd/base/ipshared/6e0d/hdl/axi_protocol_converter_v2_1_vl_rfs.v:3395]
INFO: [Synth 8-6155] done synthesizing module 'axi_protocol_converter_v2_1_24_b2s_rd_cmd_fsm' (8#1) [d:/Work/fpga/zynq_cam_isp_demo/zynq_cam_isp_demo.gen/sources_1/bd/base/ipshared/6e0d/hdl/axi_protocol_converter_v2_1_vl_rfs.v:3334]
INFO: [Synth 8-6155] done synthesizing module 'axi_protocol_converter_v2_1_24_b2s_ar_channel' (9#1) [d:/Work/fpga/zynq_cam_isp_demo/zynq_cam_isp_demo.gen/sources_1/bd/base/ipshared/6e0d/hdl/axi_protocol_converter_v2_1_vl_rfs.v:4082]
INFO: [Synth 8-6157] synthesizing module 'axi_protocol_converter_v2_1_24_b2s_r_channel' [d:/Work/fpga/zynq_cam_isp_demo/zynq_cam_isp_demo.gen/sources_1/bd/base/ipshared/6e0d/hdl/axi_protocol_converter_v2_1_vl_rfs.v:3811]
INFO: [Synth 8-6157] synthesizing module 'axi_protocol_converter_v2_1_24_b2s_simple_fifo__parameterized1' [d:/Work/fpga/zynq_cam_isp_demo/zynq_cam_isp_demo.gen/sources_1/bd/base/ipshared/6e0d/hdl/axi_protocol_converter_v2_1_vl_rfs.v:2816]
INFO: [Synth 8-6155] done synthesizing module 'axi_protocol_converter_v2_1_24_b2s_simple_fifo__parameterized1' (9#1) [d:/Work/fpga/zynq_cam_isp_demo/zynq_cam_isp_demo.gen/sources_1/bd/base/ipshared/6e0d/hdl/axi_protocol_converter_v2_1_vl_rfs.v:2816]
INFO: [Synth 8-6157] synthesizing module 'axi_protocol_converter_v2_1_24_b2s_simple_fifo__parameterized2' [d:/Work/fpga/zynq_cam_isp_demo/zynq_cam_isp_demo.gen/sources_1/bd/base/ipshared/6e0d/hdl/axi_protocol_converter_v2_1_vl_rfs.v:2816]
INFO: [Synth 8-6155] done synthesizing module 'axi_protocol_converter_v2_1_24_b2s_simple_fifo__parameterized2' (9#1) [d:/Work/fpga/zynq_cam_isp_demo/zynq_cam_isp_demo.gen/sources_1/bd/base/ipshared/6e0d/hdl/axi_protocol_converter_v2_1_vl_rfs.v:2816]
INFO: [Synth 8-6155] done synthesizing module 'axi_protocol_converter_v2_1_24_b2s_r_channel' (10#1) [d:/Work/fpga/zynq_cam_isp_demo/zynq_cam_isp_demo.gen/sources_1/bd/base/ipshared/6e0d/hdl/axi_protocol_converter_v2_1_vl_rfs.v:3811]
INFO: [Synth 8-6157] synthesizing module 'axi_register_slice_v2_1_24_axi_register_slice' [d:/Work/fpga/zynq_cam_isp_demo/zynq_cam_isp_demo.gen/sources_1/bd/base/ipshared/8f68/hdl/axi_register_slice_v2_1_vl_rfs.v:3726]
INFO: [Synth 8-6157] synthesizing module 'axi_infrastructure_v1_1_0_axi2vector' [d:/Work/fpga/zynq_cam_isp_demo/zynq_cam_isp_demo.gen/sources_1/bd/base/ipshared/ec67/hdl/axi_infrastructure_v1_1_vl_rfs.v:60]
INFO: [Synth 8-6155] done synthesizing module 'axi_infrastructure_v1_1_0_axi2vector' (11#1) [d:/Work/fpga/zynq_cam_isp_demo/zynq_cam_isp_demo.gen/sources_1/bd/base/ipshared/ec67/hdl/axi_infrastructure_v1_1_vl_rfs.v:60]
INFO: [Synth 8-6157] synthesizing module 'axi_infrastructure_v1_1_0_vector2axi' [d:/Work/fpga/zynq_cam_isp_demo/zynq_cam_isp_demo.gen/sources_1/bd/base/ipshared/ec67/hdl/axi_infrastructure_v1_1_vl_rfs.v:474]
INFO: [Synth 8-6155] done synthesizing module 'axi_infrastructure_v1_1_0_vector2axi' (12#1) [d:/Work/fpga/zynq_cam_isp_demo/zynq_cam_isp_demo.gen/sources_1/bd/base/ipshared/ec67/hdl/axi_infrastructure_v1_1_vl_rfs.v:474]
INFO: [Synth 8-6157] synthesizing module 'axi_register_slice_v2_1_24_axic_register_slice' [d:/Work/fpga/zynq_cam_isp_demo/zynq_cam_isp_demo.gen/sources_1/bd/base/ipshared/8f68/hdl/axi_register_slice_v2_1_vl_rfs.v:1498]
INFO: [Synth 8-6155] done synthesizing module 'axi_register_slice_v2_1_24_axic_register_slice' (13#1) [d:/Work/fpga/zynq_cam_isp_demo/zynq_cam_isp_demo.gen/sources_1/bd/base/ipshared/8f68/hdl/axi_register_slice_v2_1_vl_rfs.v:1498]
INFO: [Synth 8-6157] synthesizing module 'axi_register_slice_v2_1_24_axic_register_slice__parameterized0' [d:/Work/fpga/zynq_cam_isp_demo/zynq_cam_isp_demo.gen/sources_1/bd/base/ipshared/8f68/hdl/axi_register_slice_v2_1_vl_rfs.v:1498]
INFO: [Synth 8-6155] done synthesizing module 'axi_register_slice_v2_1_24_axic_register_slice__parameterized0' (13#1) [d:/Work/fpga/zynq_cam_isp_demo/zynq_cam_isp_demo.gen/sources_1/bd/base/ipshared/8f68/hdl/axi_register_slice_v2_1_vl_rfs.v:1498]
INFO: [Synth 8-6157] synthesizing module 'axi_register_slice_v2_1_24_axic_register_slice__parameterized1' [d:/Work/fpga/zynq_cam_isp_demo/zynq_cam_isp_demo.gen/sources_1/bd/base/ipshared/8f68/hdl/axi_register_slice_v2_1_vl_rfs.v:1498]
INFO: [Synth 8-6155] done synthesizing module 'axi_register_slice_v2_1_24_axic_register_slice__parameterized1' (13#1) [d:/Work/fpga/zynq_cam_isp_demo/zynq_cam_isp_demo.gen/sources_1/bd/base/ipshared/8f68/hdl/axi_register_slice_v2_1_vl_rfs.v:1498]
INFO: [Synth 8-6157] synthesizing module 'axi_register_slice_v2_1_24_axic_register_slice__parameterized2' [d:/Work/fpga/zynq_cam_isp_demo/zynq_cam_isp_demo.gen/sources_1/bd/base/ipshared/8f68/hdl/axi_register_slice_v2_1_vl_rfs.v:1498]
INFO: [Synth 8-6155] done synthesizing module 'axi_register_slice_v2_1_24_axic_register_slice__parameterized2' (13#1) [d:/Work/fpga/zynq_cam_isp_demo/zynq_cam_isp_demo.gen/sources_1/bd/base/ipshared/8f68/hdl/axi_register_slice_v2_1_vl_rfs.v:1498]
INFO: [Synth 8-6155] done synthesizing module 'axi_register_slice_v2_1_24_axi_register_slice' (14#1) [d:/Work/fpga/zynq_cam_isp_demo/zynq_cam_isp_demo.gen/sources_1/bd/base/ipshared/8f68/hdl/axi_register_slice_v2_1_vl_rfs.v:3726]
WARNING: [Synth 8-7071] port 'aclk2x' of module 'axi_register_slice_v2_1_24_axi_register_slice' is unconnected for instance 'SI_REG' [d:/Work/fpga/zynq_cam_isp_demo/zynq_cam_isp_demo.gen/sources_1/bd/base/ipshared/6e0d/hdl/axi_protocol_converter_v2_1_vl_rfs.v:4392]
WARNING: [Synth 8-7023] instance 'SI_REG' of module 'axi_register_slice_v2_1_24_axi_register_slice' has 93 connections declared, but only 92 given [d:/Work/fpga/zynq_cam_isp_demo/zynq_cam_isp_demo.gen/sources_1/bd/base/ipshared/6e0d/hdl/axi_protocol_converter_v2_1_vl_rfs.v:4392]
INFO: [Synth 8-6157] synthesizing module 'axi_register_slice_v2_1_24_axi_register_slice__parameterized0' [d:/Work/fpga/zynq_cam_isp_demo/zynq_cam_isp_demo.gen/sources_1/bd/base/ipshared/8f68/hdl/axi_register_slice_v2_1_vl_rfs.v:3726]
INFO: [Synth 8-6157] synthesizing module 'axi_infrastructure_v1_1_0_axi2vector__parameterized0' [d:/Work/fpga/zynq_cam_isp_demo/zynq_cam_isp_demo.gen/sources_1/bd/base/ipshared/ec67/hdl/axi_infrastructure_v1_1_vl_rfs.v:60]
INFO: [Synth 8-6155] done synthesizing module 'axi_infrastructure_v1_1_0_axi2vector__parameterized0' (14#1) [d:/Work/fpga/zynq_cam_isp_demo/zynq_cam_isp_demo.gen/sources_1/bd/base/ipshared/ec67/hdl/axi_infrastructure_v1_1_vl_rfs.v:60]
INFO: [Synth 8-6157] synthesizing module 'axi_infrastructure_v1_1_0_vector2axi__parameterized0' [d:/Work/fpga/zynq_cam_isp_demo/zynq_cam_isp_demo.gen/sources_1/bd/base/ipshared/ec67/hdl/axi_infrastructure_v1_1_vl_rfs.v:474]
INFO: [Synth 8-6155] done synthesizing module 'axi_infrastructure_v1_1_0_vector2axi__parameterized0' (14#1) [d:/Work/fpga/zynq_cam_isp_demo/zynq_cam_isp_demo.gen/sources_1/bd/base/ipshared/ec67/hdl/axi_infrastructure_v1_1_vl_rfs.v:474]
INFO: [Synth 8-6157] synthesizing module 'axi_register_slice_v2_1_24_axic_register_slice__parameterized3' [d:/Work/fpga/zynq_cam_isp_demo/zynq_cam_isp_demo.gen/sources_1/bd/base/ipshared/8f68/hdl/axi_register_slice_v2_1_vl_rfs.v:1498]
INFO: [Synth 8-6155] done synthesizing module 'axi_register_slice_v2_1_24_axic_register_slice__parameterized3' (14#1) [d:/Work/fpga/zynq_cam_isp_demo/zynq_cam_isp_demo.gen/sources_1/bd/base/ipshared/8f68/hdl/axi_register_slice_v2_1_vl_rfs.v:1498]
INFO: [Synth 8-6157] synthesizing module 'axi_register_slice_v2_1_24_axic_register_slice__parameterized4' [d:/Work/fpga/zynq_cam_isp_demo/zynq_cam_isp_demo.gen/sources_1/bd/base/ipshared/8f68/hdl/axi_register_slice_v2_1_vl_rfs.v:1498]
INFO: [Synth 8-6155] done synthesizing module 'axi_register_slice_v2_1_24_axic_register_slice__parameterized4' (14#1) [d:/Work/fpga/zynq_cam_isp_demo/zynq_cam_isp_demo.gen/sources_1/bd/base/ipshared/8f68/hdl/axi_register_slice_v2_1_vl_rfs.v:1498]
INFO: [Synth 8-6157] synthesizing module 'axi_register_slice_v2_1_24_axic_register_slice__parameterized5' [d:/Work/fpga/zynq_cam_isp_demo/zynq_cam_isp_demo.gen/sources_1/bd/base/ipshared/8f68/hdl/axi_register_slice_v2_1_vl_rfs.v:1498]
INFO: [Synth 8-6155] done synthesizing module 'axi_register_slice_v2_1_24_axic_register_slice__parameterized5' (14#1) [d:/Work/fpga/zynq_cam_isp_demo/zynq_cam_isp_demo.gen/sources_1/bd/base/ipshared/8f68/hdl/axi_register_slice_v2_1_vl_rfs.v:1498]
INFO: [Synth 8-6157] synthesizing module 'axi_register_slice_v2_1_24_axic_register_slice__parameterized6' [d:/Work/fpga/zynq_cam_isp_demo/zynq_cam_isp_demo.gen/sources_1/bd/base/ipshared/8f68/hdl/axi_register_slice_v2_1_vl_rfs.v:1498]
INFO: [Synth 8-6155] done synthesizing module 'axi_register_slice_v2_1_24_axic_register_slice__parameterized6' (14#1) [d:/Work/fpga/zynq_cam_isp_demo/zynq_cam_isp_demo.gen/sources_1/bd/base/ipshared/8f68/hdl/axi_register_slice_v2_1_vl_rfs.v:1498]
INFO: [Synth 8-6155] done synthesizing module 'axi_register_slice_v2_1_24_axi_register_slice__parameterized0' (14#1) [d:/Work/fpga/zynq_cam_isp_demo/zynq_cam_isp_demo.gen/sources_1/bd/base/ipshared/8f68/hdl/axi_register_slice_v2_1_vl_rfs.v:3726]
WARNING: [Synth 8-7071] port 'aclk2x' of module 'axi_register_slice_v2_1_24_axi_register_slice' is unconnected for instance 'MI_REG' [d:/Work/fpga/zynq_cam_isp_demo/zynq_cam_isp_demo.gen/sources_1/bd/base/ipshared/6e0d/hdl/axi_protocol_converter_v2_1_vl_rfs.v:4647]
WARNING: [Synth 8-7023] instance 'MI_REG' of module 'axi_register_slice_v2_1_24_axi_register_slice' has 93 connections declared, but only 92 given [d:/Work/fpga/zynq_cam_isp_demo/zynq_cam_isp_demo.gen/sources_1/bd/base/ipshared/6e0d/hdl/axi_protocol_converter_v2_1_vl_rfs.v:4647]
INFO: [Synth 8-6155] done synthesizing module 'axi_protocol_converter_v2_1_24_b2s' (15#1) [d:/Work/fpga/zynq_cam_isp_demo/zynq_cam_isp_demo.gen/sources_1/bd/base/ipshared/6e0d/hdl/axi_protocol_converter_v2_1_vl_rfs.v:4226]
INFO: [Synth 8-6155] done synthesizing module 'axi_protocol_converter_v2_1_24_axi_protocol_converter' (16#1) [d:/Work/fpga/zynq_cam_isp_demo/zynq_cam_isp_demo.gen/sources_1/bd/base/ipshared/6e0d/hdl/axi_protocol_converter_v2_1_vl_rfs.v:4808]
INFO: [Synth 8-6155] done synthesizing module 'base_auto_pc_0' (17#1) [d:/Work/fpga/zynq_cam_isp_demo/zynq_cam_isp_demo.gen/sources_1/bd/base/ip/base_auto_pc_0/synth/base_auto_pc_0.v:58]
---------------------------------------------------------------------------------
Finished RTL Elaboration : Time (s): cpu = 00:00:18 ; elapsed = 00:00:26 . Memory (MB): peak = 1224.270 ; gain = 3.445
---------------------------------------------------------------------------------
---------------------------------------------------------------------------------
Start Handling Custom Attributes
---------------------------------------------------------------------------------
---------------------------------------------------------------------------------
Finished Handling Custom Attributes : Time (s): cpu = 00:00:19 ; elapsed = 00:00:27 . Memory (MB): peak = 1224.270 ; gain = 3.445
---------------------------------------------------------------------------------
---------------------------------------------------------------------------------
Finished RTL Optimization Phase 1 : Time (s): cpu = 00:00:19 ; elapsed = 00:00:27 . Memory (MB): peak = 1224.270 ; gain = 3.445
---------------------------------------------------------------------------------
Netlist sorting complete. Time (s): cpu = 00:00:00 ; elapsed = 00:00:00.172 . Memory (MB): peak = 1224.270 ; gain = 0.000
INFO: [Project 1-570] Preparing netlist for logic optimization

Processing XDC Constraints
Initializing timing engine
Parsing XDC File [d:/Work/fpga/zynq_cam_isp_demo/zynq_cam_isp_demo.gen/sources_1/bd/base/ip/base_auto_pc_0/base_auto_pc_0_ooc.xdc] for cell 'inst'
Finished Parsing XDC File [d:/Work/fpga/zynq_cam_isp_demo/zynq_cam_isp_demo.gen/sources_1/bd/base/ip/base_auto_pc_0/base_auto_pc_0_ooc.xdc] for cell 'inst'
Parsing XDC File [D:/Work/fpga/zynq_cam_isp_demo/zynq_cam_isp_demo.runs/base_auto_pc_0_synth_1/dont_touch.xdc]
Finished Parsing XDC File [D:/Work/fpga/zynq_cam_isp_demo/zynq_cam_isp_demo.runs/base_auto_pc_0_synth_1/dont_touch.xdc]
Completed Processing XDC Constraints

Netlist sorting complete. Time (s): cpu = 00:00:00 ; elapsed = 00:00:00.002 . Memory (MB): peak = 1244.125 ; gain = 0.000
INFO: [Project 1-111] Unisim Transformation Summary:
No Unisim elements were transformed.

Constraint Validation Runtime : Time (s): cpu = 00:00:00 ; elapsed = 00:00:00.146 . Memory (MB): peak = 1256.496 ; gain = 12.371
---------------------------------------------------------------------------------
Finished Constraint Validation : Time (s): cpu = 00:00:30 ; elapsed = 00:00:39 . Memory (MB): peak = 1256.496 ; gain = 35.672
---------------------------------------------------------------------------------
---------------------------------------------------------------------------------
Start Loading Part and Timing Information
---------------------------------------------------------------------------------
Loading part: xc7z020clg400-2
---------------------------------------------------------------------------------
Finished Loading Part and Timing Information : Time (s): cpu = 00:00:30 ; elapsed = 00:00:39 . Memory (MB): peak = 1256.496 ; gain = 35.672
---------------------------------------------------------------------------------
---------------------------------------------------------------------------------
Start Applying 'set_property' XDC Constraints
---------------------------------------------------------------------------------
Applied set_property KEEP_HIERARCHY = SOFT for inst. (constraint file  D:/Work/fpga/zynq_cam_isp_demo/zynq_cam_isp_demo.runs/base_auto_pc_0_synth_1/dont_touch.xdc, line 9).
---------------------------------------------------------------------------------
Finished applying 'set_property' XDC Constraints : Time (s): cpu = 00:00:30 ; elapsed = 00:00:39 . Memory (MB): peak = 1256.496 ; gain = 35.672
---------------------------------------------------------------------------------
INFO: [Synth 8-802] inferred FSM for state register 'state_reg' in module 'axi_protocol_converter_v2_1_24_b2s_wr_cmd_fsm'
INFO: [Synth 8-802] inferred FSM for state register 'state_reg' in module 'axi_protocol_converter_v2_1_24_b2s_rd_cmd_fsm'
---------------------------------------------------------------------------------------------------
                   State |                     New Encoding |                Previous Encoding 
---------------------------------------------------------------------------------------------------
                 SM_IDLE |                               01 |                               00
               SM_CMD_EN |                               11 |                               01
         SM_CMD_ACCEPTED |                               10 |                               10
            SM_DONE_WAIT |                               00 |                               11
---------------------------------------------------------------------------------------------------
INFO: [Synth 8-3354] encoded FSM with state register 'state_reg' using encoding 'sequential' in module 'axi_protocol_converter_v2_1_24_b2s_wr_cmd_fsm'
---------------------------------------------------------------------------------------------------
                   State |                     New Encoding |                Previous Encoding 
---------------------------------------------------------------------------------------------------
                 SM_IDLE |                               01 |                               00
               SM_CMD_EN |                               11 |                               01
         SM_CMD_ACCEPTED |                               10 |                               10
                 SM_DONE |                               00 |                               11
---------------------------------------------------------------------------------------------------
INFO: [Synth 8-3354] encoded FSM with state register 'state_reg' using encoding 'sequential' in module 'axi_protocol_converter_v2_1_24_b2s_rd_cmd_fsm'
---------------------------------------------------------------------------------
Finished RTL Optimization Phase 2 : Time (s): cpu = 00:00:31 ; elapsed = 00:00:40 . Memory (MB): peak = 1256.496 ; gain = 35.672
---------------------------------------------------------------------------------
---------------------------------------------------------------------------------
Start RTL Component Statistics 
---------------------------------------------------------------------------------
Detailed RTL Component Info : 
+---Adders : 
	   2 Input   12 Bit       Adders := 8     
	   2 Input    9 Bit       Adders := 2     
	   2 Input    8 Bit       Adders := 1     
	   2 Input    5 Bit       Adders := 4     
	   2 Input    4 Bit       Adders := 4     
	   2 Input    2 Bit       Adders := 2     
+---Registers : 
	               66 Bit    Registers := 4     
	               47 Bit    Registers := 2     
	               14 Bit    Registers := 2     
	               12 Bit    Registers := 9     
	                9 Bit    Registers := 2     
	                8 Bit    Registers := 2     
	                5 Bit    Registers := 4     
	                4 Bit    Registers := 6     
	                2 Bit    Registers := 7     
	                1 Bit    Registers := 28    
+---Muxes : 
	   2 Input   66 Bit        Muxes := 4     
	   2 Input   47 Bit        Muxes := 2     
	   2 Input   32 Bit        Muxes := 8     
	   2 Input   14 Bit        Muxes := 2     
	   2 Input   12 Bit        Muxes := 6     
	   2 Input    9 Bit        Muxes := 4     
	   2 Input    5 Bit        Muxes := 4     
	   2 Input    4 Bit        Muxes := 18    
	   2 Input    2 Bit        Muxes := 17    
	   4 Input    2 Bit        Muxes := 4     
	   2 Input    1 Bit        Muxes := 29    
---------------------------------------------------------------------------------
Finished RTL Component Statistics 
---------------------------------------------------------------------------------
---------------------------------------------------------------------------------
Start Part Resource Summary
---------------------------------------------------------------------------------
Part Resources:
DSPs: 220 (col length:60)
BRAMs: 280 (col length: RAMB18 60 RAMB36 30)
---------------------------------------------------------------------------------
Finished Part Resource Summary
---------------------------------------------------------------------------------
---------------------------------------------------------------------------------
Start Cross Boundary and Area Optimization
---------------------------------------------------------------------------------
---------------------------------------------------------------------------------
Finished Cross Boundary and Area Optimization : Time (s): cpu = 00:00:36 ; elapsed = 00:00:47 . Memory (MB): peak = 1256.496 ; gain = 35.672
---------------------------------------------------------------------------------
---------------------------------------------------------------------------------
Start Applying XDC Timing Constraints
---------------------------------------------------------------------------------
---------------------------------------------------------------------------------
Finished Applying XDC Timing Constraints : Time (s): cpu = 00:00:46 ; elapsed = 00:00:58 . Memory (MB): peak = 1256.496 ; gain = 35.672
---------------------------------------------------------------------------------
---------------------------------------------------------------------------------
Start Timing Optimization
---------------------------------------------------------------------------------
---------------------------------------------------------------------------------
Finished Timing Optimization : Time (s): cpu = 00:00:49 ; elapsed = 00:01:01 . Memory (MB): peak = 1277.668 ; gain = 56.844
---------------------------------------------------------------------------------
---------------------------------------------------------------------------------
Start Technology Mapping
---------------------------------------------------------------------------------
---------------------------------------------------------------------------------
Finished Technology Mapping : Time (s): cpu = 00:00:49 ; elapsed = 00:01:02 . Memory (MB): peak = 1280.781 ; gain = 59.957
---------------------------------------------------------------------------------
---------------------------------------------------------------------------------
Start IO Insertion
---------------------------------------------------------------------------------
---------------------------------------------------------------------------------
Start Flattening Before IO Insertion
---------------------------------------------------------------------------------
---------------------------------------------------------------------------------
Finished Flattening Before IO Insertion
---------------------------------------------------------------------------------
---------------------------------------------------------------------------------
Start Final Netlist Cleanup
---------------------------------------------------------------------------------
---------------------------------------------------------------------------------
Finished Final Netlist Cleanup
---------------------------------------------------------------------------------
---------------------------------------------------------------------------------
Finished IO Insertion : Time (s): cpu = 00:00:54 ; elapsed = 00:01:08 . Memory (MB): peak = 1280.781 ; gain = 59.957
---------------------------------------------------------------------------------
---------------------------------------------------------------------------------
Start Renaming Generated Instances
---------------------------------------------------------------------------------
---------------------------------------------------------------------------------
Finished Renaming Generated Instances : Time (s): cpu = 00:00:54 ; elapsed = 00:01:08 . Memory (MB): peak = 1280.781 ; gain = 59.957
---------------------------------------------------------------------------------
---------------------------------------------------------------------------------
Start Rebuilding User Hierarchy
---------------------------------------------------------------------------------
---------------------------------------------------------------------------------
Finished Rebuilding User Hierarchy : Time (s): cpu = 00:00:55 ; elapsed = 00:01:08 . Memory (MB): peak = 1280.781 ; gain = 59.957
---------------------------------------------------------------------------------
---------------------------------------------------------------------------------
Start Renaming Generated Ports
---------------------------------------------------------------------------------
---------------------------------------------------------------------------------
Finished Renaming Generated Ports : Time (s): cpu = 00:00:55 ; elapsed = 00:01:08 . Memory (MB): peak = 1280.781 ; gain = 59.957
---------------------------------------------------------------------------------
---------------------------------------------------------------------------------
Start Handling Custom Attributes
---------------------------------------------------------------------------------
---------------------------------------------------------------------------------
Finished Handling Custom Attributes : Time (s): cpu = 00:00:55 ; elapsed = 00:01:08 . Memory (MB): peak = 1280.781 ; gain = 59.957
---------------------------------------------------------------------------------
---------------------------------------------------------------------------------
Start Renaming Generated Nets
---------------------------------------------------------------------------------
---------------------------------------------------------------------------------
Finished Renaming Generated Nets : Time (s): cpu = 00:00:55 ; elapsed = 00:01:08 . Memory (MB): peak = 1280.781 ; gain = 59.957
---------------------------------------------------------------------------------
---------------------------------------------------------------------------------
Start ROM, RAM, DSP, Shift Register and Retiming Reporting
---------------------------------------------------------------------------------

Dynamic Shift Register Report:
+------------+----------------+--------+------------+--------+---------+--------+--------+--------+
|Module Name | RTL Name       | Length | Data Width | SRL16E | SRLC32E | Mux F7 | Mux F8 | Mux F9 | 
+------------+----------------+--------+------------+--------+---------+--------+--------+--------+
|dsrl        | memory_reg[3]  | 20     | 20         | 20     | 0       | 0      | 0      | 0      | 
|dsrl__1     | memory_reg[3]  | 2      | 2          | 2      | 0       | 0      | 0      | 0      | 
|dsrl__2     | memory_reg[31] | 34     | 34         | 0      | 34      | 0      | 0      | 0      | 
|dsrl__3     | memory_reg[31] | 13     | 13         | 0      | 13      | 0      | 0      | 0      | 
+------------+----------------+--------+------------+--------+---------+--------+--------+--------+

---------------------------------------------------------------------------------
Finished ROM, RAM, DSP, Shift Register and Retiming Reporting
---------------------------------------------------------------------------------
---------------------------------------------------------------------------------
Start Writing Synthesis Report
---------------------------------------------------------------------------------

Report BlackBoxes: 
+-+--------------+----------+
| |BlackBox name |Instances |
+-+--------------+----------+
+-+--------------+----------+

Report Cell Usage: 
+------+--------+------+
|      |Cell    |Count |
+------+--------+------+
|1     |CARRY4  |    18|
|2     |LUT1    |     5|
|3     |LUT2    |    19|
|4     |LUT3    |   236|
|5     |LUT4    |    43|
|6     |LUT5    |    53|
|7     |LUT6    |   130|
|8     |SRL16E  |    18|
|9     |SRLC32E |    47|
|10    |FDRE    |   546|
|11    |FDSE    |    16|
+------+--------+------+
---------------------------------------------------------------------------------
Finished Writing Synthesis Report : Time (s): cpu = 00:00:55 ; elapsed = 00:01:08 . Memory (MB): peak = 1280.781 ; gain = 59.957
---------------------------------------------------------------------------------
Synthesis finished with 0 errors, 0 critical warnings and 0 warnings.
Synthesis Optimization Runtime : Time (s): cpu = 00:00:32 ; elapsed = 00:01:03 . Memory (MB): peak = 1280.781 ; gain = 27.730
Synthesis Optimization Complete : Time (s): cpu = 00:00:55 ; elapsed = 00:01:08 . Memory (MB): peak = 1280.781 ; gain = 59.957
INFO: [Project 1-571] Translating synthesized netlist
Netlist sorting complete. Time (s): cpu = 00:00:00 ; elapsed = 00:00:00.065 . Memory (MB): peak = 1290.211 ; gain = 0.000
INFO: [Netlist 29-17] Analyzing 18 Unisim elements for replacement
INFO: [Netlist 29-28] Unisim Transformation completed in 0 CPU seconds
INFO: [Project 1-570] Preparing netlist for logic optimization
INFO: [Opt 31-138] Pushed 0 inverter(s) to 0 load pin(s).
Netlist sorting complete. Time (s): cpu = 00:00:00 ; elapsed = 00:00:00.001 . Memory (MB): peak = 1294.922 ; gain = 0.000
INFO: [Project 1-111] Unisim Transformation Summary:
No Unisim elements were transformed.

Synth Design complete, checksum: c3ababee
INFO: [Common 17-83] Releasing license: Synthesis
83 Infos, 4 Warnings, 0 Critical Warnings and 0 Errors encountered.
synth_design completed successfully
synth_design: Time (s): cpu = 00:01:01 ; elapsed = 00:01:19 . Memory (MB): peak = 1294.922 ; gain = 74.098
INFO: [Common 17-1381] The checkpoint 'D:/Work/fpga/zynq_cam_isp_demo/zynq_cam_isp_demo.runs/base_auto_pc_0_synth_1/base_auto_pc_0.dcp' has been generated.
INFO: [Coretcl 2-1648] Added synthesis output to IP cache for IP base_auto_pc_0, cache-ID = 6261aa2cb3b7e3bf
INFO: [Coretcl 2-1174] Renamed 23 cell refs.
INFO: [Common 17-1381] The checkpoint 'D:/Work/fpga/zynq_cam_isp_demo/zynq_cam_isp_demo.runs/base_auto_pc_0_synth_1/base_auto_pc_0.dcp' has been generated.
INFO: [runtcl-4] Executing : report_utilization -file base_auto_pc_0_utilization_synth.rpt -pb base_auto_pc_0_utilization_synth.pb
INFO: [Common 17-206] Exiting Vivado at Fri Jul 15 22:35:31 2022...
