
*** Running vivado
    with args -log base_axi_intc_0_0.vds -m64 -product Vivado -mode batch -messageDb vivado.pb -notrace -source base_axi_intc_0_0.tcl



****** Vivado v2021.1 (64-bit)
  **** SW Build 3247384 on Thu Jun 10 19:36:33 MDT 2021
  **** IP Build 3246043 on Fri Jun 11 00:30:35 MDT 2021
    ** Copyright 1986-2021 Xilinx, Inc. All Rights Reserved.

source base_axi_intc_0_0.tcl -notrace
INFO: [IP_Flow 19-234] Refreshing IP repositories
INFO: [IP_Flow 19-1700] Loaded user IP repository 'd:/Work/fpga/zynq_cam_isp_demo/xil_ip_repo'.
INFO: [IP_Flow 19-2313] Loaded Vivado IP repository 'C:/Xilinx/Vivado/2021.1/data/ip'.
Command: synth_design -top base_axi_intc_0_0 -part xc7z020clg400-2 -mode out_of_context
Starting synth_design
Attempting to get a license for feature 'Synthesis' and/or device 'xc7z020'
INFO: [Common 17-349] Got license for feature 'Synthesis' and/or device 'xc7z020'
INFO: [Device 21-403] Loading part xc7z020clg400-2
INFO: [Synth 8-7079] Multithreading enabled for synth_design using a maximum of 2 processes.
INFO: [Synth 8-7078] Launching helper process for spawning children vivado processes
INFO: [Synth 8-7075] Helper process launched with PID 28796
---------------------------------------------------------------------------------
Starting RTL Elaboration : Time (s): cpu = 00:00:05 ; elapsed = 00:00:07 . Memory (MB): peak = 1185.164 ; gain = 0.000
---------------------------------------------------------------------------------
INFO: [Synth 8-638] synthesizing module 'base_axi_intc_0_0' [d:/Work/fpga/zynq_cam_isp_demo/zynq_cam_isp_demo.gen/sources_1/bd/base/ip/base_axi_intc_0_0/synth/base_axi_intc_0_0.vhd:85]
	Parameter C_FAMILY bound to: zynq - type: string 
	Parameter C_INSTANCE bound to: base_axi_intc_0_0 - type: string 
	Parameter C_S_AXI_ADDR_WIDTH bound to: 9 - type: integer 
	Parameter C_S_AXI_DATA_WIDTH bound to: 32 - type: integer 
	Parameter C_NUM_INTR_INPUTS bound to: 11 - type: integer 
	Parameter C_NUM_SW_INTR bound to: 0 - type: integer 
	Parameter C_KIND_OF_INTR bound to: 32'b11111111111111111111100000000000 
	Parameter C_KIND_OF_EDGE bound to: 32'b11111111111111111111111111111111 
	Parameter C_KIND_OF_LVL bound to: 32'b11111111111111111111111111111111 
	Parameter C_ASYNC_INTR bound to: 32'b11111111111111111111111111101111 
	Parameter C_NUM_SYNC_FF bound to: 2 - type: integer 
	Parameter C_ADDR_WIDTH bound to: 32 - type: integer 
	Parameter C_IVAR_RESET_VALUE bound to: 64'b0000000000000000000000000000000000000000000000000000000000010000 
	Parameter C_ENABLE_ASYNC bound to: 0 - type: integer 
	Parameter C_HAS_IPR bound to: 1 - type: integer 
	Parameter C_HAS_SIE bound to: 1 - type: integer 
	Parameter C_HAS_CIE bound to: 1 - type: integer 
	Parameter C_HAS_IVR bound to: 1 - type: integer 
	Parameter C_HAS_ILR bound to: 0 - type: integer 
	Parameter C_IRQ_IS_LEVEL bound to: 1 - type: integer 
	Parameter C_IRQ_ACTIVE bound to: 1'b1 
	Parameter C_DISABLE_SYNCHRONIZERS bound to: 1 - type: integer 
	Parameter C_MB_CLK_NOT_CONNECTED bound to: 1 - type: integer 
	Parameter C_HAS_FAST bound to: 0 - type: integer 
	Parameter C_EN_CASCADE_MODE bound to: 0 - type: integer 
	Parameter C_CASCADE_MASTER bound to: 0 - type: integer 
INFO: [Synth 8-3491] module 'axi_intc' declared at 'd:/Work/fpga/zynq_cam_isp_demo/zynq_cam_isp_demo.gen/sources_1/bd/base/ipshared/47b8/hdl/axi_intc_v4_1_vh_rfs.vhd:3452' bound to instance 'U0' of component 'axi_intc' [d:/Work/fpga/zynq_cam_isp_demo/zynq_cam_isp_demo.gen/sources_1/bd/base/ip/base_axi_intc_0_0/synth/base_axi_intc_0_0.vhd:185]
INFO: [Synth 8-638] synthesizing module 'axi_intc' [d:/Work/fpga/zynq_cam_isp_demo/zynq_cam_isp_demo.gen/sources_1/bd/base/ipshared/47b8/hdl/axi_intc_v4_1_vh_rfs.vhd:3553]
INFO: [Synth 8-638] synthesizing module 'intc_core' [d:/Work/fpga/zynq_cam_isp_demo/zynq_cam_isp_demo.gen/sources_1/bd/base/ipshared/47b8/hdl/axi_intc_v4_1_vh_rfs.vhd:794]
INFO: [Synth 8-256] done synthesizing module 'intc_core' (1#1) [d:/Work/fpga/zynq_cam_isp_demo/zynq_cam_isp_demo.gen/sources_1/bd/base/ipshared/47b8/hdl/axi_intc_v4_1_vh_rfs.vhd:794]
INFO: [Synth 8-638] synthesizing module 'axi_lite_ipif' [d:/Work/fpga/zynq_cam_isp_demo/zynq_cam_isp_demo.gen/sources_1/bd/base/ipshared/66ea/hdl/axi_lite_ipif_v3_0_vh_rfs.vhd:2948]
INFO: [Synth 8-638] synthesizing module 'slave_attachment' [d:/Work/fpga/zynq_cam_isp_demo/zynq_cam_isp_demo.gen/sources_1/bd/base/ipshared/66ea/hdl/axi_lite_ipif_v3_0_vh_rfs.vhd:2341]
INFO: [Synth 8-638] synthesizing module 'address_decoder' [d:/Work/fpga/zynq_cam_isp_demo/zynq_cam_isp_demo.gen/sources_1/bd/base/ipshared/66ea/hdl/axi_lite_ipif_v3_0_vh_rfs.vhd:1775]
INFO: [Synth 8-638] synthesizing module 'pselect_f' [d:/Work/fpga/zynq_cam_isp_demo/zynq_cam_isp_demo.gen/sources_1/bd/base/ipshared/66ea/hdl/axi_lite_ipif_v3_0_vh_rfs.vhd:1534]
INFO: [Synth 8-256] done synthesizing module 'pselect_f' (2#1) [d:/Work/fpga/zynq_cam_isp_demo/zynq_cam_isp_demo.gen/sources_1/bd/base/ipshared/66ea/hdl/axi_lite_ipif_v3_0_vh_rfs.vhd:1534]
INFO: [Synth 8-638] synthesizing module 'pselect_f__parameterized0' [d:/Work/fpga/zynq_cam_isp_demo/zynq_cam_isp_demo.gen/sources_1/bd/base/ipshared/66ea/hdl/axi_lite_ipif_v3_0_vh_rfs.vhd:1534]
INFO: [Synth 8-256] done synthesizing module 'pselect_f__parameterized0' (2#1) [d:/Work/fpga/zynq_cam_isp_demo/zynq_cam_isp_demo.gen/sources_1/bd/base/ipshared/66ea/hdl/axi_lite_ipif_v3_0_vh_rfs.vhd:1534]
INFO: [Synth 8-638] synthesizing module 'pselect_f__parameterized1' [d:/Work/fpga/zynq_cam_isp_demo/zynq_cam_isp_demo.gen/sources_1/bd/base/ipshared/66ea/hdl/axi_lite_ipif_v3_0_vh_rfs.vhd:1534]
INFO: [Synth 8-256] done synthesizing module 'pselect_f__parameterized1' (2#1) [d:/Work/fpga/zynq_cam_isp_demo/zynq_cam_isp_demo.gen/sources_1/bd/base/ipshared/66ea/hdl/axi_lite_ipif_v3_0_vh_rfs.vhd:1534]
INFO: [Synth 8-638] synthesizing module 'pselect_f__parameterized2' [d:/Work/fpga/zynq_cam_isp_demo/zynq_cam_isp_demo.gen/sources_1/bd/base/ipshared/66ea/hdl/axi_lite_ipif_v3_0_vh_rfs.vhd:1534]
INFO: [Synth 8-256] done synthesizing module 'pselect_f__parameterized2' (2#1) [d:/Work/fpga/zynq_cam_isp_demo/zynq_cam_isp_demo.gen/sources_1/bd/base/ipshared/66ea/hdl/axi_lite_ipif_v3_0_vh_rfs.vhd:1534]
INFO: [Synth 8-638] synthesizing module 'pselect_f__parameterized3' [d:/Work/fpga/zynq_cam_isp_demo/zynq_cam_isp_demo.gen/sources_1/bd/base/ipshared/66ea/hdl/axi_lite_ipif_v3_0_vh_rfs.vhd:1534]
INFO: [Synth 8-256] done synthesizing module 'pselect_f__parameterized3' (2#1) [d:/Work/fpga/zynq_cam_isp_demo/zynq_cam_isp_demo.gen/sources_1/bd/base/ipshared/66ea/hdl/axi_lite_ipif_v3_0_vh_rfs.vhd:1534]
INFO: [Synth 8-638] synthesizing module 'pselect_f__parameterized4' [d:/Work/fpga/zynq_cam_isp_demo/zynq_cam_isp_demo.gen/sources_1/bd/base/ipshared/66ea/hdl/axi_lite_ipif_v3_0_vh_rfs.vhd:1534]
INFO: [Synth 8-256] done synthesizing module 'pselect_f__parameterized4' (2#1) [d:/Work/fpga/zynq_cam_isp_demo/zynq_cam_isp_demo.gen/sources_1/bd/base/ipshared/66ea/hdl/axi_lite_ipif_v3_0_vh_rfs.vhd:1534]
INFO: [Synth 8-638] synthesizing module 'pselect_f__parameterized5' [d:/Work/fpga/zynq_cam_isp_demo/zynq_cam_isp_demo.gen/sources_1/bd/base/ipshared/66ea/hdl/axi_lite_ipif_v3_0_vh_rfs.vhd:1534]
INFO: [Synth 8-256] done synthesizing module 'pselect_f__parameterized5' (2#1) [d:/Work/fpga/zynq_cam_isp_demo/zynq_cam_isp_demo.gen/sources_1/bd/base/ipshared/66ea/hdl/axi_lite_ipif_v3_0_vh_rfs.vhd:1534]
INFO: [Synth 8-638] synthesizing module 'pselect_f__parameterized6' [d:/Work/fpga/zynq_cam_isp_demo/zynq_cam_isp_demo.gen/sources_1/bd/base/ipshared/66ea/hdl/axi_lite_ipif_v3_0_vh_rfs.vhd:1534]
INFO: [Synth 8-256] done synthesizing module 'pselect_f__parameterized6' (2#1) [d:/Work/fpga/zynq_cam_isp_demo/zynq_cam_isp_demo.gen/sources_1/bd/base/ipshared/66ea/hdl/axi_lite_ipif_v3_0_vh_rfs.vhd:1534]
INFO: [Synth 8-638] synthesizing module 'pselect_f__parameterized7' [d:/Work/fpga/zynq_cam_isp_demo/zynq_cam_isp_demo.gen/sources_1/bd/base/ipshared/66ea/hdl/axi_lite_ipif_v3_0_vh_rfs.vhd:1534]
INFO: [Synth 8-256] done synthesizing module 'pselect_f__parameterized7' (2#1) [d:/Work/fpga/zynq_cam_isp_demo/zynq_cam_isp_demo.gen/sources_1/bd/base/ipshared/66ea/hdl/axi_lite_ipif_v3_0_vh_rfs.vhd:1534]
INFO: [Synth 8-638] synthesizing module 'pselect_f__parameterized8' [d:/Work/fpga/zynq_cam_isp_demo/zynq_cam_isp_demo.gen/sources_1/bd/base/ipshared/66ea/hdl/axi_lite_ipif_v3_0_vh_rfs.vhd:1534]
INFO: [Synth 8-256] done synthesizing module 'pselect_f__parameterized8' (2#1) [d:/Work/fpga/zynq_cam_isp_demo/zynq_cam_isp_demo.gen/sources_1/bd/base/ipshared/66ea/hdl/axi_lite_ipif_v3_0_vh_rfs.vhd:1534]
INFO: [Synth 8-638] synthesizing module 'pselect_f__parameterized9' [d:/Work/fpga/zynq_cam_isp_demo/zynq_cam_isp_demo.gen/sources_1/bd/base/ipshared/66ea/hdl/axi_lite_ipif_v3_0_vh_rfs.vhd:1534]
INFO: [Synth 8-256] done synthesizing module 'pselect_f__parameterized9' (2#1) [d:/Work/fpga/zynq_cam_isp_demo/zynq_cam_isp_demo.gen/sources_1/bd/base/ipshared/66ea/hdl/axi_lite_ipif_v3_0_vh_rfs.vhd:1534]
INFO: [Synth 8-638] synthesizing module 'pselect_f__parameterized10' [d:/Work/fpga/zynq_cam_isp_demo/zynq_cam_isp_demo.gen/sources_1/bd/base/ipshared/66ea/hdl/axi_lite_ipif_v3_0_vh_rfs.vhd:1534]
INFO: [Synth 8-256] done synthesizing module 'pselect_f__parameterized10' (2#1) [d:/Work/fpga/zynq_cam_isp_demo/zynq_cam_isp_demo.gen/sources_1/bd/base/ipshared/66ea/hdl/axi_lite_ipif_v3_0_vh_rfs.vhd:1534]
INFO: [Synth 8-638] synthesizing module 'pselect_f__parameterized11' [d:/Work/fpga/zynq_cam_isp_demo/zynq_cam_isp_demo.gen/sources_1/bd/base/ipshared/66ea/hdl/axi_lite_ipif_v3_0_vh_rfs.vhd:1534]
INFO: [Synth 8-256] done synthesizing module 'pselect_f__parameterized11' (2#1) [d:/Work/fpga/zynq_cam_isp_demo/zynq_cam_isp_demo.gen/sources_1/bd/base/ipshared/66ea/hdl/axi_lite_ipif_v3_0_vh_rfs.vhd:1534]
INFO: [Synth 8-638] synthesizing module 'pselect_f__parameterized12' [d:/Work/fpga/zynq_cam_isp_demo/zynq_cam_isp_demo.gen/sources_1/bd/base/ipshared/66ea/hdl/axi_lite_ipif_v3_0_vh_rfs.vhd:1534]
INFO: [Synth 8-256] done synthesizing module 'pselect_f__parameterized12' (2#1) [d:/Work/fpga/zynq_cam_isp_demo/zynq_cam_isp_demo.gen/sources_1/bd/base/ipshared/66ea/hdl/axi_lite_ipif_v3_0_vh_rfs.vhd:1534]
INFO: [Synth 8-638] synthesizing module 'pselect_f__parameterized13' [d:/Work/fpga/zynq_cam_isp_demo/zynq_cam_isp_demo.gen/sources_1/bd/base/ipshared/66ea/hdl/axi_lite_ipif_v3_0_vh_rfs.vhd:1534]
INFO: [Synth 8-256] done synthesizing module 'pselect_f__parameterized13' (2#1) [d:/Work/fpga/zynq_cam_isp_demo/zynq_cam_isp_demo.gen/sources_1/bd/base/ipshared/66ea/hdl/axi_lite_ipif_v3_0_vh_rfs.vhd:1534]
INFO: [Synth 8-638] synthesizing module 'pselect_f__parameterized14' [d:/Work/fpga/zynq_cam_isp_demo/zynq_cam_isp_demo.gen/sources_1/bd/base/ipshared/66ea/hdl/axi_lite_ipif_v3_0_vh_rfs.vhd:1534]
INFO: [Synth 8-256] done synthesizing module 'pselect_f__parameterized14' (2#1) [d:/Work/fpga/zynq_cam_isp_demo/zynq_cam_isp_demo.gen/sources_1/bd/base/ipshared/66ea/hdl/axi_lite_ipif_v3_0_vh_rfs.vhd:1534]
INFO: [Synth 8-638] synthesizing module 'pselect_f__parameterized15' [d:/Work/fpga/zynq_cam_isp_demo/zynq_cam_isp_demo.gen/sources_1/bd/base/ipshared/66ea/hdl/axi_lite_ipif_v3_0_vh_rfs.vhd:1534]
INFO: [Synth 8-256] done synthesizing module 'pselect_f__parameterized15' (2#1) [d:/Work/fpga/zynq_cam_isp_demo/zynq_cam_isp_demo.gen/sources_1/bd/base/ipshared/66ea/hdl/axi_lite_ipif_v3_0_vh_rfs.vhd:1534]
INFO: [Synth 8-638] synthesizing module 'pselect_f__parameterized16' [d:/Work/fpga/zynq_cam_isp_demo/zynq_cam_isp_demo.gen/sources_1/bd/base/ipshared/66ea/hdl/axi_lite_ipif_v3_0_vh_rfs.vhd:1534]
INFO: [Synth 8-256] done synthesizing module 'pselect_f__parameterized16' (2#1) [d:/Work/fpga/zynq_cam_isp_demo/zynq_cam_isp_demo.gen/sources_1/bd/base/ipshared/66ea/hdl/axi_lite_ipif_v3_0_vh_rfs.vhd:1534]
INFO: [Synth 8-638] synthesizing module 'pselect_f__parameterized17' [d:/Work/fpga/zynq_cam_isp_demo/zynq_cam_isp_demo.gen/sources_1/bd/base/ipshared/66ea/hdl/axi_lite_ipif_v3_0_vh_rfs.vhd:1534]
INFO: [Synth 8-256] done synthesizing module 'pselect_f__parameterized17' (2#1) [d:/Work/fpga/zynq_cam_isp_demo/zynq_cam_isp_demo.gen/sources_1/bd/base/ipshared/66ea/hdl/axi_lite_ipif_v3_0_vh_rfs.vhd:1534]
INFO: [Synth 8-638] synthesizing module 'pselect_f__parameterized18' [d:/Work/fpga/zynq_cam_isp_demo/zynq_cam_isp_demo.gen/sources_1/bd/base/ipshared/66ea/hdl/axi_lite_ipif_v3_0_vh_rfs.vhd:1534]
INFO: [Synth 8-256] done synthesizing module 'pselect_f__parameterized18' (2#1) [d:/Work/fpga/zynq_cam_isp_demo/zynq_cam_isp_demo.gen/sources_1/bd/base/ipshared/66ea/hdl/axi_lite_ipif_v3_0_vh_rfs.vhd:1534]
INFO: [Synth 8-638] synthesizing module 'pselect_f__parameterized19' [d:/Work/fpga/zynq_cam_isp_demo/zynq_cam_isp_demo.gen/sources_1/bd/base/ipshared/66ea/hdl/axi_lite_ipif_v3_0_vh_rfs.vhd:1534]
INFO: [Synth 8-256] done synthesizing module 'pselect_f__parameterized19' (2#1) [d:/Work/fpga/zynq_cam_isp_demo/zynq_cam_isp_demo.gen/sources_1/bd/base/ipshared/66ea/hdl/axi_lite_ipif_v3_0_vh_rfs.vhd:1534]
INFO: [Synth 8-256] done synthesizing module 'address_decoder' (3#1) [d:/Work/fpga/zynq_cam_isp_demo/zynq_cam_isp_demo.gen/sources_1/bd/base/ipshared/66ea/hdl/axi_lite_ipif_v3_0_vh_rfs.vhd:1775]
INFO: [Synth 8-226] default block is never used [d:/Work/fpga/zynq_cam_isp_demo/zynq_cam_isp_demo.gen/sources_1/bd/base/ipshared/66ea/hdl/axi_lite_ipif_v3_0_vh_rfs.vhd:2550]
INFO: [Synth 8-256] done synthesizing module 'slave_attachment' (4#1) [d:/Work/fpga/zynq_cam_isp_demo/zynq_cam_isp_demo.gen/sources_1/bd/base/ipshared/66ea/hdl/axi_lite_ipif_v3_0_vh_rfs.vhd:2341]
INFO: [Synth 8-256] done synthesizing module 'axi_lite_ipif' (5#1) [d:/Work/fpga/zynq_cam_isp_demo/zynq_cam_isp_demo.gen/sources_1/bd/base/ipshared/66ea/hdl/axi_lite_ipif_v3_0_vh_rfs.vhd:2948]
INFO: [Synth 8-256] done synthesizing module 'axi_intc' (6#1) [d:/Work/fpga/zynq_cam_isp_demo/zynq_cam_isp_demo.gen/sources_1/bd/base/ipshared/47b8/hdl/axi_intc_v4_1_vh_rfs.vhd:3553]
INFO: [Synth 8-256] done synthesizing module 'base_axi_intc_0_0' (7#1) [d:/Work/fpga/zynq_cam_isp_demo/zynq_cam_isp_demo.gen/sources_1/bd/base/ip/base_axi_intc_0_0/synth/base_axi_intc_0_0.vhd:85]
---------------------------------------------------------------------------------
Finished RTL Elaboration : Time (s): cpu = 00:00:07 ; elapsed = 00:00:10 . Memory (MB): peak = 1185.164 ; gain = 0.000
---------------------------------------------------------------------------------
---------------------------------------------------------------------------------
Start Handling Custom Attributes
---------------------------------------------------------------------------------
---------------------------------------------------------------------------------
Finished Handling Custom Attributes : Time (s): cpu = 00:00:08 ; elapsed = 00:00:10 . Memory (MB): peak = 1185.164 ; gain = 0.000
---------------------------------------------------------------------------------
---------------------------------------------------------------------------------
Finished RTL Optimization Phase 1 : Time (s): cpu = 00:00:08 ; elapsed = 00:00:10 . Memory (MB): peak = 1185.164 ; gain = 0.000
---------------------------------------------------------------------------------
Netlist sorting complete. Time (s): cpu = 00:00:00 ; elapsed = 00:00:00.024 . Memory (MB): peak = 1185.164 ; gain = 0.000
INFO: [Project 1-570] Preparing netlist for logic optimization

Processing XDC Constraints
Initializing timing engine
Parsing XDC File [d:/Work/fpga/zynq_cam_isp_demo/zynq_cam_isp_demo.gen/sources_1/bd/base/ip/base_axi_intc_0_0/base_axi_intc_0_0_ooc.xdc] for cell 'U0'
Finished Parsing XDC File [d:/Work/fpga/zynq_cam_isp_demo/zynq_cam_isp_demo.gen/sources_1/bd/base/ip/base_axi_intc_0_0/base_axi_intc_0_0_ooc.xdc] for cell 'U0'
Parsing XDC File [d:/Work/fpga/zynq_cam_isp_demo/zynq_cam_isp_demo.gen/sources_1/bd/base/ip/base_axi_intc_0_0/base_axi_intc_0_0.xdc] for cell 'U0'
Finished Parsing XDC File [d:/Work/fpga/zynq_cam_isp_demo/zynq_cam_isp_demo.gen/sources_1/bd/base/ip/base_axi_intc_0_0/base_axi_intc_0_0.xdc] for cell 'U0'
Parsing XDC File [D:/Work/fpga/zynq_cam_isp_demo/zynq_cam_isp_demo.runs/base_axi_intc_0_0_synth_1/dont_touch.xdc]
Finished Parsing XDC File [D:/Work/fpga/zynq_cam_isp_demo/zynq_cam_isp_demo.runs/base_axi_intc_0_0_synth_1/dont_touch.xdc]
Parsing XDC File [d:/Work/fpga/zynq_cam_isp_demo/zynq_cam_isp_demo.gen/sources_1/bd/base/ip/base_axi_intc_0_0/base_axi_intc_0_0_clocks.xdc] for cell 'U0'
Finished Parsing XDC File [d:/Work/fpga/zynq_cam_isp_demo/zynq_cam_isp_demo.gen/sources_1/bd/base/ip/base_axi_intc_0_0/base_axi_intc_0_0_clocks.xdc] for cell 'U0'
Completed Processing XDC Constraints

Netlist sorting complete. Time (s): cpu = 00:00:00 ; elapsed = 00:00:00.001 . Memory (MB): peak = 1250.504 ; gain = 0.000
INFO: [Project 1-111] Unisim Transformation Summary:
No Unisim elements were transformed.

Constraint Validation Runtime : Time (s): cpu = 00:00:00 ; elapsed = 00:00:00.034 . Memory (MB): peak = 1259.035 ; gain = 8.531
---------------------------------------------------------------------------------
Finished Constraint Validation : Time (s): cpu = 00:00:18 ; elapsed = 00:00:23 . Memory (MB): peak = 1259.035 ; gain = 73.871
---------------------------------------------------------------------------------
---------------------------------------------------------------------------------
Start Loading Part and Timing Information
---------------------------------------------------------------------------------
Loading part: xc7z020clg400-2
---------------------------------------------------------------------------------
Finished Loading Part and Timing Information : Time (s): cpu = 00:00:18 ; elapsed = 00:00:23 . Memory (MB): peak = 1259.035 ; gain = 73.871
---------------------------------------------------------------------------------
---------------------------------------------------------------------------------
Start Applying 'set_property' XDC Constraints
---------------------------------------------------------------------------------
Applied set_property KEEP_HIERARCHY = SOFT for U0. (constraint file  D:/Work/fpga/zynq_cam_isp_demo/zynq_cam_isp_demo.runs/base_axi_intc_0_0_synth_1/dont_touch.xdc, line 9).
---------------------------------------------------------------------------------
Finished applying 'set_property' XDC Constraints : Time (s): cpu = 00:00:18 ; elapsed = 00:00:23 . Memory (MB): peak = 1259.035 ; gain = 73.871
---------------------------------------------------------------------------------
INFO: [Synth 8-802] inferred FSM for state register 'state_reg' in module 'slave_attachment'
---------------------------------------------------------------------------------------------------
                   State |                     New Encoding |                Previous Encoding 
---------------------------------------------------------------------------------------------------
                 iSTATE2 |                             0001 |                               00
                  iSTATE |                             0010 |                               01
                 iSTATE0 |                             0100 |                               10
                 iSTATE1 |                             1000 |                               11
---------------------------------------------------------------------------------------------------
INFO: [Synth 8-3354] encoded FSM with state register 'state_reg' using encoding 'one-hot' in module 'slave_attachment'
---------------------------------------------------------------------------------
Finished RTL Optimization Phase 2 : Time (s): cpu = 00:00:19 ; elapsed = 00:00:24 . Memory (MB): peak = 1259.035 ; gain = 73.871
---------------------------------------------------------------------------------
---------------------------------------------------------------------------------
Start RTL Component Statistics 
---------------------------------------------------------------------------------
Detailed RTL Component Info : 
+---Adders : 
	   2 Input    4 Bit       Adders := 1     
+---Registers : 
	               32 Bit    Registers := 2     
	                9 Bit    Registers := 1     
	                4 Bit    Registers := 2     
	                2 Bit    Registers := 13    
	                1 Bit    Registers := 104   
+---Muxes : 
	   7 Input   32 Bit        Muxes := 1     
	   2 Input   32 Bit        Muxes := 2     
	   2 Input   28 Bit        Muxes := 1     
	   2 Input   11 Bit        Muxes := 1     
	   2 Input    9 Bit        Muxes := 1     
	   5 Input    4 Bit        Muxes := 1     
	   2 Input    4 Bit        Muxes := 15    
	   3 Input    4 Bit        Muxes := 2     
	   4 Input    4 Bit        Muxes := 1     
	   7 Input    2 Bit        Muxes := 1     
	   2 Input    2 Bit        Muxes := 2     
	   2 Input    1 Bit        Muxes := 22    
	   4 Input    1 Bit        Muxes := 3     
---------------------------------------------------------------------------------
Finished RTL Component Statistics 
---------------------------------------------------------------------------------
---------------------------------------------------------------------------------
Start Part Resource Summary
---------------------------------------------------------------------------------
Part Resources:
DSPs: 220 (col length:60)
BRAMs: 280 (col length: RAMB18 60 RAMB36 30)
---------------------------------------------------------------------------------
Finished Part Resource Summary
---------------------------------------------------------------------------------
---------------------------------------------------------------------------------
Start Cross Boundary and Area Optimization
---------------------------------------------------------------------------------
---------------------------------------------------------------------------------
Finished Cross Boundary and Area Optimization : Time (s): cpu = 00:00:22 ; elapsed = 00:00:28 . Memory (MB): peak = 1259.035 ; gain = 73.871
---------------------------------------------------------------------------------
---------------------------------------------------------------------------------
Start Applying XDC Timing Constraints
---------------------------------------------------------------------------------
---------------------------------------------------------------------------------
Finished Applying XDC Timing Constraints : Time (s): cpu = 00:00:31 ; elapsed = 00:00:38 . Memory (MB): peak = 1259.035 ; gain = 73.871
---------------------------------------------------------------------------------
---------------------------------------------------------------------------------
Start Timing Optimization
---------------------------------------------------------------------------------
---------------------------------------------------------------------------------
Finished Timing Optimization : Time (s): cpu = 00:00:32 ; elapsed = 00:00:39 . Memory (MB): peak = 1259.035 ; gain = 73.871
---------------------------------------------------------------------------------
---------------------------------------------------------------------------------
Start Technology Mapping
---------------------------------------------------------------------------------
---------------------------------------------------------------------------------
Finished Technology Mapping : Time (s): cpu = 00:00:32 ; elapsed = 00:00:39 . Memory (MB): peak = 1259.035 ; gain = 73.871
---------------------------------------------------------------------------------
---------------------------------------------------------------------------------
Start IO Insertion
---------------------------------------------------------------------------------
---------------------------------------------------------------------------------
Start Flattening Before IO Insertion
---------------------------------------------------------------------------------
---------------------------------------------------------------------------------
Finished Flattening Before IO Insertion
---------------------------------------------------------------------------------
---------------------------------------------------------------------------------
Start Final Netlist Cleanup
---------------------------------------------------------------------------------
---------------------------------------------------------------------------------
Finished Final Netlist Cleanup
---------------------------------------------------------------------------------
---------------------------------------------------------------------------------
Finished IO Insertion : Time (s): cpu = 00:00:37 ; elapsed = 00:00:44 . Memory (MB): peak = 1259.035 ; gain = 73.871
---------------------------------------------------------------------------------
---------------------------------------------------------------------------------
Start Renaming Generated Instances
---------------------------------------------------------------------------------
---------------------------------------------------------------------------------
Finished Renaming Generated Instances : Time (s): cpu = 00:00:37 ; elapsed = 00:00:44 . Memory (MB): peak = 1259.035 ; gain = 73.871
---------------------------------------------------------------------------------
---------------------------------------------------------------------------------
Start Rebuilding User Hierarchy
---------------------------------------------------------------------------------
---------------------------------------------------------------------------------
Finished Rebuilding User Hierarchy : Time (s): cpu = 00:00:37 ; elapsed = 00:00:44 . Memory (MB): peak = 1259.035 ; gain = 73.871
---------------------------------------------------------------------------------
---------------------------------------------------------------------------------
Start Renaming Generated Ports
---------------------------------------------------------------------------------
---------------------------------------------------------------------------------
Finished Renaming Generated Ports : Time (s): cpu = 00:00:37 ; elapsed = 00:00:44 . Memory (MB): peak = 1259.035 ; gain = 73.871
---------------------------------------------------------------------------------
---------------------------------------------------------------------------------
Start Handling Custom Attributes
---------------------------------------------------------------------------------
---------------------------------------------------------------------------------
Finished Handling Custom Attributes : Time (s): cpu = 00:00:37 ; elapsed = 00:00:44 . Memory (MB): peak = 1259.035 ; gain = 73.871
---------------------------------------------------------------------------------
---------------------------------------------------------------------------------
Start Renaming Generated Nets
---------------------------------------------------------------------------------
---------------------------------------------------------------------------------
Finished Renaming Generated Nets : Time (s): cpu = 00:00:37 ; elapsed = 00:00:44 . Memory (MB): peak = 1259.035 ; gain = 73.871
---------------------------------------------------------------------------------
---------------------------------------------------------------------------------
Start Writing Synthesis Report
---------------------------------------------------------------------------------

Report BlackBoxes: 
+-+--------------+----------+
| |BlackBox name |Instances |
+-+--------------+----------+
+-+--------------+----------+

Report Cell Usage: 
+------+-----+------+
|      |Cell |Count |
+------+-----+------+
|1     |LUT1 |     2|
|2     |LUT2 |    33|
|3     |LUT3 |    17|
|4     |LUT4 |    39|
|5     |LUT5 |    61|
|6     |LUT6 |    55|
|7     |FDRE |   164|
|8     |FDSE |     3|
+------+-----+------+
---------------------------------------------------------------------------------
Finished Writing Synthesis Report : Time (s): cpu = 00:00:37 ; elapsed = 00:00:44 . Memory (MB): peak = 1259.035 ; gain = 73.871
---------------------------------------------------------------------------------
Synthesis finished with 0 errors, 0 critical warnings and 0 warnings.
Synthesis Optimization Runtime : Time (s): cpu = 00:00:26 ; elapsed = 00:00:41 . Memory (MB): peak = 1259.035 ; gain = 0.000
Synthesis Optimization Complete : Time (s): cpu = 00:00:37 ; elapsed = 00:00:45 . Memory (MB): peak = 1259.035 ; gain = 73.871
INFO: [Project 1-571] Translating synthesized netlist
Netlist sorting complete. Time (s): cpu = 00:00:00 ; elapsed = 00:00:00.015 . Memory (MB): peak = 1259.035 ; gain = 0.000
INFO: [Project 1-570] Preparing netlist for logic optimization
INFO: [Opt 31-138] Pushed 0 inverter(s) to 0 load pin(s).
Netlist sorting complete. Time (s): cpu = 00:00:00 ; elapsed = 00:00:00.001 . Memory (MB): peak = 1264.102 ; gain = 0.000
INFO: [Project 1-111] Unisim Transformation Summary:
No Unisim elements were transformed.

Synth Design complete, checksum: b15da029
INFO: [Common 17-83] Releasing license: Synthesis
73 Infos, 0 Warnings, 0 Critical Warnings and 0 Errors encountered.
synth_design completed successfully
synth_design: Time (s): cpu = 00:00:42 ; elapsed = 00:00:54 . Memory (MB): peak = 1264.102 ; gain = 78.938
INFO: [Common 17-1381] The checkpoint 'D:/Work/fpga/zynq_cam_isp_demo/zynq_cam_isp_demo.runs/base_axi_intc_0_0_synth_1/base_axi_intc_0_0.dcp' has been generated.
INFO: [Coretcl 2-1648] Added synthesis output to IP cache for IP base_axi_intc_0_0, cache-ID = 084b4fd0f9a56fdb
INFO: [Coretcl 2-1174] Renamed 5 cell refs.
INFO: [Common 17-1381] The checkpoint 'D:/Work/fpga/zynq_cam_isp_demo/zynq_cam_isp_demo.runs/base_axi_intc_0_0_synth_1/base_axi_intc_0_0.dcp' has been generated.
INFO: [runtcl-4] Executing : report_utilization -file base_axi_intc_0_0_utilization_synth.rpt -pb base_axi_intc_0_0_utilization_synth.pb
INFO: [Common 17-206] Exiting Vivado at Wed Jul 20 00:48:22 2022...
