
*** Running vivado
    with args -log base_v_axi4s_vid_out_2_0.vds -m64 -product Vivado -mode batch -messageDb vivado.pb -notrace -source base_v_axi4s_vid_out_2_0.tcl


****** Vivado v2018.3 (64-bit)
  **** SW Build 2405991 on Thu Dec  6 23:38:27 MST 2018
  **** IP Build 2404404 on Fri Dec  7 01:43:56 MST 2018
    ** Copyright 1986-2018 Xilinx, Inc. All Rights Reserved.

source base_v_axi4s_vid_out_2_0.tcl -notrace
INFO: [IP_Flow 19-234] Refreshing IP repositories
INFO: [IP_Flow 19-1700] Loaded user IP repository 'd:/Work/fpga/zynq_cam_isp_demo/xil_ip_repo'.
INFO: [IP_Flow 19-2313] Loaded Vivado IP repository 'D:/Xilinx/Vivado/2018.3/data/ip'.
Command: synth_design -top base_v_axi4s_vid_out_2_0 -part xc7z020clg400-2 -mode out_of_context
Starting synth_design
Attempting to get a license for feature 'Synthesis' and/or device 'xc7z020'
INFO: [Common 17-349] Got license for feature 'Synthesis' and/or device 'xc7z020'
INFO: Launching helper process for spawning children vivado processes
INFO: Helper process launched with PID 21288 
---------------------------------------------------------------------------------
Starting RTL Elaboration : Time (s): cpu = 00:00:03 ; elapsed = 00:00:03 . Memory (MB): peak = 406.637 ; gain = 99.926
---------------------------------------------------------------------------------
INFO: [Synth 8-6157] synthesizing module 'base_v_axi4s_vid_out_2_0' [d:/Work/fpga/zynq_cam_isp_demo/zynq_cam_isp_demo.srcs/sources_1/bd/base/ip/base_v_axi4s_vid_out_2_0/synth/base_v_axi4s_vid_out_2_0.v:58]
INFO: [Synth 8-6157] synthesizing module 'v_axi4s_vid_out_v4_0_10' [d:/Work/fpga/zynq_cam_isp_demo/zynq_cam_isp_demo.srcs/sources_1/bd/base/ipshared/a87e/hdl/v_axi4s_vid_out_v4_0_vl_rfs.v:2107]
	Parameter C_FAMILY bound to: zynq - type: string 
	Parameter C_PIXELS_PER_CLOCK bound to: 1 - type: integer 
	Parameter C_COMPONENTS_PER_PIXEL bound to: 3 - type: integer 
	Parameter C_S_AXIS_COMPONENT_WIDTH bound to: 8 - type: integer 
	Parameter C_NATIVE_COMPONENT_WIDTH bound to: 8 - type: integer 
	Parameter C_NATIVE_DATA_WIDTH bound to: 24 - type: integer 
	Parameter C_S_AXIS_TDATA_WIDTH bound to: 24 - type: integer 
	Parameter C_HAS_ASYNC_CLK bound to: 1 - type: integer 
	Parameter C_ADDR_WIDTH bound to: 11 - type: integer 
	Parameter C_VTG_MASTER_SLAVE bound to: 0 - type: integer 
	Parameter C_HYSTERESIS_LEVEL bound to: 12 - type: integer 
	Parameter C_SYNC_LOCK_THRESHOLD bound to: 4 - type: integer 
	Parameter C_INCLUDE_PIXEL_REPEAT bound to: 0 - type: integer 
	Parameter C_INCLUDE_PIXEL_REMAP_420 bound to: 0 - type: integer 
	Parameter C_ADDR_WIDTH_PIXEL_REMAP_420 bound to: 10 - type: integer 
INFO: [Synth 8-6157] synthesizing module 'v_axi4s_vid_out_v4_0_10_cdc_single' [d:/Work/fpga/zynq_cam_isp_demo/zynq_cam_isp_demo.srcs/sources_1/bd/base/ipshared/a87e/hdl/v_axi4s_vid_out_v4_0_vl_rfs.v:207]
	Parameter C_SYNC_FF bound to: 4 - type: integer 
INFO: [Synth 8-6157] synthesizing module 'xpm_cdc_single' [D:/Xilinx/Vivado/2018.3/data/ip/xpm/xpm_cdc/hdl/xpm_cdc.sv:153]
	Parameter DEST_SYNC_FF bound to: 4 - type: integer 
	Parameter INIT_SYNC_FF bound to: 0 - type: integer 
	Parameter SIM_ASSERT_CHK bound to: 0 - type: integer 
	Parameter SRC_INPUT_REG bound to: 0 - type: integer 
	Parameter VERSION bound to: 0 - type: integer 
INFO: [Synth 8-5534] Detected attribute (* ASYNC_REG = "TRUE" *) [D:/Xilinx/Vivado/2018.3/data/ip/xpm/xpm_cdc/hdl/xpm_cdc.sv:205]
INFO: [Synth 8-6155] done synthesizing module 'xpm_cdc_single' (1#1) [D:/Xilinx/Vivado/2018.3/data/ip/xpm/xpm_cdc/hdl/xpm_cdc.sv:153]
INFO: [Synth 8-6155] done synthesizing module 'v_axi4s_vid_out_v4_0_10_cdc_single' (2#1) [d:/Work/fpga/zynq_cam_isp_demo/zynq_cam_isp_demo.srcs/sources_1/bd/base/ipshared/a87e/hdl/v_axi4s_vid_out_v4_0_vl_rfs.v:207]
INFO: [Synth 8-6157] synthesizing module 'v_axi4s_vid_out_v4_0_10_coupler' [d:/Work/fpga/zynq_cam_isp_demo/zynq_cam_isp_demo.srcs/sources_1/bd/base/ipshared/a87e/hdl/v_axi4s_vid_out_v4_0_vl_rfs.v:294]
	Parameter C_FAMILY bound to: zynq - type: string 
	Parameter C_HAS_ASYNC_CLK bound to: 1 - type: integer 
	Parameter C_ADDR_WIDTH bound to: 11 - type: integer 
	Parameter C_PIXELS_PER_CLOCK bound to: 1 - type: integer 
	Parameter C_COMPONENTS_PER_PIXEL bound to: 3 - type: integer 
	Parameter C_S_AXIS_COMPONENT_WIDTH bound to: 8 - type: integer 
	Parameter C_NATIVE_COMPONENT_WIDTH bound to: 8 - type: integer 
	Parameter C_S_AXIS_TDATA_WIDTH bound to: 24 - type: integer 
	Parameter C_NATIVE_DATA_WIDTH bound to: 24 - type: integer 
	Parameter C_NUM_COMPONENTS bound to: 3 - type: integer 
	Parameter C_DO_TRIM bound to: 1'b0 
	Parameter C_DO_PAD bound to: 1'b0 
	Parameter C_DATA_WIDTH bound to: 27 - type: integer 
	Parameter C_DIFF_COMPONENT_WIDTH bound to: 0 - type: integer 
INFO: [Synth 8-6157] synthesizing module 'v_axi4s_vid_out_v4_0_10_fifo_async' [d:/Work/fpga/zynq_cam_isp_demo/zynq_cam_isp_demo.srcs/sources_1/bd/base/ipshared/a87e/hdl/v_axi4s_vid_out_v4_0_vl_rfs.v:59]
	Parameter C_ADDR_WIDTH bound to: 11 - type: integer 
	Parameter C_DATA_WIDTH bound to: 27 - type: integer 
INFO: [Synth 8-6157] synthesizing module 'xpm_fifo_async' [D:/Xilinx/Vivado/2018.3/data/ip/xpm/xpm_fifo/hdl/xpm_fifo.sv:2016]
	Parameter FIFO_MEMORY_TYPE bound to: auto - type: string 
	Parameter ECC_MODE bound to: no_ecc - type: string 
	Parameter RELATED_CLOCKS bound to: 0 - type: integer 
	Parameter FIFO_WRITE_DEPTH bound to: 2048 - type: integer 
	Parameter WRITE_DATA_WIDTH bound to: 27 - type: integer 
	Parameter WR_DATA_COUNT_WIDTH bound to: 12 - type: integer 
	Parameter PROG_FULL_THRESH bound to: 10 - type: integer 
	Parameter FULL_RESET_VALUE bound to: 1 - type: integer 
	Parameter USE_ADV_FEATURES bound to: 0707 - type: string 
	Parameter READ_MODE bound to: fwft - type: string 
	Parameter FIFO_READ_LATENCY bound to: 0 - type: integer 
	Parameter READ_DATA_WIDTH bound to: 27 - type: integer 
	Parameter RD_DATA_COUNT_WIDTH bound to: 12 - type: integer 
	Parameter PROG_EMPTY_THRESH bound to: 10 - type: integer 
	Parameter DOUT_RESET_VALUE bound to: 0 - type: string 
	Parameter CDC_SYNC_STAGES bound to: 4 - type: integer 
	Parameter WAKEUP_TIME bound to: 0 - type: integer 
	Parameter EN_ADV_FEATURE_ASYNC bound to: 16'b0000011100000111 
	Parameter P_FIFO_MEMORY_TYPE bound to: 0 - type: integer 
	Parameter P_COMMON_CLOCK bound to: 0 - type: integer 
	Parameter P_ECC_MODE bound to: 0 - type: integer 
	Parameter P_READ_MODE bound to: 1 - type: integer 
	Parameter P_WAKEUP_TIME bound to: 2 - type: integer 
INFO: [Synth 8-6157] synthesizing module 'xpm_fifo_base' [D:/Xilinx/Vivado/2018.3/data/ip/xpm/xpm_fifo/hdl/xpm_fifo.sv:56]
WARNING: [Synth 8-6104] Input port 'value' has an internal driver [D:/Xilinx/Vivado/2018.3/data/ip/xpm/xpm_fifo/hdl/xpm_fifo.sv:124]
WARNING: [Synth 8-6104] Input port 'value' has an internal driver [D:/Xilinx/Vivado/2018.3/data/ip/xpm/xpm_fifo/hdl/xpm_fifo.sv:126]
WARNING: [Synth 8-6104] Input port 'value' has an internal driver [D:/Xilinx/Vivado/2018.3/data/ip/xpm/xpm_fifo/hdl/xpm_fifo.sv:126]
WARNING: [Synth 8-6104] Input port 'value' has an internal driver [D:/Xilinx/Vivado/2018.3/data/ip/xpm/xpm_fifo/hdl/xpm_fifo.sv:126]
WARNING: [Synth 8-6104] Input port 'value' has an internal driver [D:/Xilinx/Vivado/2018.3/data/ip/xpm/xpm_fifo/hdl/xpm_fifo.sv:126]
WARNING: [Synth 8-6104] Input port 'value' has an internal driver [D:/Xilinx/Vivado/2018.3/data/ip/xpm/xpm_fifo/hdl/xpm_fifo.sv:126]
WARNING: [Synth 8-6104] Input port 'value' has an internal driver [D:/Xilinx/Vivado/2018.3/data/ip/xpm/xpm_fifo/hdl/xpm_fifo.sv:124]
WARNING: [Synth 8-6104] Input port 'value' has an internal driver [D:/Xilinx/Vivado/2018.3/data/ip/xpm/xpm_fifo/hdl/xpm_fifo.sv:126]
WARNING: [Synth 8-6104] Input port 'value' has an internal driver [D:/Xilinx/Vivado/2018.3/data/ip/xpm/xpm_fifo/hdl/xpm_fifo.sv:126]
WARNING: [Synth 8-6104] Input port 'value' has an internal driver [D:/Xilinx/Vivado/2018.3/data/ip/xpm/xpm_fifo/hdl/xpm_fifo.sv:126]
WARNING: [Synth 8-6104] Input port 'value' has an internal driver [D:/Xilinx/Vivado/2018.3/data/ip/xpm/xpm_fifo/hdl/xpm_fifo.sv:126]
WARNING: [Synth 8-6104] Input port 'value' has an internal driver [D:/Xilinx/Vivado/2018.3/data/ip/xpm/xpm_fifo/hdl/xpm_fifo.sv:126]
WARNING: [Synth 8-6104] Input port 'value' has an internal driver [D:/Xilinx/Vivado/2018.3/data/ip/xpm/xpm_fifo/hdl/xpm_fifo.sv:126]
WARNING: [Synth 8-6104] Input port 'value' has an internal driver [D:/Xilinx/Vivado/2018.3/data/ip/xpm/xpm_fifo/hdl/xpm_fifo.sv:126]
WARNING: [Synth 8-6104] Input port 'value' has an internal driver [D:/Xilinx/Vivado/2018.3/data/ip/xpm/xpm_fifo/hdl/xpm_fifo.sv:126]
WARNING: [Synth 8-6104] Input port 'value' has an internal driver [D:/Xilinx/Vivado/2018.3/data/ip/xpm/xpm_fifo/hdl/xpm_fifo.sv:126]
WARNING: [Synth 8-6104] Input port 'value' has an internal driver [D:/Xilinx/Vivado/2018.3/data/ip/xpm/xpm_fifo/hdl/xpm_fifo.sv:126]
WARNING: [Synth 8-6104] Input port 'value' has an internal driver [D:/Xilinx/Vivado/2018.3/data/ip/xpm/xpm_fifo/hdl/xpm_fifo.sv:126]
WARNING: [Synth 8-6104] Input port 'value' has an internal driver [D:/Xilinx/Vivado/2018.3/data/ip/xpm/xpm_fifo/hdl/xpm_fifo.sv:124]
WARNING: [Synth 8-6104] Input port 'value' has an internal driver [D:/Xilinx/Vivado/2018.3/data/ip/xpm/xpm_fifo/hdl/xpm_fifo.sv:126]
WARNING: [Synth 8-6104] Input port 'value' has an internal driver [D:/Xilinx/Vivado/2018.3/data/ip/xpm/xpm_fifo/hdl/xpm_fifo.sv:126]
WARNING: [Synth 8-6104] Input port 'value' has an internal driver [D:/Xilinx/Vivado/2018.3/data/ip/xpm/xpm_fifo/hdl/xpm_fifo.sv:126]
WARNING: [Synth 8-6104] Input port 'value' has an internal driver [D:/Xilinx/Vivado/2018.3/data/ip/xpm/xpm_fifo/hdl/xpm_fifo.sv:126]
WARNING: [Synth 8-6104] Input port 'value' has an internal driver [D:/Xilinx/Vivado/2018.3/data/ip/xpm/xpm_fifo/hdl/xpm_fifo.sv:126]
WARNING: [Synth 8-6104] Input port 'value' has an internal driver [D:/Xilinx/Vivado/2018.3/data/ip/xpm/xpm_fifo/hdl/xpm_fifo.sv:126]
WARNING: [Synth 8-6104] Input port 'value' has an internal driver [D:/Xilinx/Vivado/2018.3/data/ip/xpm/xpm_fifo/hdl/xpm_fifo.sv:126]
WARNING: [Synth 8-6104] Input port 'value' has an internal driver [D:/Xilinx/Vivado/2018.3/data/ip/xpm/xpm_fifo/hdl/xpm_fifo.sv:126]
WARNING: [Synth 8-6104] Input port 'value' has an internal driver [D:/Xilinx/Vivado/2018.3/data/ip/xpm/xpm_fifo/hdl/xpm_fifo.sv:126]
WARNING: [Synth 8-6104] Input port 'value' has an internal driver [D:/Xilinx/Vivado/2018.3/data/ip/xpm/xpm_fifo/hdl/xpm_fifo.sv:126]
WARNING: [Synth 8-6104] Input port 'value' has an internal driver [D:/Xilinx/Vivado/2018.3/data/ip/xpm/xpm_fifo/hdl/xpm_fifo.sv:126]
WARNING: [Synth 8-6104] Input port 'value' has an internal driver [D:/Xilinx/Vivado/2018.3/data/ip/xpm/xpm_fifo/hdl/xpm_fifo.sv:124]
WARNING: [Synth 8-6104] Input port 'value' has an internal driver [D:/Xilinx/Vivado/2018.3/data/ip/xpm/xpm_fifo/hdl/xpm_fifo.sv:126]
WARNING: [Synth 8-6104] Input port 'value' has an internal driver [D:/Xilinx/Vivado/2018.3/data/ip/xpm/xpm_fifo/hdl/xpm_fifo.sv:126]
WARNING: [Synth 8-6104] Input port 'value' has an internal driver [D:/Xilinx/Vivado/2018.3/data/ip/xpm/xpm_fifo/hdl/xpm_fifo.sv:126]
WARNING: [Synth 8-6104] Input port 'value' has an internal driver [D:/Xilinx/Vivado/2018.3/data/ip/xpm/xpm_fifo/hdl/xpm_fifo.sv:126]
WARNING: [Synth 8-6104] Input port 'value' has an internal driver [D:/Xilinx/Vivado/2018.3/data/ip/xpm/xpm_fifo/hdl/xpm_fifo.sv:126]
WARNING: [Synth 8-6104] Input port 'value' has an internal driver [D:/Xilinx/Vivado/2018.3/data/ip/xpm/xpm_fifo/hdl/xpm_fifo.sv:126]
WARNING: [Synth 8-6104] Input port 'value' has an internal driver [D:/Xilinx/Vivado/2018.3/data/ip/xpm/xpm_fifo/hdl/xpm_fifo.sv:126]
WARNING: [Synth 8-6104] Input port 'value' has an internal driver [D:/Xilinx/Vivado/2018.3/data/ip/xpm/xpm_fifo/hdl/xpm_fifo.sv:126]
WARNING: [Synth 8-6104] Input port 'value' has an internal driver [D:/Xilinx/Vivado/2018.3/data/ip/xpm/xpm_fifo/hdl/xpm_fifo.sv:126]
WARNING: [Synth 8-6104] Input port 'value' has an internal driver [D:/Xilinx/Vivado/2018.3/data/ip/xpm/xpm_fifo/hdl/xpm_fifo.sv:126]
WARNING: [Synth 8-6104] Input port 'value' has an internal driver [D:/Xilinx/Vivado/2018.3/data/ip/xpm/xpm_fifo/hdl/xpm_fifo.sv:126]
WARNING: [Synth 8-6104] Input port 'value' has an internal driver [D:/Xilinx/Vivado/2018.3/data/ip/xpm/xpm_fifo/hdl/xpm_fifo.sv:124]
WARNING: [Synth 8-6104] Input port 'value' has an internal driver [D:/Xilinx/Vivado/2018.3/data/ip/xpm/xpm_fifo/hdl/xpm_fifo.sv:126]
WARNING: [Synth 8-6104] Input port 'value' has an internal driver [D:/Xilinx/Vivado/2018.3/data/ip/xpm/xpm_fifo/hdl/xpm_fifo.sv:126]
WARNING: [Synth 8-6104] Input port 'value' has an internal driver [D:/Xilinx/Vivado/2018.3/data/ip/xpm/xpm_fifo/hdl/xpm_fifo.sv:126]
WARNING: [Synth 8-6104] Input port 'value' has an internal driver [D:/Xilinx/Vivado/2018.3/data/ip/xpm/xpm_fifo/hdl/xpm_fifo.sv:126]
WARNING: [Synth 8-6104] Input port 'value' has an internal driver [D:/Xilinx/Vivado/2018.3/data/ip/xpm/xpm_fifo/hdl/xpm_fifo.sv:126]
WARNING: [Synth 8-6104] Input port 'value' has an internal driver [D:/Xilinx/Vivado/2018.3/data/ip/xpm/xpm_fifo/hdl/xpm_fifo.sv:126]
WARNING: [Synth 8-6104] Input port 'value' has an internal driver [D:/Xilinx/Vivado/2018.3/data/ip/xpm/xpm_fifo/hdl/xpm_fifo.sv:126]
WARNING: [Synth 8-6104] Input port 'value' has an internal driver [D:/Xilinx/Vivado/2018.3/data/ip/xpm/xpm_fifo/hdl/xpm_fifo.sv:126]
WARNING: [Synth 8-6104] Input port 'value' has an internal driver [D:/Xilinx/Vivado/2018.3/data/ip/xpm/xpm_fifo/hdl/xpm_fifo.sv:126]
WARNING: [Synth 8-6104] Input port 'value' has an internal driver [D:/Xilinx/Vivado/2018.3/data/ip/xpm/xpm_fifo/hdl/xpm_fifo.sv:126]
WARNING: [Synth 8-6104] Input port 'value' has an internal driver [D:/Xilinx/Vivado/2018.3/data/ip/xpm/xpm_fifo/hdl/xpm_fifo.sv:126]
WARNING: [Synth 8-6104] Input port 'value' has an internal driver [D:/Xilinx/Vivado/2018.3/data/ip/xpm/xpm_fifo/hdl/xpm_fifo.sv:124]
WARNING: [Synth 8-6104] Input port 'value' has an internal driver [D:/Xilinx/Vivado/2018.3/data/ip/xpm/xpm_fifo/hdl/xpm_fifo.sv:126]
WARNING: [Synth 8-6104] Input port 'value' has an internal driver [D:/Xilinx/Vivado/2018.3/data/ip/xpm/xpm_fifo/hdl/xpm_fifo.sv:126]
WARNING: [Synth 8-6104] Input port 'value' has an internal driver [D:/Xilinx/Vivado/2018.3/data/ip/xpm/xpm_fifo/hdl/xpm_fifo.sv:126]
WARNING: [Synth 8-6104] Input port 'value' has an internal driver [D:/Xilinx/Vivado/2018.3/data/ip/xpm/xpm_fifo/hdl/xpm_fifo.sv:126]
WARNING: [Synth 8-6104] Input port 'value' has an internal driver [D:/Xilinx/Vivado/2018.3/data/ip/xpm/xpm_fifo/hdl/xpm_fifo.sv:126]
WARNING: [Synth 8-6104] Input port 'value' has an internal driver [D:/Xilinx/Vivado/2018.3/data/ip/xpm/xpm_fifo/hdl/xpm_fifo.sv:126]
WARNING: [Synth 8-6104] Input port 'value' has an internal driver [D:/Xilinx/Vivado/2018.3/data/ip/xpm/xpm_fifo/hdl/xpm_fifo.sv:126]
WARNING: [Synth 8-6104] Input port 'value' has an internal driver [D:/Xilinx/Vivado/2018.3/data/ip/xpm/xpm_fifo/hdl/xpm_fifo.sv:126]
WARNING: [Synth 8-6104] Input port 'value' has an internal driver [D:/Xilinx/Vivado/2018.3/data/ip/xpm/xpm_fifo/hdl/xpm_fifo.sv:126]
WARNING: [Synth 8-6104] Input port 'value' has an internal driver [D:/Xilinx/Vivado/2018.3/data/ip/xpm/xpm_fifo/hdl/xpm_fifo.sv:126]
WARNING: [Synth 8-6104] Input port 'value' has an internal driver [D:/Xilinx/Vivado/2018.3/data/ip/xpm/xpm_fifo/hdl/xpm_fifo.sv:126]
	Parameter COMMON_CLOCK bound to: 0 - type: integer 
	Parameter RELATED_CLOCKS bound to: 0 - type: integer 
	Parameter FIFO_MEMORY_TYPE bound to: 0 - type: integer 
	Parameter ECC_MODE bound to: 0 - type: integer 
	Parameter FIFO_WRITE_DEPTH bound to: 2048 - type: integer 
	Parameter WRITE_DATA_WIDTH bound to: 27 - type: integer 
	Parameter WR_DATA_COUNT_WIDTH bound to: 12 - type: integer 
	Parameter PROG_FULL_THRESH bound to: 10 - type: integer 
	Parameter USE_ADV_FEATURES bound to: 0707 - type: string 
	Parameter READ_MODE bound to: 1 - type: integer 
	Parameter FIFO_READ_LATENCY bound to: 0 - type: integer 
	Parameter READ_DATA_WIDTH bound to: 27 - type: integer 
	Parameter RD_DATA_COUNT_WIDTH bound to: 12 - type: integer 
	Parameter PROG_EMPTY_THRESH bound to: 10 - type: integer 
	Parameter DOUT_RESET_VALUE bound to: 0 - type: string 
	Parameter CDC_DEST_SYNC_FF bound to: 4 - type: integer 
	Parameter FULL_RESET_VALUE bound to: 1 - type: integer 
	Parameter REMOVE_WR_RD_PROT_LOGIC bound to: 0 - type: integer 
	Parameter WAKEUP_TIME bound to: 0 - type: integer 
	Parameter VERSION bound to: 0 - type: integer 
	Parameter invalid bound to: 0 - type: integer 
	Parameter stage1_valid bound to: 2 - type: integer 
	Parameter stage2_valid bound to: 1 - type: integer 
	Parameter both_stages_valid bound to: 3 - type: integer 
	Parameter SIM_ASSERT_CHK bound to: 0 - type: integer 
	Parameter FIFO_MEM_TYPE bound to: 0 - type: integer 
	Parameter RD_MODE bound to: 1 - type: integer 
	Parameter ENABLE_ECC bound to: 0 - type: integer 
	Parameter FIFO_READ_DEPTH bound to: 2048 - type: integer 
	Parameter FIFO_SIZE bound to: 55296 - type: integer 
	Parameter WR_WIDTH_LOG bound to: 5 - type: integer 
	Parameter WR_DEPTH_LOG bound to: 11 - type: integer 
	Parameter WR_PNTR_WIDTH bound to: 11 - type: integer 
	Parameter RD_PNTR_WIDTH bound to: 11 - type: integer 
	Parameter FULL_RST_VAL bound to: 1'b1 
	Parameter WR_RD_RATIO bound to: 0 - type: integer 
	Parameter PF_THRESH_ADJ bound to: 8 - type: integer 
	Parameter PE_THRESH_ADJ bound to: 8 - type: integer 
	Parameter PF_THRESH_MIN bound to: 9 - type: integer 
	Parameter PF_THRESH_MAX bound to: 2043 - type: integer 
	Parameter PE_THRESH_MIN bound to: 5 - type: integer 
	Parameter PE_THRESH_MAX bound to: 2043 - type: integer 
	Parameter WR_DC_WIDTH_EXT bound to: 12 - type: integer 
	Parameter RD_DC_WIDTH_EXT bound to: 12 - type: integer 
	Parameter RD_LATENCY bound to: 2 - type: integer 
	Parameter WIDTH_RATIO bound to: 1 - type: integer 
	Parameter EN_ADV_FEATURE bound to: 16'b0000011100000111 
	Parameter EN_OF bound to: 1'b1 
	Parameter EN_PF bound to: 1'b1 
	Parameter EN_WDC bound to: 1'b1 
	Parameter EN_AF bound to: 1'b0 
	Parameter EN_WACK bound to: 1'b0 
	Parameter FG_EQ_ASYM_DOUT bound to: 1'b0 
	Parameter EN_UF bound to: 1'b1 
	Parameter EN_PE bound to: 1'b1 
	Parameter EN_RDC bound to: 1'b1 
	Parameter EN_AE bound to: 1'b0 
	Parameter EN_DVLD bound to: 1'b0 
WARNING: [Synth 8-6104] Input port 'value' has an internal driver [D:/Xilinx/Vivado/2018.3/data/ip/xpm/xpm_fifo/hdl/xpm_fifo.sv:124]
WARNING: [Synth 8-6104] Input port 'value' has an internal driver [D:/Xilinx/Vivado/2018.3/data/ip/xpm/xpm_fifo/hdl/xpm_fifo.sv:126]
WARNING: [Synth 8-6104] Input port 'value' has an internal driver [D:/Xilinx/Vivado/2018.3/data/ip/xpm/xpm_fifo/hdl/xpm_fifo.sv:126]
WARNING: [Synth 8-6104] Input port 'value' has an internal driver [D:/Xilinx/Vivado/2018.3/data/ip/xpm/xpm_fifo/hdl/xpm_fifo.sv:126]
WARNING: [Synth 8-6104] Input port 'value' has an internal driver [D:/Xilinx/Vivado/2018.3/data/ip/xpm/xpm_fifo/hdl/xpm_fifo.sv:126]
WARNING: [Synth 8-6104] Input port 'value' has an internal driver [D:/Xilinx/Vivado/2018.3/data/ip/xpm/xpm_fifo/hdl/xpm_fifo.sv:126]
WARNING: [Synth 8-6104] Input port 'value' has an internal driver [D:/Xilinx/Vivado/2018.3/data/ip/xpm/xpm_fifo/hdl/xpm_fifo.sv:126]
WARNING: [Synth 8-6104] Input port 'value' has an internal driver [D:/Xilinx/Vivado/2018.3/data/ip/xpm/xpm_fifo/hdl/xpm_fifo.sv:126]
WARNING: [Synth 8-6104] Input port 'value' has an internal driver [D:/Xilinx/Vivado/2018.3/data/ip/xpm/xpm_fifo/hdl/xpm_fifo.sv:126]
WARNING: [Synth 8-6104] Input port 'value' has an internal driver [D:/Xilinx/Vivado/2018.3/data/ip/xpm/xpm_fifo/hdl/xpm_fifo.sv:126]
WARNING: [Synth 8-6104] Input port 'value' has an internal driver [D:/Xilinx/Vivado/2018.3/data/ip/xpm/xpm_fifo/hdl/xpm_fifo.sv:126]
WARNING: [Synth 8-6104] Input port 'value' has an internal driver [D:/Xilinx/Vivado/2018.3/data/ip/xpm/xpm_fifo/hdl/xpm_fifo.sv:126]
INFO: [Synth 8-6157] synthesizing module 'xpm_memory_base' [D:/Xilinx/Vivado/2018.3/data/ip/xpm/xpm_memory/hdl/xpm_memory.sv:57]
	Parameter MEMORY_TYPE bound to: 1 - type: integer 
	Parameter MEMORY_SIZE bound to: 55296 - type: integer 
	Parameter MEMORY_PRIMITIVE bound to: 0 - type: integer 
	Parameter CLOCKING_MODE bound to: 1 - type: integer 
	Parameter ECC_MODE bound to: 0 - type: integer 
	Parameter MEMORY_INIT_FILE bound to: none - type: string 
	Parameter MEMORY_INIT_PARAM bound to: (null) - type: string 
	Parameter USE_MEM_INIT bound to: 0 - type: integer 
	Parameter MEMORY_OPTIMIZATION bound to: true - type: string 
	Parameter WAKEUP_TIME bound to: 0 - type: integer 
	Parameter AUTO_SLEEP_TIME bound to: 0 - type: integer 
	Parameter MESSAGE_CONTROL bound to: 0 - type: integer 
	Parameter VERSION bound to: 0 - type: integer 
	Parameter USE_EMBEDDED_CONSTRAINT bound to: 0 - type: integer 
	Parameter WRITE_DATA_WIDTH_A bound to: 27 - type: integer 
	Parameter READ_DATA_WIDTH_A bound to: 27 - type: integer 
	Parameter BYTE_WRITE_WIDTH_A bound to: 27 - type: integer 
	Parameter ADDR_WIDTH_A bound to: 11 - type: integer 
	Parameter READ_RESET_VALUE_A bound to: 0 - type: string 
	Parameter READ_LATENCY_A bound to: 2 - type: integer 
	Parameter WRITE_MODE_A bound to: 2 - type: integer 
	Parameter RST_MODE_A bound to: SYNC - type: string 
	Parameter WRITE_DATA_WIDTH_B bound to: 27 - type: integer 
	Parameter READ_DATA_WIDTH_B bound to: 27 - type: integer 
	Parameter BYTE_WRITE_WIDTH_B bound to: 27 - type: integer 
	Parameter ADDR_WIDTH_B bound to: 11 - type: integer 
	Parameter READ_RESET_VALUE_B bound to: 0 - type: string 
	Parameter READ_LATENCY_B bound to: 2 - type: integer 
	Parameter WRITE_MODE_B bound to: 2 - type: integer 
	Parameter RST_MODE_B bound to: SYNC - type: string 
	Parameter P_MEMORY_PRIMITIVE bound to: auto - type: string 
	Parameter P_MIN_WIDTH_DATA_A bound to: 27 - type: integer 
	Parameter P_MIN_WIDTH_DATA_B bound to: 27 - type: integer 
	Parameter P_MIN_WIDTH_DATA bound to: 27 - type: integer 
	Parameter P_MIN_WIDTH_DATA_ECC bound to: 27 - type: integer 
	Parameter P_MAX_DEPTH_DATA bound to: 2048 - type: integer 
	Parameter P_ECC_MODE bound to: no_ecc - type: string 
	Parameter P_MEMORY_OPT bound to: yes - type: string 
	Parameter P_WIDTH_COL_WRITE_A bound to: 27 - type: integer 
	Parameter P_WIDTH_COL_WRITE_B bound to: 27 - type: integer 
	Parameter P_NUM_COLS_WRITE_A bound to: 1 - type: integer 
	Parameter P_NUM_COLS_WRITE_B bound to: 1 - type: integer 
	Parameter P_NUM_ROWS_WRITE_A bound to: 1 - type: integer 
	Parameter P_NUM_ROWS_WRITE_B bound to: 1 - type: integer 
	Parameter P_NUM_ROWS_READ_A bound to: 1 - type: integer 
	Parameter P_NUM_ROWS_READ_B bound to: 1 - type: integer 
	Parameter P_WIDTH_ADDR_WRITE_A bound to: 11 - type: integer 
	Parameter P_WIDTH_ADDR_WRITE_B bound to: 11 - type: integer 
	Parameter P_WIDTH_ADDR_READ_A bound to: 11 - type: integer 
	Parameter P_WIDTH_ADDR_READ_B bound to: 11 - type: integer 
	Parameter P_WIDTH_ADDR_LSB_WRITE_A bound to: 0 - type: integer 
	Parameter P_WIDTH_ADDR_LSB_WRITE_B bound to: 0 - type: integer 
	Parameter P_WIDTH_ADDR_LSB_READ_A bound to: 0 - type: integer 
	Parameter P_WIDTH_ADDR_LSB_READ_B bound to: 0 - type: integer 
	Parameter P_ENABLE_BYTE_WRITE_A bound to: 0 - type: integer 
	Parameter P_ENABLE_BYTE_WRITE_B bound to: 0 - type: integer 
	Parameter P_SDP_WRITE_MODE bound to: yes - type: string 
	Parameter NUM_CHAR_LOC bound to: 0 - type: integer 
	Parameter MAX_NUM_CHAR bound to: 0 - type: integer 
	Parameter P_MIN_WIDTH_DATA_SHFT bound to: 27 - type: integer 
	Parameter P_MIN_WIDTH_DATA_LDW bound to: 4 - type: integer 
INFO: [Synth 8-6059] Synth Info: [XPM_MEMORY 20-1] MEMORY_PRIMITIVE (0) instructs Vivado Synthesis to choose the memory primitive type. Depending on their values, other XPM_MEMORY parameters may preclude the choice of certain memory primitive types. Review XPM_MEMORY documentation and parameter values to understand any limitations, or set MEMORY_PRIMITIVE to a different value.   [D:/Xilinx/Vivado/2018.3/data/ip/xpm/xpm_memory/hdl/xpm_memory.sv:518]
WARNING: [Synth 8-6014] Unused sequential element gen_rd_b.gen_doutb_pipe.enb_pipe_reg[0] was removed.  [D:/Xilinx/Vivado/2018.3/data/ip/xpm/xpm_memory/hdl/xpm_memory.sv:2935]
INFO: [Synth 8-5772] Detected attribute (* ram_ecc = "no_ecc" *) on RAM gen_wr_a.gen_word_narrow.mem_reg 
INFO: [Synth 8-6155] done synthesizing module 'xpm_memory_base' (3#1) [D:/Xilinx/Vivado/2018.3/data/ip/xpm/xpm_memory/hdl/xpm_memory.sv:57]
INFO: [Synth 8-6157] synthesizing module 'xpm_cdc_gray' [D:/Xilinx/Vivado/2018.3/data/ip/xpm/xpm_cdc/hdl/xpm_cdc.sv:284]
	Parameter DEST_SYNC_FF bound to: 4 - type: integer 
	Parameter INIT_SYNC_FF bound to: 1 - type: integer 
	Parameter REG_OUTPUT bound to: 0 - type: integer 
	Parameter SIM_ASSERT_CHK bound to: 0 - type: integer 
	Parameter SIM_LOSSLESS_GRAY_CHK bound to: 0 - type: integer 
	Parameter VERSION bound to: 0 - type: integer 
	Parameter WIDTH bound to: 11 - type: integer 
INFO: [Synth 8-5534] Detected attribute (* ASYNC_REG = "TRUE" *) [D:/Xilinx/Vivado/2018.3/data/ip/xpm/xpm_cdc/hdl/xpm_cdc.sv:358]
WARNING: [Synth 8-6014] Unused sequential element dest_out_bin_ff_reg was removed.  [D:/Xilinx/Vivado/2018.3/data/ip/xpm/xpm_cdc/hdl/xpm_cdc.sv:417]
INFO: [Synth 8-6155] done synthesizing module 'xpm_cdc_gray' (4#1) [D:/Xilinx/Vivado/2018.3/data/ip/xpm/xpm_cdc/hdl/xpm_cdc.sv:284]
INFO: [Synth 8-6157] synthesizing module 'xpm_fifo_reg_vec' [D:/Xilinx/Vivado/2018.3/data/ip/xpm/xpm_fifo/hdl/xpm_fifo.sv:1759]
	Parameter REG_WIDTH bound to: 11 - type: integer 
INFO: [Synth 8-6155] done synthesizing module 'xpm_fifo_reg_vec' (5#1) [D:/Xilinx/Vivado/2018.3/data/ip/xpm/xpm_fifo/hdl/xpm_fifo.sv:1759]
INFO: [Synth 8-6157] synthesizing module 'xpm_cdc_gray__parameterized0' [D:/Xilinx/Vivado/2018.3/data/ip/xpm/xpm_cdc/hdl/xpm_cdc.sv:284]
	Parameter DEST_SYNC_FF bound to: 6 - type: integer 
	Parameter INIT_SYNC_FF bound to: 1 - type: integer 
	Parameter REG_OUTPUT bound to: 0 - type: integer 
	Parameter SIM_ASSERT_CHK bound to: 0 - type: integer 
	Parameter SIM_LOSSLESS_GRAY_CHK bound to: 0 - type: integer 
	Parameter VERSION bound to: 0 - type: integer 
	Parameter WIDTH bound to: 12 - type: integer 
WARNING: [Synth 8-6014] Unused sequential element dest_out_bin_ff_reg was removed.  [D:/Xilinx/Vivado/2018.3/data/ip/xpm/xpm_cdc/hdl/xpm_cdc.sv:417]
INFO: [Synth 8-6155] done synthesizing module 'xpm_cdc_gray__parameterized0' (5#1) [D:/Xilinx/Vivado/2018.3/data/ip/xpm/xpm_cdc/hdl/xpm_cdc.sv:284]
INFO: [Synth 8-6157] synthesizing module 'xpm_fifo_reg_vec__parameterized0' [D:/Xilinx/Vivado/2018.3/data/ip/xpm/xpm_fifo/hdl/xpm_fifo.sv:1759]
	Parameter REG_WIDTH bound to: 12 - type: integer 
INFO: [Synth 8-6155] done synthesizing module 'xpm_fifo_reg_vec__parameterized0' (5#1) [D:/Xilinx/Vivado/2018.3/data/ip/xpm/xpm_fifo/hdl/xpm_fifo.sv:1759]
INFO: [Synth 8-6157] synthesizing module 'xpm_cdc_gray__parameterized1' [D:/Xilinx/Vivado/2018.3/data/ip/xpm/xpm_cdc/hdl/xpm_cdc.sv:284]
	Parameter DEST_SYNC_FF bound to: 4 - type: integer 
	Parameter INIT_SYNC_FF bound to: 1 - type: integer 
	Parameter REG_OUTPUT bound to: 0 - type: integer 
	Parameter SIM_ASSERT_CHK bound to: 0 - type: integer 
	Parameter SIM_LOSSLESS_GRAY_CHK bound to: 0 - type: integer 
	Parameter VERSION bound to: 0 - type: integer 
	Parameter WIDTH bound to: 12 - type: integer 
WARNING: [Synth 8-6014] Unused sequential element dest_out_bin_ff_reg was removed.  [D:/Xilinx/Vivado/2018.3/data/ip/xpm/xpm_cdc/hdl/xpm_cdc.sv:417]
INFO: [Synth 8-6155] done synthesizing module 'xpm_cdc_gray__parameterized1' (5#1) [D:/Xilinx/Vivado/2018.3/data/ip/xpm/xpm_cdc/hdl/xpm_cdc.sv:284]
INFO: [Synth 8-6157] synthesizing module 'xpm_fifo_reg_bit' [D:/Xilinx/Vivado/2018.3/data/ip/xpm/xpm_fifo/hdl/xpm_fifo.sv:1781]
	Parameter RST_VALUE bound to: 0 - type: integer 
INFO: [Synth 8-6155] done synthesizing module 'xpm_fifo_reg_bit' (6#1) [D:/Xilinx/Vivado/2018.3/data/ip/xpm/xpm_fifo/hdl/xpm_fifo.sv:1781]
INFO: [Synth 8-226] default block is never used [D:/Xilinx/Vivado/2018.3/data/ip/xpm/xpm_fifo/hdl/xpm_fifo.sv:1187]
INFO: [Synth 8-226] default block is never used [D:/Xilinx/Vivado/2018.3/data/ip/xpm/xpm_fifo/hdl/xpm_fifo.sv:1233]
INFO: [Synth 8-226] default block is never used [D:/Xilinx/Vivado/2018.3/data/ip/xpm/xpm_fifo/hdl/xpm_fifo.sv:1244]
INFO: [Synth 8-6157] synthesizing module 'xpm_counter_updn' [D:/Xilinx/Vivado/2018.3/data/ip/xpm/xpm_fifo/hdl/xpm_fifo.sv:1733]
	Parameter COUNTER_WIDTH bound to: 2 - type: integer 
	Parameter RESET_VALUE bound to: 0 - type: integer 
INFO: [Synth 8-6155] done synthesizing module 'xpm_counter_updn' (7#1) [D:/Xilinx/Vivado/2018.3/data/ip/xpm/xpm_fifo/hdl/xpm_fifo.sv:1733]
INFO: [Synth 8-6157] synthesizing module 'xpm_fifo_rst' [D:/Xilinx/Vivado/2018.3/data/ip/xpm/xpm_fifo/hdl/xpm_fifo.sv:1504]
	Parameter COMMON_CLOCK bound to: 0 - type: integer 
	Parameter CDC_DEST_SYNC_FF bound to: 4 - type: integer 
	Parameter SIM_ASSERT_CHK bound to: 0 - type: integer 
INFO: [Synth 8-226] default block is never used [D:/Xilinx/Vivado/2018.3/data/ip/xpm/xpm_fifo/hdl/xpm_fifo.sv:1664]
INFO: [Synth 8-226] default block is never used [D:/Xilinx/Vivado/2018.3/data/ip/xpm/xpm_fifo/hdl/xpm_fifo.sv:1689]
INFO: [Synth 8-6157] synthesizing module 'xpm_cdc_sync_rst' [D:/Xilinx/Vivado/2018.3/data/ip/xpm/xpm_cdc/hdl/xpm_cdc.sv:1055]
	Parameter DEST_SYNC_FF bound to: 4 - type: integer 
	Parameter INIT bound to: 32'sb00000000000000000000000000000000 
	Parameter INIT_SYNC_FF bound to: 1 - type: integer 
	Parameter SIM_ASSERT_CHK bound to: 0 - type: integer 
	Parameter VERSION bound to: 0 - type: integer 
	Parameter DEF_VAL bound to: 1'b0 
INFO: [Synth 8-5534] Detected attribute (* ASYNC_REG = "TRUE" *) [D:/Xilinx/Vivado/2018.3/data/ip/xpm/xpm_cdc/hdl/xpm_cdc.sv:1107]
INFO: [Synth 8-6155] done synthesizing module 'xpm_cdc_sync_rst' (8#1) [D:/Xilinx/Vivado/2018.3/data/ip/xpm/xpm_cdc/hdl/xpm_cdc.sv:1055]
INFO: [Synth 8-6155] done synthesizing module 'xpm_fifo_rst' (9#1) [D:/Xilinx/Vivado/2018.3/data/ip/xpm/xpm_fifo/hdl/xpm_fifo.sv:1504]
INFO: [Synth 8-6157] synthesizing module 'xpm_counter_updn__parameterized0' [D:/Xilinx/Vivado/2018.3/data/ip/xpm/xpm_fifo/hdl/xpm_fifo.sv:1733]
	Parameter COUNTER_WIDTH bound to: 12 - type: integer 
	Parameter RESET_VALUE bound to: 0 - type: integer 
INFO: [Synth 8-6155] done synthesizing module 'xpm_counter_updn__parameterized0' (9#1) [D:/Xilinx/Vivado/2018.3/data/ip/xpm/xpm_fifo/hdl/xpm_fifo.sv:1733]
INFO: [Synth 8-6157] synthesizing module 'xpm_counter_updn__parameterized1' [D:/Xilinx/Vivado/2018.3/data/ip/xpm/xpm_fifo/hdl/xpm_fifo.sv:1733]
	Parameter COUNTER_WIDTH bound to: 11 - type: integer 
	Parameter RESET_VALUE bound to: 1 - type: integer 
INFO: [Synth 8-6155] done synthesizing module 'xpm_counter_updn__parameterized1' (9#1) [D:/Xilinx/Vivado/2018.3/data/ip/xpm/xpm_fifo/hdl/xpm_fifo.sv:1733]
INFO: [Synth 8-6157] synthesizing module 'xpm_counter_updn__parameterized2' [D:/Xilinx/Vivado/2018.3/data/ip/xpm/xpm_fifo/hdl/xpm_fifo.sv:1733]
	Parameter COUNTER_WIDTH bound to: 11 - type: integer 
	Parameter RESET_VALUE bound to: 2 - type: integer 
INFO: [Synth 8-6155] done synthesizing module 'xpm_counter_updn__parameterized2' (9#1) [D:/Xilinx/Vivado/2018.3/data/ip/xpm/xpm_fifo/hdl/xpm_fifo.sv:1733]
WARNING: [Synth 8-6104] Input port 'value' has an internal driver [D:/Xilinx/Vivado/2018.3/data/ip/xpm/xpm_fifo/hdl/xpm_fifo.sv:124]
WARNING: [Synth 8-6104] Input port 'value' has an internal driver [D:/Xilinx/Vivado/2018.3/data/ip/xpm/xpm_fifo/hdl/xpm_fifo.sv:126]
WARNING: [Synth 8-6104] Input port 'value' has an internal driver [D:/Xilinx/Vivado/2018.3/data/ip/xpm/xpm_fifo/hdl/xpm_fifo.sv:126]
WARNING: [Synth 8-6104] Input port 'value' has an internal driver [D:/Xilinx/Vivado/2018.3/data/ip/xpm/xpm_fifo/hdl/xpm_fifo.sv:126]
WARNING: [Synth 8-6104] Input port 'value' has an internal driver [D:/Xilinx/Vivado/2018.3/data/ip/xpm/xpm_fifo/hdl/xpm_fifo.sv:126]
WARNING: [Synth 8-6104] Input port 'value' has an internal driver [D:/Xilinx/Vivado/2018.3/data/ip/xpm/xpm_fifo/hdl/xpm_fifo.sv:126]
WARNING: [Synth 8-6104] Input port 'value' has an internal driver [D:/Xilinx/Vivado/2018.3/data/ip/xpm/xpm_fifo/hdl/xpm_fifo.sv:124]
WARNING: [Synth 8-6104] Input port 'value' has an internal driver [D:/Xilinx/Vivado/2018.3/data/ip/xpm/xpm_fifo/hdl/xpm_fifo.sv:126]
WARNING: [Synth 8-6104] Input port 'value' has an internal driver [D:/Xilinx/Vivado/2018.3/data/ip/xpm/xpm_fifo/hdl/xpm_fifo.sv:126]
WARNING: [Synth 8-6104] Input port 'value' has an internal driver [D:/Xilinx/Vivado/2018.3/data/ip/xpm/xpm_fifo/hdl/xpm_fifo.sv:126]
WARNING: [Synth 8-6104] Input port 'value' has an internal driver [D:/Xilinx/Vivado/2018.3/data/ip/xpm/xpm_fifo/hdl/xpm_fifo.sv:126]
WARNING: [Synth 8-6104] Input port 'value' has an internal driver [D:/Xilinx/Vivado/2018.3/data/ip/xpm/xpm_fifo/hdl/xpm_fifo.sv:126]
WARNING: [Synth 8-6104] Input port 'value' has an internal driver [D:/Xilinx/Vivado/2018.3/data/ip/xpm/xpm_fifo/hdl/xpm_fifo.sv:126]
WARNING: [Synth 8-6104] Input port 'value' has an internal driver [D:/Xilinx/Vivado/2018.3/data/ip/xpm/xpm_fifo/hdl/xpm_fifo.sv:126]
WARNING: [Synth 8-6104] Input port 'value' has an internal driver [D:/Xilinx/Vivado/2018.3/data/ip/xpm/xpm_fifo/hdl/xpm_fifo.sv:126]
WARNING: [Synth 8-6104] Input port 'value' has an internal driver [D:/Xilinx/Vivado/2018.3/data/ip/xpm/xpm_fifo/hdl/xpm_fifo.sv:126]
WARNING: [Synth 8-6104] Input port 'value' has an internal driver [D:/Xilinx/Vivado/2018.3/data/ip/xpm/xpm_fifo/hdl/xpm_fifo.sv:126]
WARNING: [Synth 8-6104] Input port 'value' has an internal driver [D:/Xilinx/Vivado/2018.3/data/ip/xpm/xpm_fifo/hdl/xpm_fifo.sv:126]
WARNING: [Synth 8-6104] Input port 'value' has an internal driver [D:/Xilinx/Vivado/2018.3/data/ip/xpm/xpm_fifo/hdl/xpm_fifo.sv:124]
WARNING: [Synth 8-6104] Input port 'value' has an internal driver [D:/Xilinx/Vivado/2018.3/data/ip/xpm/xpm_fifo/hdl/xpm_fifo.sv:126]
WARNING: [Synth 8-6104] Input port 'value' has an internal driver [D:/Xilinx/Vivado/2018.3/data/ip/xpm/xpm_fifo/hdl/xpm_fifo.sv:126]
WARNING: [Synth 8-6104] Input port 'value' has an internal driver [D:/Xilinx/Vivado/2018.3/data/ip/xpm/xpm_fifo/hdl/xpm_fifo.sv:126]
INFO: [Common 17-14] Message 'Synth 8-6104' appears 100 times and further instances of the messages will be disabled. Use the Tcl command set_msg_config to change the current settings.
INFO: [Synth 8-5772] Detected attribute (* rw_addr_collision = "yes" *) on RAM gen_wr_a.gen_word_narrow.mem_reg 
INFO: [Synth 8-4471] merging register 'gen_fwft.empty_fwft_fb_reg' into 'gen_fwft.empty_fwft_i_reg' [D:/Xilinx/Vivado/2018.3/data/ip/xpm/xpm_fifo/hdl/xpm_fifo.sv:1292]
WARNING: [Synth 8-6014] Unused sequential element gen_fwft.empty_fwft_fb_reg was removed.  [D:/Xilinx/Vivado/2018.3/data/ip/xpm/xpm_fifo/hdl/xpm_fifo.sv:1292]
INFO: [Synth 8-6155] done synthesizing module 'xpm_fifo_base' (10#1) [D:/Xilinx/Vivado/2018.3/data/ip/xpm/xpm_fifo/hdl/xpm_fifo.sv:56]
INFO: [Synth 8-5772] Detected attribute (* rw_addr_collision = "yes" *) on RAM gen_wr_a.gen_word_narrow.mem_reg 
INFO: [Synth 8-6155] done synthesizing module 'xpm_fifo_async' (11#1) [D:/Xilinx/Vivado/2018.3/data/ip/xpm/xpm_fifo/hdl/xpm_fifo.sv:2016]
WARNING: [Synth 8-350] instance 'XPM_FIFO_ASYNC_INST' of module 'xpm_fifo_async' requires 26 connections, but only 22 given [d:/Work/fpga/zynq_cam_isp_demo/zynq_cam_isp_demo.srcs/sources_1/bd/base/ipshared/a87e/hdl/v_axi4s_vid_out_v4_0_vl_rfs.v:108]
INFO: [Synth 8-5772] Detected attribute (* rw_addr_collision = "yes" *) on RAM gen_wr_a.gen_word_narrow.mem_reg 
INFO: [Synth 8-6155] done synthesizing module 'v_axi4s_vid_out_v4_0_10_fifo_async' (12#1) [d:/Work/fpga/zynq_cam_isp_demo/zynq_cam_isp_demo.srcs/sources_1/bd/base/ipshared/a87e/hdl/v_axi4s_vid_out_v4_0_vl_rfs.v:59]
INFO: [Synth 8-5772] Detected attribute (* rw_addr_collision = "yes" *) on RAM gen_wr_a.gen_word_narrow.mem_reg 
INFO: [Synth 8-6155] done synthesizing module 'v_axi4s_vid_out_v4_0_10_coupler' (13#1) [d:/Work/fpga/zynq_cam_isp_demo/zynq_cam_isp_demo.srcs/sources_1/bd/base/ipshared/a87e/hdl/v_axi4s_vid_out_v4_0_vl_rfs.v:294]
INFO: [Synth 8-6157] synthesizing module 'v_axi4s_vid_out_v4_0_10_sync' [d:/Work/fpga/zynq_cam_isp_demo/zynq_cam_isp_demo.srcs/sources_1/bd/base/ipshared/a87e/hdl/v_axi4s_vid_out_v4_0_vl_rfs.v:506]
	Parameter C_ADDR_WIDTH bound to: 11 - type: integer 
	Parameter C_VTG_MASTER_SLAVE bound to: 0 - type: integer 
	Parameter C_HYSTERESIS_LEVEL bound to: 12 - type: integer 
	Parameter C_SYNC_LOCK_THRESHOLD bound to: 4 - type: integer 
	Parameter C_SYNC_VTG_LAG_MAX bound to: 32'b00000000000000000000100000000000 
	Parameter C_SYNC_IDLE bound to: 4'b0000 
	Parameter C_SYNC_CALN_SOF_VTG bound to: 4'b0001 
	Parameter C_SYNC_CALN_SOF_FIFO bound to: 4'b0010 
	Parameter C_SYNC_FALN_EOL_LEADING bound to: 4'b0011 
	Parameter C_SYNC_FALN_EOL_LAGGING bound to: 4'b0100 
	Parameter C_SYNC_FALN_SOF_LEADING bound to: 4'b0101 
	Parameter C_SYNC_FALN_SOF_LAGGING bound to: 4'b0110 
	Parameter C_SYNC_FALN_ACTIVE bound to: 4'b0111 
	Parameter C_SYNC_FALN_LOCK bound to: 4'b1000 
	Parameter C_SYNC_LALN_EOL_LEADING bound to: 4'b1001 
	Parameter C_SYNC_LALN_EOL_LAGGING bound to: 4'b1010 
	Parameter C_SYNC_LALN_SOF_LEADING bound to: 4'b1011 
	Parameter C_SYNC_LALN_SOF_LAGGING bound to: 4'b1100 
INFO: [Synth 8-155] case statement is not full and has no default [d:/Work/fpga/zynq_cam_isp_demo/zynq_cam_isp_demo.srcs/sources_1/bd/base/ipshared/a87e/hdl/v_axi4s_vid_out_v4_0_vl_rfs.v:820]
INFO: [Synth 8-155] case statement is not full and has no default [d:/Work/fpga/zynq_cam_isp_demo/zynq_cam_isp_demo.srcs/sources_1/bd/base/ipshared/a87e/hdl/v_axi4s_vid_out_v4_0_vl_rfs.v:648]
WARNING: [Synth 8-6014] Unused sequential element fifo_fid_dly_reg was removed.  [d:/Work/fpga/zynq_cam_isp_demo/zynq_cam_isp_demo.srcs/sources_1/bd/base/ipshared/a87e/hdl/v_axi4s_vid_out_v4_0_vl_rfs.v:675]
WARNING: [Synth 8-6014] Unused sequential element vtg_fid_dly_reg was removed.  [d:/Work/fpga/zynq_cam_isp_demo/zynq_cam_isp_demo.srcs/sources_1/bd/base/ipshared/a87e/hdl/v_axi4s_vid_out_v4_0_vl_rfs.v:702]
INFO: [Synth 8-6155] done synthesizing module 'v_axi4s_vid_out_v4_0_10_sync' (14#1) [d:/Work/fpga/zynq_cam_isp_demo/zynq_cam_isp_demo.srcs/sources_1/bd/base/ipshared/a87e/hdl/v_axi4s_vid_out_v4_0_vl_rfs.v:506]
INFO: [Synth 8-6157] synthesizing module 'v_axi4s_vid_out_v4_0_10_formatter' [d:/Work/fpga/zynq_cam_isp_demo/zynq_cam_isp_demo.srcs/sources_1/bd/base/ipshared/a87e/hdl/v_axi4s_vid_out_v4_0_vl_rfs.v:1142]
	Parameter C_NATIVE_DATA_WIDTH bound to: 24 - type: integer 
INFO: [Synth 8-6155] done synthesizing module 'v_axi4s_vid_out_v4_0_10_formatter' (15#1) [d:/Work/fpga/zynq_cam_isp_demo/zynq_cam_isp_demo.srcs/sources_1/bd/base/ipshared/a87e/hdl/v_axi4s_vid_out_v4_0_vl_rfs.v:1142]
WARNING: [Synth 8-6014] Unused sequential element locked_from_sync_dly_reg was removed.  [d:/Work/fpga/zynq_cam_isp_demo/zynq_cam_isp_demo.srcs/sources_1/bd/base/ipshared/a87e/hdl/v_axi4s_vid_out_v4_0_vl_rfs.v:2325]
WARNING: [Synth 8-6014] Unused sequential element aclk_reset_pulse_reg was removed.  [d:/Work/fpga/zynq_cam_isp_demo/zynq_cam_isp_demo.srcs/sources_1/bd/base/ipshared/a87e/hdl/v_axi4s_vid_out_v4_0_vl_rfs.v:2240]
INFO: [Synth 8-5772] Detected attribute (* rw_addr_collision = "yes" *) on RAM gen_wr_a.gen_word_narrow.mem_reg 
WARNING: [Synth 8-3848] Net fifo_underflow_from_remap in module/entity v_axi4s_vid_out_v4_0_10 does not have driver. [d:/Work/fpga/zynq_cam_isp_demo/zynq_cam_isp_demo.srcs/sources_1/bd/base/ipshared/a87e/hdl/v_axi4s_vid_out_v4_0_vl_rfs.v:2227]
INFO: [Synth 8-6155] done synthesizing module 'v_axi4s_vid_out_v4_0_10' (16#1) [d:/Work/fpga/zynq_cam_isp_demo/zynq_cam_isp_demo.srcs/sources_1/bd/base/ipshared/a87e/hdl/v_axi4s_vid_out_v4_0_vl_rfs.v:2107]
INFO: [Synth 8-5772] Detected attribute (* rw_addr_collision = "yes" *) on RAM gen_wr_a.gen_word_narrow.mem_reg 
INFO: [Synth 8-6155] done synthesizing module 'base_v_axi4s_vid_out_2_0' (17#1) [d:/Work/fpga/zynq_cam_isp_demo/zynq_cam_isp_demo.srcs/sources_1/bd/base/ip/base_v_axi4s_vid_out_2_0/synth/base_v_axi4s_vid_out_2_0.v:58]
WARNING: [Synth 8-3331] design v_axi4s_vid_out_v4_0_10_sync has unconnected port VTG_HSYNC
WARNING: [Synth 8-3331] design xpm_memory_base has unconnected port sleep
WARNING: [Synth 8-3331] design xpm_memory_base has unconnected port rsta
WARNING: [Synth 8-3331] design xpm_memory_base has unconnected port regcea
WARNING: [Synth 8-3331] design xpm_memory_base has unconnected port injectsbiterra
WARNING: [Synth 8-3331] design xpm_memory_base has unconnected port injectdbiterra
WARNING: [Synth 8-3331] design xpm_memory_base has unconnected port dinb[26]
WARNING: [Synth 8-3331] design xpm_memory_base has unconnected port dinb[25]
WARNING: [Synth 8-3331] design xpm_memory_base has unconnected port dinb[24]
WARNING: [Synth 8-3331] design xpm_memory_base has unconnected port dinb[23]
WARNING: [Synth 8-3331] design xpm_memory_base has unconnected port dinb[22]
WARNING: [Synth 8-3331] design xpm_memory_base has unconnected port dinb[21]
WARNING: [Synth 8-3331] design xpm_memory_base has unconnected port dinb[20]
WARNING: [Synth 8-3331] design xpm_memory_base has unconnected port dinb[19]
WARNING: [Synth 8-3331] design xpm_memory_base has unconnected port dinb[18]
WARNING: [Synth 8-3331] design xpm_memory_base has unconnected port dinb[17]
WARNING: [Synth 8-3331] design xpm_memory_base has unconnected port dinb[16]
WARNING: [Synth 8-3331] design xpm_memory_base has unconnected port dinb[15]
WARNING: [Synth 8-3331] design xpm_memory_base has unconnected port dinb[14]
WARNING: [Synth 8-3331] design xpm_memory_base has unconnected port dinb[13]
WARNING: [Synth 8-3331] design xpm_memory_base has unconnected port dinb[12]
WARNING: [Synth 8-3331] design xpm_memory_base has unconnected port dinb[11]
WARNING: [Synth 8-3331] design xpm_memory_base has unconnected port dinb[10]
WARNING: [Synth 8-3331] design xpm_memory_base has unconnected port dinb[9]
WARNING: [Synth 8-3331] design xpm_memory_base has unconnected port dinb[8]
WARNING: [Synth 8-3331] design xpm_memory_base has unconnected port dinb[7]
WARNING: [Synth 8-3331] design xpm_memory_base has unconnected port dinb[6]
WARNING: [Synth 8-3331] design xpm_memory_base has unconnected port dinb[5]
WARNING: [Synth 8-3331] design xpm_memory_base has unconnected port dinb[4]
WARNING: [Synth 8-3331] design xpm_memory_base has unconnected port dinb[3]
WARNING: [Synth 8-3331] design xpm_memory_base has unconnected port dinb[2]
WARNING: [Synth 8-3331] design xpm_memory_base has unconnected port dinb[1]
WARNING: [Synth 8-3331] design xpm_memory_base has unconnected port dinb[0]
WARNING: [Synth 8-3331] design xpm_memory_base has unconnected port injectsbiterrb
WARNING: [Synth 8-3331] design xpm_memory_base has unconnected port injectdbiterrb
WARNING: [Synth 8-3331] design v_axi4s_vid_out_v4_0_10_coupler has unconnected port VID_RESET
WARNING: [Synth 8-3331] design xpm_cdc_single has unconnected port src_clk
WARNING: [Synth 8-3331] design v_axi4s_vid_out_v4_0_10 has unconnected port repeat_en
WARNING: [Synth 8-3331] design v_axi4s_vid_out_v4_0_10 has unconnected port remap_420_en
---------------------------------------------------------------------------------
Finished RTL Elaboration : Time (s): cpu = 00:00:04 ; elapsed = 00:00:05 . Memory (MB): peak = 462.797 ; gain = 156.086
---------------------------------------------------------------------------------

Report Check Netlist: 
+------+------------------+-------+---------+-------+------------------+
|      |Item              |Errors |Warnings |Status |Description       |
+------+------------------+-------+---------+-------+------------------+
|1     |multi_driven_nets |      0|        0|Passed |Multi driven nets |
+------+------------------+-------+---------+-------+------------------+
INFO: [Synth 8-3295] tying undriven pin CDC_SINGLE_REMAP_UNDERFLOW_INST:DAT_IN to constant 0 [d:/Work/fpga/zynq_cam_isp_demo/zynq_cam_isp_demo.srcs/sources_1/bd/base/ipshared/a87e/hdl/v_axi4s_vid_out_v4_0_vl_rfs.v:2308]
---------------------------------------------------------------------------------
Start Handling Custom Attributes
---------------------------------------------------------------------------------
---------------------------------------------------------------------------------
Finished Handling Custom Attributes : Time (s): cpu = 00:00:05 ; elapsed = 00:00:05 . Memory (MB): peak = 462.797 ; gain = 156.086
---------------------------------------------------------------------------------
---------------------------------------------------------------------------------
Finished RTL Optimization Phase 1 : Time (s): cpu = 00:00:05 ; elapsed = 00:00:05 . Memory (MB): peak = 462.797 ; gain = 156.086
---------------------------------------------------------------------------------
INFO: [Device 21-403] Loading part xc7z020clg400-2
INFO: [Project 1-570] Preparing netlist for logic optimization

Processing XDC Constraints
Initializing timing engine
Parsing XDC File [d:/Work/fpga/zynq_cam_isp_demo/zynq_cam_isp_demo.srcs/sources_1/bd/base/ip/base_v_axi4s_vid_out_2_0/base_v_axi4s_vid_out_2_0_ooc.xdc] for cell 'inst'
Finished Parsing XDC File [d:/Work/fpga/zynq_cam_isp_demo/zynq_cam_isp_demo.srcs/sources_1/bd/base/ip/base_v_axi4s_vid_out_2_0/base_v_axi4s_vid_out_2_0_ooc.xdc] for cell 'inst'
Parsing XDC File [D:/Work/fpga/zynq_cam_isp_demo/zynq_cam_isp_demo.runs/base_v_axi4s_vid_out_2_0_synth_1/dont_touch.xdc]
Finished Parsing XDC File [D:/Work/fpga/zynq_cam_isp_demo/zynq_cam_isp_demo.runs/base_v_axi4s_vid_out_2_0_synth_1/dont_touch.xdc]
Parsing XDC File [d:/Work/fpga/zynq_cam_isp_demo/zynq_cam_isp_demo.srcs/sources_1/bd/base/ip/base_v_axi4s_vid_out_2_0/base_v_axi4s_vid_out_2_0_clocks.xdc] for cell 'inst'
Finished Parsing XDC File [d:/Work/fpga/zynq_cam_isp_demo/zynq_cam_isp_demo.srcs/sources_1/bd/base/ip/base_v_axi4s_vid_out_2_0/base_v_axi4s_vid_out_2_0_clocks.xdc] for cell 'inst'
Sourcing Tcl File [D:/Xilinx/Vivado/2018.3/data/ip/xpm/xpm_cdc/tcl/xpm_cdc_gray.tcl] for cell 'inst/COUPLER_INST/generate_async_fifo.FIFO_INST/XPM_FIFO_ASYNC_INST/gnuram_async_fifo.xpm_fifo_base_inst/gen_cdc_pntr.rd_pntr_cdc_inst'
Finished Sourcing Tcl File [D:/Xilinx/Vivado/2018.3/data/ip/xpm/xpm_cdc/tcl/xpm_cdc_gray.tcl] for cell 'inst/COUPLER_INST/generate_async_fifo.FIFO_INST/XPM_FIFO_ASYNC_INST/gnuram_async_fifo.xpm_fifo_base_inst/gen_cdc_pntr.rd_pntr_cdc_inst'
Sourcing Tcl File [D:/Xilinx/Vivado/2018.3/data/ip/xpm/xpm_cdc/tcl/xpm_cdc_gray.tcl] for cell 'inst/COUPLER_INST/generate_async_fifo.FIFO_INST/XPM_FIFO_ASYNC_INST/gnuram_async_fifo.xpm_fifo_base_inst/gen_cdc_pntr.wr_pntr_cdc_inst'
Finished Sourcing Tcl File [D:/Xilinx/Vivado/2018.3/data/ip/xpm/xpm_cdc/tcl/xpm_cdc_gray.tcl] for cell 'inst/COUPLER_INST/generate_async_fifo.FIFO_INST/XPM_FIFO_ASYNC_INST/gnuram_async_fifo.xpm_fifo_base_inst/gen_cdc_pntr.wr_pntr_cdc_inst'
Sourcing Tcl File [D:/Xilinx/Vivado/2018.3/data/ip/xpm/xpm_cdc/tcl/xpm_cdc_gray.tcl] for cell 'inst/COUPLER_INST/generate_async_fifo.FIFO_INST/XPM_FIFO_ASYNC_INST/gnuram_async_fifo.xpm_fifo_base_inst/gen_cdc_pntr.wr_pntr_cdc_dc_inst'
Finished Sourcing Tcl File [D:/Xilinx/Vivado/2018.3/data/ip/xpm/xpm_cdc/tcl/xpm_cdc_gray.tcl] for cell 'inst/COUPLER_INST/generate_async_fifo.FIFO_INST/XPM_FIFO_ASYNC_INST/gnuram_async_fifo.xpm_fifo_base_inst/gen_cdc_pntr.wr_pntr_cdc_dc_inst'
Sourcing Tcl File [D:/Xilinx/Vivado/2018.3/data/ip/xpm/xpm_cdc/tcl/xpm_cdc_gray.tcl] for cell 'inst/COUPLER_INST/generate_async_fifo.FIFO_INST/XPM_FIFO_ASYNC_INST/gnuram_async_fifo.xpm_fifo_base_inst/gen_cdc_pntr.rd_pntr_cdc_dc_inst'
Finished Sourcing Tcl File [D:/Xilinx/Vivado/2018.3/data/ip/xpm/xpm_cdc/tcl/xpm_cdc_gray.tcl] for cell 'inst/COUPLER_INST/generate_async_fifo.FIFO_INST/XPM_FIFO_ASYNC_INST/gnuram_async_fifo.xpm_fifo_base_inst/gen_cdc_pntr.rd_pntr_cdc_dc_inst'
INFO: [Project 1-236] Implementation specific constraints were found while reading constraint file [D:/Xilinx/Vivado/2018.3/data/ip/xpm/xpm_cdc/tcl/xpm_cdc_gray.tcl]. These constraints will be ignored for synthesis but will be used in implementation. Impacted constraints are listed in the file [.Xil/base_v_axi4s_vid_out_2_0_propImpl.xdc].
Resolution: To avoid this warning, move constraints listed in [.Xil/base_v_axi4s_vid_out_2_0_propImpl.xdc] to another XDC file and exclude this new file from synthesis with the used_in_synthesis property (File Properties dialog in GUI) and re-run elaboration/synthesis.
Sourcing Tcl File [D:/Xilinx/Vivado/2018.3/data/ip/xpm/xpm_cdc/tcl/xpm_cdc_single.tcl] for cell 'inst/CDC_SINGLE_LOCKED_INST/xpm_cdc_single_inst'
Finished Sourcing Tcl File [D:/Xilinx/Vivado/2018.3/data/ip/xpm/xpm_cdc/tcl/xpm_cdc_single.tcl] for cell 'inst/CDC_SINGLE_LOCKED_INST/xpm_cdc_single_inst'
Sourcing Tcl File [D:/Xilinx/Vivado/2018.3/data/ip/xpm/xpm_cdc/tcl/xpm_cdc_single.tcl] for cell 'inst/CDC_SINGLE_REMAP_UNDERFLOW_INST/xpm_cdc_single_inst'
Finished Sourcing Tcl File [D:/Xilinx/Vivado/2018.3/data/ip/xpm/xpm_cdc/tcl/xpm_cdc_single.tcl] for cell 'inst/CDC_SINGLE_REMAP_UNDERFLOW_INST/xpm_cdc_single_inst'
INFO: [Project 1-236] Implementation specific constraints were found while reading constraint file [D:/Xilinx/Vivado/2018.3/data/ip/xpm/xpm_cdc/tcl/xpm_cdc_single.tcl]. These constraints will be ignored for synthesis but will be used in implementation. Impacted constraints are listed in the file [.Xil/base_v_axi4s_vid_out_2_0_propImpl.xdc].
Resolution: To avoid this warning, move constraints listed in [.Xil/base_v_axi4s_vid_out_2_0_propImpl.xdc] to another XDC file and exclude this new file from synthesis with the used_in_synthesis property (File Properties dialog in GUI) and re-run elaboration/synthesis.
Sourcing Tcl File [D:/Xilinx/Vivado/2018.3/data/ip/xpm/xpm_cdc/tcl/xpm_cdc_sync_rst.tcl] for cell 'inst/COUPLER_INST/generate_async_fifo.FIFO_INST/XPM_FIFO_ASYNC_INST/gnuram_async_fifo.xpm_fifo_base_inst/xpm_fifo_rst_inst/gen_rst_ic.rrst_wr_inst'
Finished Sourcing Tcl File [D:/Xilinx/Vivado/2018.3/data/ip/xpm/xpm_cdc/tcl/xpm_cdc_sync_rst.tcl] for cell 'inst/COUPLER_INST/generate_async_fifo.FIFO_INST/XPM_FIFO_ASYNC_INST/gnuram_async_fifo.xpm_fifo_base_inst/xpm_fifo_rst_inst/gen_rst_ic.rrst_wr_inst'
Sourcing Tcl File [D:/Xilinx/Vivado/2018.3/data/ip/xpm/xpm_cdc/tcl/xpm_cdc_sync_rst.tcl] for cell 'inst/COUPLER_INST/generate_async_fifo.FIFO_INST/XPM_FIFO_ASYNC_INST/gnuram_async_fifo.xpm_fifo_base_inst/xpm_fifo_rst_inst/gen_rst_ic.wrst_rd_inst'
Finished Sourcing Tcl File [D:/Xilinx/Vivado/2018.3/data/ip/xpm/xpm_cdc/tcl/xpm_cdc_sync_rst.tcl] for cell 'inst/COUPLER_INST/generate_async_fifo.FIFO_INST/XPM_FIFO_ASYNC_INST/gnuram_async_fifo.xpm_fifo_base_inst/xpm_fifo_rst_inst/gen_rst_ic.wrst_rd_inst'
Sourcing Tcl File [D:/Xilinx/Vivado/2018.3/data/ip/xpm/xpm_fifo/tcl/xpm_fifo_rst.tcl] for cell 'inst/COUPLER_INST/generate_async_fifo.FIFO_INST/XPM_FIFO_ASYNC_INST'
Finished Sourcing Tcl File [D:/Xilinx/Vivado/2018.3/data/ip/xpm/xpm_fifo/tcl/xpm_fifo_rst.tcl] for cell 'inst/COUPLER_INST/generate_async_fifo.FIFO_INST/XPM_FIFO_ASYNC_INST'
INFO: [Project 1-236] Implementation specific constraints were found while reading constraint file [D:/Xilinx/Vivado/2018.3/data/ip/xpm/xpm_fifo/tcl/xpm_fifo_rst.tcl]. These constraints will be ignored for synthesis but will be used in implementation. Impacted constraints are listed in the file [.Xil/base_v_axi4s_vid_out_2_0_propImpl.xdc].
Resolution: To avoid this warning, move constraints listed in [.Xil/base_v_axi4s_vid_out_2_0_propImpl.xdc] to another XDC file and exclude this new file from synthesis with the used_in_synthesis property (File Properties dialog in GUI) and re-run elaboration/synthesis.
Netlist sorting complete. Time (s): cpu = 00:00:00 ; elapsed = 00:00:00.001 . Memory (MB): peak = 833.805 ; gain = 0.000
Completed Processing XDC Constraints

Netlist sorting complete. Time (s): cpu = 00:00:00 ; elapsed = 00:00:00.001 . Memory (MB): peak = 833.805 ; gain = 0.000
INFO: [Project 1-111] Unisim Transformation Summary:
No Unisim elements were transformed.

Netlist sorting complete. Time (s): cpu = 00:00:00 ; elapsed = 00:00:00.001 . Memory (MB): peak = 833.805 ; gain = 0.000
Constraint Validation Runtime : Time (s): cpu = 00:00:00 ; elapsed = 00:00:00.029 . Memory (MB): peak = 833.805 ; gain = 0.000
---------------------------------------------------------------------------------
Finished Constraint Validation : Time (s): cpu = 00:00:14 ; elapsed = 00:00:17 . Memory (MB): peak = 833.805 ; gain = 527.094
---------------------------------------------------------------------------------
---------------------------------------------------------------------------------
Start Loading Part and Timing Information
---------------------------------------------------------------------------------
Loading part: xc7z020clg400-2
---------------------------------------------------------------------------------
Finished Loading Part and Timing Information : Time (s): cpu = 00:00:14 ; elapsed = 00:00:17 . Memory (MB): peak = 833.805 ; gain = 527.094
---------------------------------------------------------------------------------
---------------------------------------------------------------------------------
Start Applying 'set_property' XDC Constraints
---------------------------------------------------------------------------------
Applied set_property DONT_TOUCH = true for inst. (constraint file  D:/Work/fpga/zynq_cam_isp_demo/zynq_cam_isp_demo.runs/base_v_axi4s_vid_out_2_0_synth_1/dont_touch.xdc, line 9).
Applied set_property DONT_TOUCH = true for inst/COUPLER_INST/\generate_async_fifo.FIFO_INST /XPM_FIFO_ASYNC_INST/\gnuram_async_fifo.xpm_fifo_base_inst /\gen_cdc_pntr.rd_pntr_cdc_inst . (constraint file  auto generated constraint, line ).
Applied set_property DONT_TOUCH = true for inst/COUPLER_INST/\generate_async_fifo.FIFO_INST /XPM_FIFO_ASYNC_INST/\gnuram_async_fifo.xpm_fifo_base_inst /\gen_cdc_pntr.wr_pntr_cdc_inst . (constraint file  auto generated constraint, line ).
Applied set_property DONT_TOUCH = true for inst/COUPLER_INST/\generate_async_fifo.FIFO_INST /XPM_FIFO_ASYNC_INST/\gnuram_async_fifo.xpm_fifo_base_inst /\gen_cdc_pntr.rd_pntr_cdc_dc_inst . (constraint file  auto generated constraint, line ).
Applied set_property DONT_TOUCH = true for inst/COUPLER_INST/\generate_async_fifo.FIFO_INST /XPM_FIFO_ASYNC_INST/\gnuram_async_fifo.xpm_fifo_base_inst /\gen_cdc_pntr.wr_pntr_cdc_dc_inst . (constraint file  auto generated constraint, line ).
Applied set_property DONT_TOUCH = true for inst/CDC_SINGLE_REMAP_UNDERFLOW_INST/xpm_cdc_single_inst. (constraint file  auto generated constraint, line ).
Applied set_property DONT_TOUCH = true for inst/CDC_SINGLE_LOCKED_INST/xpm_cdc_single_inst. (constraint file  auto generated constraint, line ).
Applied set_property DONT_TOUCH = true for inst/COUPLER_INST/\generate_async_fifo.FIFO_INST /XPM_FIFO_ASYNC_INST/\gnuram_async_fifo.xpm_fifo_base_inst /xpm_fifo_rst_inst/\gen_rst_ic.rrst_wr_inst . (constraint file  auto generated constraint, line ).
Applied set_property DONT_TOUCH = true for inst/COUPLER_INST/\generate_async_fifo.FIFO_INST /XPM_FIFO_ASYNC_INST/\gnuram_async_fifo.xpm_fifo_base_inst /xpm_fifo_rst_inst/\gen_rst_ic.wrst_rd_inst . (constraint file  auto generated constraint, line ).
Applied set_property DONT_TOUCH = true for inst/COUPLER_INST/\generate_async_fifo.FIFO_INST /XPM_FIFO_ASYNC_INST. (constraint file  auto generated constraint, line ).
---------------------------------------------------------------------------------
Finished applying 'set_property' XDC Constraints : Time (s): cpu = 00:00:14 ; elapsed = 00:00:18 . Memory (MB): peak = 833.805 ; gain = 527.094
---------------------------------------------------------------------------------
INFO: [Synth 8-802] inferred FSM for state register 'gen_rst_ic.curr_wrst_state_reg' in module 'xpm_fifo_rst'
INFO: [Synth 8-802] inferred FSM for state register 'gen_rst_ic.curr_rrst_state_reg' in module 'xpm_fifo_rst'
INFO: [Synth 8-5544] ROM "gen_rst_ic.rst_seq_reentered" won't be mapped to Block RAM because address size (3) smaller than threshold (5)
INFO: [Synth 8-5544] ROM "gen_rst_ic.fifo_wr_rst_i" won't be mapped to Block RAM because address size (3) smaller than threshold (5)
INFO: [Synth 8-5544] ROM "gen_rst_ic.wr_rst_busy_i" won't be mapped to Block RAM because address size (3) smaller than threshold (5)
INFO: [Synth 8-5544] ROM "gen_rst_ic.next_wrst_state" won't be mapped to Block RAM because address size (1) smaller than threshold (5)
INFO: [Synth 8-5544] ROM "gen_rst_ic.next_wrst_state" won't be mapped to Block RAM because address size (1) smaller than threshold (5)
INFO: [Synth 8-5544] ROM "gen_rst_ic.next_wrst_state" won't be mapped to Block RAM because address size (1) smaller than threshold (5)
INFO: [Synth 8-5544] ROM "gen_rst_ic.next_wrst_state" won't be mapped to Block RAM because address size (1) smaller than threshold (5)
INFO: [Synth 8-5544] ROM "gen_rst_ic.next_rrst_state" won't be mapped to Block RAM because address size (1) smaller than threshold (5)
INFO: [Synth 8-5544] ROM "gen_rst_ic.next_rrst_state" won't be mapped to Block RAM because address size (1) smaller than threshold (5)
INFO: [Synth 8-5818] HDL ADVISOR - The operator resource <adder> is shared. To prevent sharing consider applying a KEEP on the output of the operator [D:/Xilinx/Vivado/2018.3/data/ip/xpm/xpm_fifo/hdl/xpm_fifo.sv:853]
INFO: [Synth 8-802] inferred FSM for state register 'gen_fwft.curr_fwft_state_reg' in module 'xpm_fifo_base'
INFO: [Synth 8-5544] ROM "gen_fwft.leaving_empty_fwft" won't be mapped to Block RAM because address size (2) smaller than threshold (5)
INFO: [Synth 8-5544] ROM "next_fwft_state" won't be mapped to Block RAM because address size (1) smaller than threshold (5)
INFO: [Synth 8-5544] ROM "next_fwft_state" won't be mapped to Block RAM because address size (1) smaller than threshold (5)
INFO: [Synth 8-5544] ROM "next_fwft_state" won't be mapped to Block RAM because address size (1) smaller than threshold (5)
INFO: [Synth 8-5544] ROM "next_fwft_state" won't be mapped to Block RAM because address size (1) smaller than threshold (5)
INFO: [Synth 8-802] inferred FSM for state register 'state_reg' in module 'v_axi4s_vid_out_v4_0_10_sync'
INFO: [Synth 8-5544] ROM "status_reg" won't be mapped to Block RAM because address size (4) smaller than threshold (5)
INFO: [Synth 8-5544] ROM "next_state" won't be mapped to Block RAM because address size (1) smaller than threshold (5)
INFO: [Synth 8-5544] ROM "next_state" won't be mapped to Block RAM because address size (1) smaller than threshold (5)
INFO: [Synth 8-5544] ROM "next_state" won't be mapped to Block RAM because address size (1) smaller than threshold (5)
INFO: [Synth 8-5544] ROM "next_state" won't be mapped to Block RAM because address size (1) smaller than threshold (5)
INFO: [Synth 8-5544] ROM "next_state" won't be mapped to Block RAM because address size (1) smaller than threshold (5)
INFO: [Synth 8-5544] ROM "next_state" won't be mapped to Block RAM because address size (1) smaller than threshold (5)
---------------------------------------------------------------------------------------------------
                   State |                     New Encoding |                Previous Encoding 
---------------------------------------------------------------------------------------------------
               WRST_IDLE |                            00001 |                              000
                 WRST_IN |                            00010 |                              010
                WRST_OUT |                            00100 |                              111
               WRST_EXIT |                            01000 |                              110
            WRST_GO2IDLE |                            10000 |                              100
---------------------------------------------------------------------------------------------------
INFO: [Synth 8-3354] encoded FSM with state register 'gen_rst_ic.curr_wrst_state_reg' using encoding 'one-hot' in module 'xpm_fifo_rst'
---------------------------------------------------------------------------------------------------
                   State |                     New Encoding |                Previous Encoding 
---------------------------------------------------------------------------------------------------
               RRST_IDLE |                               00 |                               00
                 RRST_IN |                               01 |                               10
                RRST_OUT |                               10 |                               11
               RRST_EXIT |                               11 |                               01
---------------------------------------------------------------------------------------------------
INFO: [Synth 8-3354] encoded FSM with state register 'gen_rst_ic.curr_rrst_state_reg' using encoding 'sequential' in module 'xpm_fifo_rst'
---------------------------------------------------------------------------------------------------
                   State |                     New Encoding |                Previous Encoding 
---------------------------------------------------------------------------------------------------
                 invalid |                               00 |                               00
            stage1_valid |                               01 |                               10
       both_stages_valid |                               10 |                               11
            stage2_valid |                               11 |                               01
---------------------------------------------------------------------------------------------------
INFO: [Synth 8-3354] encoded FSM with state register 'gen_fwft.curr_fwft_state_reg' using encoding 'sequential' in module 'xpm_fifo_base'
---------------------------------------------------------------------------------------------------
                   State |                     New Encoding |                Previous Encoding 
---------------------------------------------------------------------------------------------------
             C_SYNC_IDLE |                             0001 |                             0000
     C_SYNC_CALN_SOF_VTG |                             1000 |                             0001
    C_SYNC_CALN_SOF_FIFO |                             0100 |                             0010
      C_SYNC_FALN_ACTIVE |                             0010 |                             0111
 C_SYNC_FALN_EOL_LEADING |                             0000 |                             0011
 C_SYNC_FALN_EOL_LAGGING |                             0011 |                             0100
 C_SYNC_FALN_SOF_LEADING |                             1001 |                             0101
 C_SYNC_FALN_SOF_LAGGING |                             1010 |                             0110
        C_SYNC_FALN_LOCK |                             1011 |                             1000
 C_SYNC_LALN_EOL_LEADING |                             1100 |                             1001
 C_SYNC_LALN_EOL_LAGGING |                             0111 |                             1010
 C_SYNC_LALN_SOF_LEADING |                             0110 |                             1011
 C_SYNC_LALN_SOF_LAGGING |                             0101 |                             1100
---------------------------------------------------------------------------------------------------
INFO: [Synth 8-3354] encoded FSM with state register 'state_reg' using encoding 'sequential' in module 'v_axi4s_vid_out_v4_0_10_sync'
---------------------------------------------------------------------------------
Finished RTL Optimization Phase 2 : Time (s): cpu = 00:00:15 ; elapsed = 00:00:19 . Memory (MB): peak = 833.805 ; gain = 527.094
---------------------------------------------------------------------------------

Report RTL Partitions: 
+-+--------------+------------+----------+
| |RTL Partition |Replication |Instances |
+-+--------------+------------+----------+
+-+--------------+------------+----------+
---------------------------------------------------------------------------------
Start RTL Component Statistics 
---------------------------------------------------------------------------------
Detailed RTL Component Info : 
+---Adders : 
	   4 Input     12 Bit       Adders := 3     
	   2 Input     12 Bit       Adders := 1     
	   3 Input     12 Bit       Adders := 2     
	   4 Input     11 Bit       Adders := 3     
	   3 Input     11 Bit       Adders := 1     
	   2 Input      8 Bit       Adders := 2     
	   4 Input      2 Bit       Adders := 1     
+---XORs : 
	   2 Input     12 Bit         XORs := 2     
	   2 Input     11 Bit         XORs := 2     
	   2 Input      1 Bit         XORs := 42    
+---Registers : 
	               32 Bit    Registers := 1     
	               27 Bit    Registers := 2     
	               24 Bit    Registers := 1     
	               13 Bit    Registers := 2     
	               12 Bit    Registers := 19    
	               11 Bit    Registers := 16    
	                8 Bit    Registers := 2     
	                4 Bit    Registers := 5     
	                2 Bit    Registers := 2     
	                1 Bit    Registers := 37    
+---RAMs : 
	              54K Bit         RAMs := 1     
+---Muxes : 
	  13 Input     32 Bit        Muxes := 1     
	   2 Input     32 Bit        Muxes := 1     
	  13 Input     13 Bit        Muxes := 1     
	   2 Input     13 Bit        Muxes := 1     
	   5 Input      5 Bit        Muxes := 1     
	   2 Input      5 Bit        Muxes := 5     
	  13 Input      4 Bit        Muxes := 1     
	  30 Input      4 Bit        Muxes := 1     
	   4 Input      2 Bit        Muxes := 8     
	   2 Input      2 Bit        Muxes := 33    
	   5 Input      1 Bit        Muxes := 4     
	   4 Input      1 Bit        Muxes := 3     
	   2 Input      1 Bit        Muxes := 8     
---------------------------------------------------------------------------------
Finished RTL Component Statistics 
---------------------------------------------------------------------------------
---------------------------------------------------------------------------------
Start RTL Hierarchical Component Statistics 
---------------------------------------------------------------------------------
Hierarchical RTL Component report 
Module xpm_cdc_single 
Detailed RTL Component Info : 
+---Registers : 
	                4 Bit    Registers := 1     
Module xpm_memory_base 
Detailed RTL Component Info : 
+---Registers : 
	               27 Bit    Registers := 2     
+---RAMs : 
	              54K Bit         RAMs := 1     
Module xpm_cdc_gray 
Detailed RTL Component Info : 
+---XORs : 
	   2 Input     11 Bit         XORs := 1     
	   2 Input      1 Bit         XORs := 10    
+---Registers : 
	               11 Bit    Registers := 5     
Module xpm_fifo_reg_vec 
Detailed RTL Component Info : 
+---Registers : 
	               11 Bit    Registers := 1     
Module xpm_cdc_gray__parameterized0 
Detailed RTL Component Info : 
+---XORs : 
	   2 Input     12 Bit         XORs := 1     
	   2 Input      1 Bit         XORs := 11    
+---Registers : 
	               12 Bit    Registers := 7     
Module xpm_fifo_reg_vec__parameterized0 
Detailed RTL Component Info : 
+---Registers : 
	               12 Bit    Registers := 1     
Module xpm_cdc_gray__parameterized1 
Detailed RTL Component Info : 
+---XORs : 
	   2 Input     12 Bit         XORs := 1     
	   2 Input      1 Bit         XORs := 11    
+---Registers : 
	               12 Bit    Registers := 5     
Module xpm_fifo_reg_bit 
Detailed RTL Component Info : 
+---Registers : 
	                1 Bit    Registers := 1     
Module xpm_counter_updn 
Detailed RTL Component Info : 
+---Adders : 
	   4 Input      2 Bit       Adders := 1     
+---Registers : 
	                2 Bit    Registers := 1     
Module xpm_cdc_sync_rst 
Detailed RTL Component Info : 
+---Registers : 
	                4 Bit    Registers := 1     
Module xpm_fifo_rst 
Detailed RTL Component Info : 
+---Registers : 
	                2 Bit    Registers := 1     
	                1 Bit    Registers := 4     
+---Muxes : 
	   5 Input      5 Bit        Muxes := 1     
	   2 Input      5 Bit        Muxes := 5     
	   4 Input      2 Bit        Muxes := 1     
	   2 Input      2 Bit        Muxes := 2     
	   5 Input      1 Bit        Muxes := 4     
	   4 Input      1 Bit        Muxes := 1     
Module xpm_counter_updn__parameterized0 
Detailed RTL Component Info : 
+---Adders : 
	   4 Input     12 Bit       Adders := 1     
+---Registers : 
	               12 Bit    Registers := 1     
Module xpm_counter_updn__parameterized1 
Detailed RTL Component Info : 
+---Adders : 
	   4 Input     11 Bit       Adders := 1     
+---Registers : 
	               11 Bit    Registers := 1     
Module xpm_counter_updn__parameterized2 
Detailed RTL Component Info : 
+---Adders : 
	   4 Input     11 Bit       Adders := 1     
+---Registers : 
	               11 Bit    Registers := 1     
Module xpm_fifo_base 
Detailed RTL Component Info : 
+---Adders : 
	   2 Input     12 Bit       Adders := 1     
	   3 Input     12 Bit       Adders := 2     
	   4 Input     12 Bit       Adders := 1     
	   3 Input     11 Bit       Adders := 1     
+---Registers : 
	               12 Bit    Registers := 3     
	               11 Bit    Registers := 1     
	                1 Bit    Registers := 8     
+---Muxes : 
	   2 Input      2 Bit        Muxes := 31    
	   4 Input      2 Bit        Muxes := 7     
	   4 Input      1 Bit        Muxes := 2     
	   2 Input      1 Bit        Muxes := 4     
Module v_axi4s_vid_out_v4_0_10_sync 
Detailed RTL Component Info : 
+---Adders : 
	   2 Input      8 Bit       Adders := 2     
+---Registers : 
	               32 Bit    Registers := 1     
	               13 Bit    Registers := 2     
	                8 Bit    Registers := 2     
	                4 Bit    Registers := 1     
	                1 Bit    Registers := 11    
+---Muxes : 
	  13 Input     32 Bit        Muxes := 1     
	   2 Input     32 Bit        Muxes := 1     
	  13 Input     13 Bit        Muxes := 1     
	   2 Input     13 Bit        Muxes := 1     
	  13 Input      4 Bit        Muxes := 1     
	  30 Input      4 Bit        Muxes := 1     
	   2 Input      1 Bit        Muxes := 4     
Module v_axi4s_vid_out_v4_0_10_formatter 
Detailed RTL Component Info : 
+---Registers : 
	               24 Bit    Registers := 1     
	                1 Bit    Registers := 9     
---------------------------------------------------------------------------------
Finished RTL Hierarchical Component Statistics
---------------------------------------------------------------------------------
---------------------------------------------------------------------------------
Start Part Resource Summary
---------------------------------------------------------------------------------
Part Resources:
DSPs: 220 (col length:60)
BRAMs: 280 (col length: RAMB18 60 RAMB36 30)
---------------------------------------------------------------------------------
Finished Part Resource Summary
---------------------------------------------------------------------------------
---------------------------------------------------------------------------------
Start Cross Boundary and Area Optimization
---------------------------------------------------------------------------------
Warning: Parallel synthesis criteria is not met 
WARNING: [Synth 8-3331] design xpm_memory_base has unconnected port rsta
WARNING: [Synth 8-3331] design xpm_memory_base has unconnected port regcea
WARNING: [Synth 8-3331] design xpm_memory_base has unconnected port injectsbiterra
WARNING: [Synth 8-3331] design xpm_memory_base has unconnected port injectdbiterra
WARNING: [Synth 8-3331] design xpm_memory_base has unconnected port dinb[26]
WARNING: [Synth 8-3331] design xpm_memory_base has unconnected port dinb[25]
WARNING: [Synth 8-3331] design xpm_memory_base has unconnected port dinb[24]
WARNING: [Synth 8-3331] design xpm_memory_base has unconnected port dinb[23]
WARNING: [Synth 8-3331] design xpm_memory_base has unconnected port dinb[22]
WARNING: [Synth 8-3331] design xpm_memory_base has unconnected port dinb[21]
WARNING: [Synth 8-3331] design xpm_memory_base has unconnected port dinb[20]
WARNING: [Synth 8-3331] design xpm_memory_base has unconnected port dinb[19]
WARNING: [Synth 8-3331] design xpm_memory_base has unconnected port dinb[18]
WARNING: [Synth 8-3331] design xpm_memory_base has unconnected port dinb[17]
WARNING: [Synth 8-3331] design xpm_memory_base has unconnected port dinb[16]
WARNING: [Synth 8-3331] design xpm_memory_base has unconnected port dinb[15]
WARNING: [Synth 8-3331] design xpm_memory_base has unconnected port dinb[14]
WARNING: [Synth 8-3331] design xpm_memory_base has unconnected port dinb[13]
WARNING: [Synth 8-3331] design xpm_memory_base has unconnected port dinb[12]
WARNING: [Synth 8-3331] design xpm_memory_base has unconnected port dinb[11]
WARNING: [Synth 8-3331] design xpm_memory_base has unconnected port dinb[10]
WARNING: [Synth 8-3331] design xpm_memory_base has unconnected port dinb[9]
WARNING: [Synth 8-3331] design xpm_memory_base has unconnected port dinb[8]
WARNING: [Synth 8-3331] design xpm_memory_base has unconnected port dinb[7]
WARNING: [Synth 8-3331] design xpm_memory_base has unconnected port dinb[6]
WARNING: [Synth 8-3331] design xpm_memory_base has unconnected port dinb[5]
WARNING: [Synth 8-3331] design xpm_memory_base has unconnected port dinb[4]
WARNING: [Synth 8-3331] design xpm_memory_base has unconnected port dinb[3]
WARNING: [Synth 8-3331] design xpm_memory_base has unconnected port dinb[2]
WARNING: [Synth 8-3331] design xpm_memory_base has unconnected port dinb[1]
WARNING: [Synth 8-3331] design xpm_memory_base has unconnected port dinb[0]
WARNING: [Synth 8-3331] design xpm_memory_base has unconnected port injectsbiterrb
WARNING: [Synth 8-3331] design xpm_memory_base has unconnected port injectdbiterrb
WARNING: [Synth 8-3331] design xpm_cdc_single has unconnected port src_clk
WARNING: [Synth 8-3331] design v_axi4s_vid_out_v4_0_10 has unconnected port repeat_en
WARNING: [Synth 8-3331] design v_axi4s_vid_out_v4_0_10 has unconnected port remap_420_en
INFO: [Synth 8-3886] merging instance 'inst/SYNC_INST/status_reg_reg[15]' (FDRE) to 'inst/SYNC_INST/status_reg_reg[31]'
INFO: [Synth 8-3886] merging instance 'inst/SYNC_INST/status_reg_reg[27]' (FDRE) to 'inst/SYNC_INST/status_reg_reg[31]'
INFO: [Synth 8-3886] merging instance 'inst/SYNC_INST/status_reg_reg[28]' (FDRE) to 'inst/SYNC_INST/status_reg_reg[31]'
INFO: [Synth 8-3886] merging instance 'inst/SYNC_INST/status_reg_reg[29]' (FDRE) to 'inst/SYNC_INST/status_reg_reg[31]'
INFO: [Synth 8-3886] merging instance 'inst/SYNC_INST/status_reg_reg[30]' (FDRE) to 'inst/SYNC_INST/status_reg_reg[31]'
INFO: [Synth 8-3333] propagating constant 0 across sequential element (inst/\SYNC_INST/status_reg_reg[31] )
---------------------------------------------------------------------------------
Finished Cross Boundary and Area Optimization : Time (s): cpu = 00:00:17 ; elapsed = 00:00:21 . Memory (MB): peak = 833.805 ; gain = 527.094
---------------------------------------------------------------------------------
---------------------------------------------------------------------------------
Start ROM, RAM, DSP and Shift Register Reporting
---------------------------------------------------------------------------------

Block RAM: Preliminary Mapping  Report (see note below)
+-----------------+----------------------------------+------------------------+---+---+------------------------+---+---+------------------+--------+--------+
|Module Name      | RTL Object                       | PORT A (Depth x Width) | W | R | PORT B (Depth x Width) | W | R | Ports driving FF | RAMB18 | RAMB36 | 
+-----------------+----------------------------------+------------------------+---+---+------------------------+---+---+------------------+--------+--------+
|xpm_memory_base: | gen_wr_a.gen_word_narrow.mem_reg | 2 K x 27(NO_CHANGE)    | W |   | 2 K x 27(WRITE_FIRST)  |   | R | Port A and B     | 1      | 1      | 
+-----------------+----------------------------------+------------------------+---+---+------------------------+---+---+------------------+--------+--------+

Note: The table above is a preliminary report that shows the Block RAMs at the current stage of the synthesis flow. Some Block RAMs may be reimplemented as non Block RAM primitives later in the synthesis flow. Multiple instantiated Block RAMs are reported only once. 
---------------------------------------------------------------------------------
Finished ROM, RAM, DSP and Shift Register Reporting
---------------------------------------------------------------------------------

Report RTL Partitions: 
+-+--------------+------------+----------+
| |RTL Partition |Replication |Instances |
+-+--------------+------------+----------+
+-+--------------+------------+----------+
---------------------------------------------------------------------------------
Start Applying XDC Timing Constraints
---------------------------------------------------------------------------------
---------------------------------------------------------------------------------
Finished Applying XDC Timing Constraints : Time (s): cpu = 00:00:27 ; elapsed = 00:00:32 . Memory (MB): peak = 833.805 ; gain = 527.094
---------------------------------------------------------------------------------
---------------------------------------------------------------------------------
Start Timing Optimization
---------------------------------------------------------------------------------
---------------------------------------------------------------------------------
Finished Timing Optimization : Time (s): cpu = 00:00:28 ; elapsed = 00:00:32 . Memory (MB): peak = 833.805 ; gain = 527.094
---------------------------------------------------------------------------------
---------------------------------------------------------------------------------
Start ROM, RAM, DSP and Shift Register Reporting
---------------------------------------------------------------------------------

Block RAM: Final Mapping  Report
+-----------------+----------------------------------+------------------------+---+---+------------------------+---+---+------------------+--------+--------+
|Module Name      | RTL Object                       | PORT A (Depth x Width) | W | R | PORT B (Depth x Width) | W | R | Ports driving FF | RAMB18 | RAMB36 | 
+-----------------+----------------------------------+------------------------+---+---+------------------------+---+---+------------------+--------+--------+
|xpm_memory_base: | gen_wr_a.gen_word_narrow.mem_reg | 2 K x 27(NO_CHANGE)    | W |   | 2 K x 27(WRITE_FIRST)  |   | R | Port A and B     | 1      | 1      | 
+-----------------+----------------------------------+------------------------+---+---+------------------------+---+---+------------------+--------+--------+

---------------------------------------------------------------------------------
Finished ROM, RAM, DSP and Shift Register Reporting
---------------------------------------------------------------------------------

Report RTL Partitions: 
+-+--------------+------------+----------+
| |RTL Partition |Replication |Instances |
+-+--------------+------------+----------+
+-+--------------+------------+----------+
---------------------------------------------------------------------------------
Start Technology Mapping
---------------------------------------------------------------------------------
---------------------------------------------------------------------------------
Finished Technology Mapping : Time (s): cpu = 00:00:28 ; elapsed = 00:00:33 . Memory (MB): peak = 848.949 ; gain = 542.238
---------------------------------------------------------------------------------

Report RTL Partitions: 
+-+--------------+------------+----------+
| |RTL Partition |Replication |Instances |
+-+--------------+------------+----------+
+-+--------------+------------+----------+
---------------------------------------------------------------------------------
Start IO Insertion
---------------------------------------------------------------------------------
---------------------------------------------------------------------------------
Start Flattening Before IO Insertion
---------------------------------------------------------------------------------
---------------------------------------------------------------------------------
Finished Flattening Before IO Insertion
---------------------------------------------------------------------------------
---------------------------------------------------------------------------------
Start Final Netlist Cleanup
---------------------------------------------------------------------------------
---------------------------------------------------------------------------------
Finished Final Netlist Cleanup
---------------------------------------------------------------------------------
INFO: [Synth 8-3295] tying undriven pin CDC_SINGLE_REMAP_UNDERFLOW_INST/xpm_cdc_single_inst:src_in to constant 0
---------------------------------------------------------------------------------
Finished IO Insertion : Time (s): cpu = 00:00:29 ; elapsed = 00:00:34 . Memory (MB): peak = 848.949 ; gain = 542.238
---------------------------------------------------------------------------------

Report Check Netlist: 
+------+------------------+-------+---------+-------+------------------+
|      |Item              |Errors |Warnings |Status |Description       |
+------+------------------+-------+---------+-------+------------------+
|1     |multi_driven_nets |      0|        0|Passed |Multi driven nets |
+------+------------------+-------+---------+-------+------------------+
---------------------------------------------------------------------------------
Start Renaming Generated Instances
---------------------------------------------------------------------------------
---------------------------------------------------------------------------------
Finished Renaming Generated Instances : Time (s): cpu = 00:00:29 ; elapsed = 00:00:34 . Memory (MB): peak = 848.949 ; gain = 542.238
---------------------------------------------------------------------------------

Report RTL Partitions: 
+-+--------------+------------+----------+
| |RTL Partition |Replication |Instances |
+-+--------------+------------+----------+
+-+--------------+------------+----------+
---------------------------------------------------------------------------------
Start Rebuilding User Hierarchy
---------------------------------------------------------------------------------
---------------------------------------------------------------------------------
Finished Rebuilding User Hierarchy : Time (s): cpu = 00:00:30 ; elapsed = 00:00:34 . Memory (MB): peak = 848.949 ; gain = 542.238
---------------------------------------------------------------------------------
---------------------------------------------------------------------------------
Start Renaming Generated Ports
---------------------------------------------------------------------------------
---------------------------------------------------------------------------------
Finished Renaming Generated Ports : Time (s): cpu = 00:00:30 ; elapsed = 00:00:34 . Memory (MB): peak = 848.949 ; gain = 542.238
---------------------------------------------------------------------------------
---------------------------------------------------------------------------------
Start Handling Custom Attributes
---------------------------------------------------------------------------------
---------------------------------------------------------------------------------
Finished Handling Custom Attributes : Time (s): cpu = 00:00:30 ; elapsed = 00:00:34 . Memory (MB): peak = 848.949 ; gain = 542.238
---------------------------------------------------------------------------------
---------------------------------------------------------------------------------
Start Renaming Generated Nets
---------------------------------------------------------------------------------
---------------------------------------------------------------------------------
Finished Renaming Generated Nets : Time (s): cpu = 00:00:30 ; elapsed = 00:00:34 . Memory (MB): peak = 848.949 ; gain = 542.238
---------------------------------------------------------------------------------
---------------------------------------------------------------------------------
Start Writing Synthesis Report
---------------------------------------------------------------------------------

Report BlackBoxes: 
+-+--------------+----------+
| |BlackBox name |Instances |
+-+--------------+----------+
+-+--------------+----------+

Report Cell Usage: 
+------+-----------+------+
|      |Cell       |Count |
+------+-----------+------+
|1     |CARRY4     |    54|
|2     |LUT1       |    16|
|3     |LUT2       |   115|
|4     |LUT3       |    31|
|5     |LUT4       |    58|
|6     |LUT5       |    47|
|7     |LUT6       |    81|
|8     |RAMB18E1_1 |     1|
|9     |RAMB36E1_1 |     1|
|10    |FDRE       |   608|
|11    |FDSE       |    11|
+------+-----------+------+

Report Instance Areas: 
+------+-------------------------------------------------+----------------------------------------------+------+
|      |Instance                                         |Module                                        |Cells |
+------+-------------------------------------------------+----------------------------------------------+------+
|1     |top                                              |                                              |  1023|
|2     |  inst                                           |v_axi4s_vid_out_v4_0_10                       |  1023|
|3     |    CDC_SINGLE_LOCKED_INST                       |v_axi4s_vid_out_v4_0_10_cdc_single            |     4|
|4     |      xpm_cdc_single_inst                        |xpm_cdc_single                                |     4|
|5     |    CDC_SINGLE_REMAP_UNDERFLOW_INST              |v_axi4s_vid_out_v4_0_10_cdc_single__xdcDup__1 |     4|
|6     |      xpm_cdc_single_inst                        |xpm_cdc_single__2                             |     4|
|7     |    COUPLER_INST                                 |v_axi4s_vid_out_v4_0_10_coupler               |   685|
|8     |      \generate_async_fifo.FIFO_INST             |v_axi4s_vid_out_v4_0_10_fifo_async            |   683|
|9     |        XPM_FIFO_ASYNC_INST                      |xpm_fifo_async                                |   677|
|10    |          \gnuram_async_fifo.xpm_fifo_base_inst  |xpm_fifo_base                                 |   677|
|11    |            \gen_sdpram.xpm_memory_base_inst     |xpm_memory_base                               |     2|
|12    |            \gen_cdc_pntr.wr_pntr_cdc_inst       |xpm_cdc_gray__2                               |    75|
|13    |            \gen_cdc_pntr.wr_pntr_cdc_dc_inst    |xpm_cdc_gray__parameterized0                  |   106|
|14    |            \gen_cdc_pntr.rd_pntr_cdc_inst       |xpm_cdc_gray                                  |    75|
|15    |            \gen_cdc_pntr.rd_pntr_cdc_dc_inst    |xpm_cdc_gray__parameterized1                  |    82|
|16    |            \gen_cdc_pntr.rpw_gray_reg           |xpm_fifo_reg_vec                              |    22|
|17    |            \gen_cdc_pntr.rpw_gray_reg_dc        |xpm_fifo_reg_vec__parameterized0              |    12|
|18    |            \gen_cdc_pntr.wpr_gray_reg           |xpm_fifo_reg_vec_0                            |    25|
|19    |            \gen_cdc_pntr.wpr_gray_reg_dc        |xpm_fifo_reg_vec__parameterized0_1            |    24|
|20    |            \gen_fwft.rdpp1_inst                 |xpm_counter_updn                              |     8|
|21    |            rdp_inst                             |xpm_counter_updn__parameterized0              |    53|
|22    |            rdpp1_inst                           |xpm_counter_updn__parameterized1              |    15|
|23    |            rst_d1_inst                          |xpm_fifo_reg_bit                              |     6|
|24    |            wrp_inst                             |xpm_counter_updn__parameterized0_2            |    30|
|25    |            wrpp1_inst                           |xpm_counter_updn__parameterized1_3            |    28|
|26    |            wrpp2_inst                           |xpm_counter_updn__parameterized2              |    14|
|27    |            xpm_fifo_rst_inst                    |xpm_fifo_rst                                  |    38|
|28    |              \gen_rst_ic.wrst_rd_inst           |xpm_cdc_sync_rst__2                           |     4|
|29    |              \gen_rst_ic.rrst_wr_inst           |xpm_cdc_sync_rst                              |     4|
|30    |    FORMATTER_INST                               |v_axi4s_vid_out_v4_0_10_formatter             |    36|
|31    |    SYNC_INST                                    |v_axi4s_vid_out_v4_0_10_sync                  |   294|
+------+-------------------------------------------------+----------------------------------------------+------+
---------------------------------------------------------------------------------
Finished Writing Synthesis Report : Time (s): cpu = 00:00:30 ; elapsed = 00:00:34 . Memory (MB): peak = 848.949 ; gain = 542.238
---------------------------------------------------------------------------------
Synthesis finished with 0 errors, 0 critical warnings and 36 warnings.
Synthesis Optimization Runtime : Time (s): cpu = 00:00:19 ; elapsed = 00:00:26 . Memory (MB): peak = 848.949 ; gain = 171.230
Synthesis Optimization Complete : Time (s): cpu = 00:00:30 ; elapsed = 00:00:34 . Memory (MB): peak = 848.949 ; gain = 542.238
INFO: [Project 1-571] Translating synthesized netlist
INFO: [Netlist 29-17] Analyzing 56 Unisim elements for replacement
INFO: [Netlist 29-28] Unisim Transformation completed in 0 CPU seconds
INFO: [Project 1-570] Preparing netlist for logic optimization
INFO: [Opt 31-138] Pushed 0 inverter(s) to 0 load pin(s).
Netlist sorting complete. Time (s): cpu = 00:00:00 ; elapsed = 00:00:00 . Memory (MB): peak = 849.934 ; gain = 0.000
INFO: [Project 1-111] Unisim Transformation Summary:
No Unisim elements were transformed.

INFO: [Common 17-83] Releasing license: Synthesis
121 Infos, 186 Warnings, 0 Critical Warnings and 0 Errors encountered.
synth_design completed successfully
synth_design: Time (s): cpu = 00:00:32 ; elapsed = 00:00:37 . Memory (MB): peak = 849.934 ; gain = 553.266
Netlist sorting complete. Time (s): cpu = 00:00:00 ; elapsed = 00:00:00.001 . Memory (MB): peak = 849.934 ; gain = 0.000
WARNING: [Constraints 18-5210] No constraints selected for write.
Resolution: This message can indicate that there are no constraints for the design, or it can indicate that the used_in flags are set such that the constraints are ignored. This later case is used when running synth_design to not write synthesis constraints to the resulting checkpoint. Instead, project constraints are read when the synthesized design is opened.
INFO: [Common 17-1381] The checkpoint 'D:/Work/fpga/zynq_cam_isp_demo/zynq_cam_isp_demo.runs/base_v_axi4s_vid_out_2_0_synth_1/base_v_axi4s_vid_out_2_0.dcp' has been generated.
INFO: [Coretcl 2-1648] Added synthesis output to IP cache for IP base_v_axi4s_vid_out_2_0, cache-ID = e8c532bbcc69447e
INFO: [Coretcl 2-1174] Renamed 30 cell refs.
Netlist sorting complete. Time (s): cpu = 00:00:00 ; elapsed = 00:00:00 . Memory (MB): peak = 849.934 ; gain = 0.000
WARNING: [Constraints 18-5210] No constraints selected for write.
Resolution: This message can indicate that there are no constraints for the design, or it can indicate that the used_in flags are set such that the constraints are ignored. This later case is used when running synth_design to not write synthesis constraints to the resulting checkpoint. Instead, project constraints are read when the synthesized design is opened.
INFO: [Common 17-1381] The checkpoint 'D:/Work/fpga/zynq_cam_isp_demo/zynq_cam_isp_demo.runs/base_v_axi4s_vid_out_2_0_synth_1/base_v_axi4s_vid_out_2_0.dcp' has been generated.
INFO: [runtcl-4] Executing : report_utilization -file base_v_axi4s_vid_out_2_0_utilization_synth.rpt -pb base_v_axi4s_vid_out_2_0_utilization_synth.pb
INFO: [Common 17-206] Exiting Vivado at Sun Jun 12 13:10:39 2022...
