
*** Running vivado
    with args -log base_xil_isp_lite_0_0.vds -m64 -product Vivado -mode batch -messageDb vivado.pb -notrace -source base_xil_isp_lite_0_0.tcl



****** Vivado v2021.1 (64-bit)
  **** SW Build 3247384 on Thu Jun 10 19:36:33 MDT 2021
  **** IP Build 3246043 on Fri Jun 11 00:30:35 MDT 2021
    ** Copyright 1986-2021 Xilinx, Inc. All Rights Reserved.

source base_xil_isp_lite_0_0.tcl -notrace
create_project: Time (s): cpu = 00:00:02 ; elapsed = 00:00:15 . Memory (MB): peak = 1316.398 ; gain = 109.387
INFO: [IP_Flow 19-234] Refreshing IP repositories
INFO: [IP_Flow 19-1700] Loaded user IP repository 'd:/Work/fpga/zynq_cam_isp_demo/xil_ip_repo'.
INFO: [IP_Flow 19-2313] Loaded Vivado IP repository 'C:/Xilinx/Vivado/2021.1/data/ip'.
Command: synth_design -top base_xil_isp_lite_0_0 -part xc7z020clg400-2 -mode out_of_context
Starting synth_design
Attempting to get a license for feature 'Synthesis' and/or device 'xc7z020'
INFO: [Common 17-349] Got license for feature 'Synthesis' and/or device 'xc7z020'
INFO: [Device 21-403] Loading part xc7z020clg400-2
INFO: [Synth 8-7079] Multithreading enabled for synth_design using a maximum of 2 processes.
INFO: [Synth 8-7078] Launching helper process for spawning children vivado processes
INFO: [Synth 8-7075] Helper process launched with PID 50600
---------------------------------------------------------------------------------
Starting RTL Elaboration : Time (s): cpu = 00:00:05 ; elapsed = 00:00:17 . Memory (MB): peak = 1341.281 ; gain = 0.000
---------------------------------------------------------------------------------
INFO: [Synth 8-6157] synthesizing module 'base_xil_isp_lite_0_0' [d:/Work/fpga/zynq_cam_isp_demo/zynq_cam_isp_demo.gen/sources_1/bd/base/ip/base_xil_isp_lite_0_0/synth/base_xil_isp_lite_0_0.v:56]
INFO: [Synth 8-6157] synthesizing module 'xil_isp_lite_v1_0' [d:/Work/fpga/zynq_cam_isp_demo/zynq_cam_isp_demo.gen/sources_1/bd/base/ipshared/9637/hdl/xil_isp_lite_v1_0.v:4]
INFO: [Synth 8-6157] synthesizing module 'xil_isp_lite_v1_0_S00_AXI' [d:/Work/fpga/zynq_cam_isp_demo/zynq_cam_isp_demo.gen/sources_1/bd/base/ipshared/9637/hdl/xil_isp_lite_v1_0_S00_AXI.v:4]
INFO: [Synth 8-226] default block is never used [d:/Work/fpga/zynq_cam_isp_demo/zynq_cam_isp_demo.gen/sources_1/bd/base/ipshared/9637/hdl/xil_isp_lite_v1_0_S00_AXI.v:742]
INFO: [Synth 8-6157] synthesizing module 'isp_top' [d:/Work/fpga/zynq_cam_isp_demo/zynq_cam_isp_demo.gen/sources_1/bd/base/ipshared/9637/hdl/isp_lite/isp_top.v:9]
INFO: [Synth 8-6157] synthesizing module 'vid_mux' [d:/Work/fpga/zynq_cam_isp_demo/zynq_cam_isp_demo.gen/sources_1/bd/base/ipshared/9637/hdl/isp_lite/isp_top.v:316]
INFO: [Synth 8-6155] done synthesizing module 'vid_mux' (1#1) [d:/Work/fpga/zynq_cam_isp_demo/zynq_cam_isp_demo.gen/sources_1/bd/base/ipshared/9637/hdl/isp_lite/isp_top.v:316]
INFO: [Synth 8-6157] synthesizing module 'isp_dpc' [d:/Work/fpga/zynq_cam_isp_demo/zynq_cam_isp_demo.gen/sources_1/bd/base/ipshared/9637/hdl/isp_lite/isp_dpc.v:22]
INFO: [Synth 8-6157] synthesizing module 'shift_register' [d:/Work/fpga/zynq_cam_isp_demo/zynq_cam_isp_demo.gen/sources_1/bd/base/ipshared/9637/hdl/isp_lite/isp_utils.v:91]
INFO: [Synth 8-6157] synthesizing module 'simple_dp_ram' [d:/Work/fpga/zynq_cam_isp_demo/zynq_cam_isp_demo.gen/sources_1/bd/base/ipshared/9637/hdl/isp_lite/isp_utils.v:15]
INFO: [Synth 8-6155] done synthesizing module 'simple_dp_ram' (2#1) [d:/Work/fpga/zynq_cam_isp_demo/zynq_cam_isp_demo.gen/sources_1/bd/base/ipshared/9637/hdl/isp_lite/isp_utils.v:15]
INFO: [Synth 8-6155] done synthesizing module 'shift_register' (3#1) [d:/Work/fpga/zynq_cam_isp_demo/zynq_cam_isp_demo.gen/sources_1/bd/base/ipshared/9637/hdl/isp_lite/isp_utils.v:91]
INFO: [Synth 8-226] default block is never used [d:/Work/fpga/zynq_cam_isp_demo/zynq_cam_isp_demo.gen/sources_1/bd/base/ipshared/9637/hdl/isp_lite/isp_dpc.v:117]
INFO: [Synth 8-6155] done synthesizing module 'isp_dpc' (4#1) [d:/Work/fpga/zynq_cam_isp_demo/zynq_cam_isp_demo.gen/sources_1/bd/base/ipshared/9637/hdl/isp_lite/isp_dpc.v:22]
INFO: [Synth 8-6157] synthesizing module 'isp_blc' [d:/Work/fpga/zynq_cam_isp_demo/zynq_cam_isp_demo.gen/sources_1/bd/base/ipshared/9637/hdl/isp_lite/isp_blc.v:13]
INFO: [Synth 8-226] default block is never used [d:/Work/fpga/zynq_cam_isp_demo/zynq_cam_isp_demo.gen/sources_1/bd/base/ipshared/9637/hdl/isp_lite/isp_blc.v:88]
INFO: [Synth 8-6155] done synthesizing module 'isp_blc' (5#1) [d:/Work/fpga/zynq_cam_isp_demo/zynq_cam_isp_demo.gen/sources_1/bd/base/ipshared/9637/hdl/isp_lite/isp_blc.v:13]
INFO: [Synth 8-6157] synthesizing module 'isp_bnr' [d:/Work/fpga/zynq_cam_isp_demo/zynq_cam_isp_demo.gen/sources_1/bd/base/ipshared/9637/hdl/isp_lite/isp_bnr.v:14]
INFO: [Synth 8-6155] done synthesizing module 'isp_bnr' (6#1) [d:/Work/fpga/zynq_cam_isp_demo/zynq_cam_isp_demo.gen/sources_1/bd/base/ipshared/9637/hdl/isp_lite/isp_bnr.v:14]
INFO: [Synth 8-6157] synthesizing module 'isp_dgain' [d:/Work/fpga/zynq_cam_isp_demo/zynq_cam_isp_demo.gen/sources_1/bd/base/ipshared/9637/hdl/isp_lite/isp_dgain.v:14]
INFO: [Synth 8-6155] done synthesizing module 'isp_dgain' (7#1) [d:/Work/fpga/zynq_cam_isp_demo/zynq_cam_isp_demo.gen/sources_1/bd/base/ipshared/9637/hdl/isp_lite/isp_dgain.v:14]
INFO: [Synth 8-6157] synthesizing module 'isp_stat_ae' [d:/Work/fpga/zynq_cam_isp_demo/zynq_cam_isp_demo.gen/sources_1/bd/base/ipshared/9637/hdl/isp_lite/isp_stat_ae.v:13]
WARNING: [Synth 8-4447] negative replication count -1 - replication ignored [d:/Work/fpga/zynq_cam_isp_demo/zynq_cam_isp_demo.gen/sources_1/bd/base/ipshared/9637/hdl/isp_lite/isp_stat_ae.v:136]
INFO: [Synth 8-6157] synthesizing module 'hist_stat' [d:/Work/fpga/zynq_cam_isp_demo/zynq_cam_isp_demo.gen/sources_1/bd/base/ipshared/9637/hdl/isp_lite/isp_utils.v:491]
INFO: [Synth 8-6157] synthesizing module 'simple_dp_ram__parameterized0' [d:/Work/fpga/zynq_cam_isp_demo/zynq_cam_isp_demo.gen/sources_1/bd/base/ipshared/9637/hdl/isp_lite/isp_utils.v:15]
INFO: [Synth 8-6155] done synthesizing module 'simple_dp_ram__parameterized0' (7#1) [d:/Work/fpga/zynq_cam_isp_demo/zynq_cam_isp_demo.gen/sources_1/bd/base/ipshared/9637/hdl/isp_lite/isp_utils.v:15]
INFO: [Synth 8-6155] done synthesizing module 'hist_stat' (8#1) [d:/Work/fpga/zynq_cam_isp_demo/zynq_cam_isp_demo.gen/sources_1/bd/base/ipshared/9637/hdl/isp_lite/isp_utils.v:491]
INFO: [Synth 8-6155] done synthesizing module 'isp_stat_ae' (9#1) [d:/Work/fpga/zynq_cam_isp_demo/zynq_cam_isp_demo.gen/sources_1/bd/base/ipshared/9637/hdl/isp_lite/isp_stat_ae.v:13]
WARNING: [Synth 8-689] width (16) of port connection 'rect_x' does not match port width (12) of module 'isp_stat_ae' [d:/Work/fpga/zynq_cam_isp_demo/zynq_cam_isp_demo.gen/sources_1/bd/base/ipshared/9637/hdl/isp_lite/isp_top.v:149]
WARNING: [Synth 8-689] width (16) of port connection 'rect_y' does not match port width (11) of module 'isp_stat_ae' [d:/Work/fpga/zynq_cam_isp_demo/zynq_cam_isp_demo.gen/sources_1/bd/base/ipshared/9637/hdl/isp_lite/isp_top.v:149]
WARNING: [Synth 8-689] width (16) of port connection 'rect_w' does not match port width (12) of module 'isp_stat_ae' [d:/Work/fpga/zynq_cam_isp_demo/zynq_cam_isp_demo.gen/sources_1/bd/base/ipshared/9637/hdl/isp_lite/isp_top.v:149]
WARNING: [Synth 8-689] width (16) of port connection 'rect_h' does not match port width (11) of module 'isp_stat_ae' [d:/Work/fpga/zynq_cam_isp_demo/zynq_cam_isp_demo.gen/sources_1/bd/base/ipshared/9637/hdl/isp_lite/isp_top.v:149]
INFO: [Synth 8-6157] synthesizing module 'isp_demosaic' [d:/Work/fpga/zynq_cam_isp_demo/zynq_cam_isp_demo.gen/sources_1/bd/base/ipshared/9637/hdl/isp_lite/isp_demosaic.v:549]
INFO: [Synth 8-6157] synthesizing module 'shift_register__parameterized0' [d:/Work/fpga/zynq_cam_isp_demo/zynq_cam_isp_demo.gen/sources_1/bd/base/ipshared/9637/hdl/isp_lite/isp_utils.v:91]
INFO: [Synth 8-6155] done synthesizing module 'shift_register__parameterized0' (9#1) [d:/Work/fpga/zynq_cam_isp_demo/zynq_cam_isp_demo.gen/sources_1/bd/base/ipshared/9637/hdl/isp_lite/isp_utils.v:91]
INFO: [Synth 8-226] default block is never used [d:/Work/fpga/zynq_cam_isp_demo/zynq_cam_isp_demo.gen/sources_1/bd/base/ipshared/9637/hdl/isp_lite/isp_demosaic.v:656]
INFO: [Synth 8-226] default block is never used [d:/Work/fpga/zynq_cam_isp_demo/zynq_cam_isp_demo.gen/sources_1/bd/base/ipshared/9637/hdl/isp_lite/isp_demosaic.v:759]
INFO: [Synth 8-226] default block is never used [d:/Work/fpga/zynq_cam_isp_demo/zynq_cam_isp_demo.gen/sources_1/bd/base/ipshared/9637/hdl/isp_lite/isp_demosaic.v:798]
INFO: [Synth 8-226] default block is never used [d:/Work/fpga/zynq_cam_isp_demo/zynq_cam_isp_demo.gen/sources_1/bd/base/ipshared/9637/hdl/isp_lite/isp_demosaic.v:833]
INFO: [Synth 8-6155] done synthesizing module 'isp_demosaic' (10#1) [d:/Work/fpga/zynq_cam_isp_demo/zynq_cam_isp_demo.gen/sources_1/bd/base/ipshared/9637/hdl/isp_lite/isp_demosaic.v:549]
INFO: [Synth 8-6157] synthesizing module 'vid_mux__parameterized0' [d:/Work/fpga/zynq_cam_isp_demo/zynq_cam_isp_demo.gen/sources_1/bd/base/ipshared/9637/hdl/isp_lite/isp_top.v:316]
INFO: [Synth 8-6155] done synthesizing module 'vid_mux__parameterized0' (10#1) [d:/Work/fpga/zynq_cam_isp_demo/zynq_cam_isp_demo.gen/sources_1/bd/base/ipshared/9637/hdl/isp_lite/isp_top.v:316]
INFO: [Synth 8-6157] synthesizing module 'isp_stat_awb' [d:/Work/fpga/zynq_cam_isp_demo/zynq_cam_isp_demo.gen/sources_1/bd/base/ipshared/9637/hdl/isp_lite/isp_stat_awb.v:13]
WARNING: [Synth 8-4447] negative replication count -1 - replication ignored [d:/Work/fpga/zynq_cam_isp_demo/zynq_cam_isp_demo.gen/sources_1/bd/base/ipshared/9637/hdl/isp_lite/isp_stat_awb.v:158]
WARNING: [Synth 8-4447] negative replication count -1 - replication ignored [d:/Work/fpga/zynq_cam_isp_demo/zynq_cam_isp_demo.gen/sources_1/bd/base/ipshared/9637/hdl/isp_lite/isp_stat_awb.v:159]
WARNING: [Synth 8-4447] negative replication count -1 - replication ignored [d:/Work/fpga/zynq_cam_isp_demo/zynq_cam_isp_demo.gen/sources_1/bd/base/ipshared/9637/hdl/isp_lite/isp_stat_awb.v:160]
INFO: [Synth 8-6157] synthesizing module 'hist_stat__parameterized0' [d:/Work/fpga/zynq_cam_isp_demo/zynq_cam_isp_demo.gen/sources_1/bd/base/ipshared/9637/hdl/isp_lite/isp_utils.v:491]
INFO: [Synth 8-6157] synthesizing module 'simple_dp_ram__parameterized1' [d:/Work/fpga/zynq_cam_isp_demo/zynq_cam_isp_demo.gen/sources_1/bd/base/ipshared/9637/hdl/isp_lite/isp_utils.v:15]
INFO: [Synth 8-6155] done synthesizing module 'simple_dp_ram__parameterized1' (10#1) [d:/Work/fpga/zynq_cam_isp_demo/zynq_cam_isp_demo.gen/sources_1/bd/base/ipshared/9637/hdl/isp_lite/isp_utils.v:15]
INFO: [Synth 8-6155] done synthesizing module 'hist_stat__parameterized0' (10#1) [d:/Work/fpga/zynq_cam_isp_demo/zynq_cam_isp_demo.gen/sources_1/bd/base/ipshared/9637/hdl/isp_lite/isp_utils.v:491]
INFO: [Synth 8-6155] done synthesizing module 'isp_stat_awb' (11#1) [d:/Work/fpga/zynq_cam_isp_demo/zynq_cam_isp_demo.gen/sources_1/bd/base/ipshared/9637/hdl/isp_lite/isp_stat_awb.v:13]
INFO: [Synth 8-6157] synthesizing module 'isp_wb' [d:/Work/fpga/zynq_cam_isp_demo/zynq_cam_isp_demo.gen/sources_1/bd/base/ipshared/9637/hdl/isp_lite/isp_wb.v:13]
INFO: [Synth 8-6155] done synthesizing module 'isp_wb' (12#1) [d:/Work/fpga/zynq_cam_isp_demo/zynq_cam_isp_demo.gen/sources_1/bd/base/ipshared/9637/hdl/isp_lite/isp_wb.v:13]
INFO: [Synth 8-6157] synthesizing module 'isp_ccm' [d:/Work/fpga/zynq_cam_isp_demo/zynq_cam_isp_demo.gen/sources_1/bd/base/ipshared/9637/hdl/isp_lite/isp_ccm.v:13]
INFO: [Synth 8-6155] done synthesizing module 'isp_ccm' (13#1) [d:/Work/fpga/zynq_cam_isp_demo/zynq_cam_isp_demo.gen/sources_1/bd/base/ipshared/9637/hdl/isp_lite/isp_ccm.v:13]
INFO: [Synth 8-6157] synthesizing module 'isp_csc' [d:/Work/fpga/zynq_cam_isp_demo/zynq_cam_isp_demo.gen/sources_1/bd/base/ipshared/9637/hdl/isp_lite/isp_csc.v:13]
INFO: [Synth 8-6155] done synthesizing module 'isp_csc' (14#1) [d:/Work/fpga/zynq_cam_isp_demo/zynq_cam_isp_demo.gen/sources_1/bd/base/ipshared/9637/hdl/isp_lite/isp_csc.v:13]
INFO: [Synth 8-6157] synthesizing module 'isp_gamma' [d:/Work/fpga/zynq_cam_isp_demo/zynq_cam_isp_demo.gen/sources_1/bd/base/ipshared/9637/hdl/isp_lite/isp_gamma.v:15]
INFO: [Synth 8-6157] synthesizing module 'full_dp_ram' [d:/Work/fpga/zynq_cam_isp_demo/zynq_cam_isp_demo.gen/sources_1/bd/base/ipshared/9637/hdl/isp_lite/isp_utils.v:46]
INFO: [Synth 8-6155] done synthesizing module 'full_dp_ram' (15#1) [d:/Work/fpga/zynq_cam_isp_demo/zynq_cam_isp_demo.gen/sources_1/bd/base/ipshared/9637/hdl/isp_lite/isp_utils.v:46]
INFO: [Synth 8-6155] done synthesizing module 'isp_gamma' (16#1) [d:/Work/fpga/zynq_cam_isp_demo/zynq_cam_isp_demo.gen/sources_1/bd/base/ipshared/9637/hdl/isp_lite/isp_gamma.v:15]
INFO: [Synth 8-6157] synthesizing module 'data_delay' [d:/Work/fpga/zynq_cam_isp_demo/zynq_cam_isp_demo.gen/sources_1/bd/base/ipshared/9637/hdl/isp_lite/isp_top.v:286]
INFO: [Synth 8-6155] done synthesizing module 'data_delay' (17#1) [d:/Work/fpga/zynq_cam_isp_demo/zynq_cam_isp_demo.gen/sources_1/bd/base/ipshared/9637/hdl/isp_lite/isp_top.v:286]
INFO: [Synth 8-6157] synthesizing module 'isp_2dnr' [d:/Work/fpga/zynq_cam_isp_demo/zynq_cam_isp_demo.gen/sources_1/bd/base/ipshared/9637/hdl/isp_lite/isp_2dnr.v:16]
INFO: [Synth 8-6157] synthesizing module 'shift_div_uint' [d:/Work/fpga/zynq_cam_isp_demo/zynq_cam_isp_demo.gen/sources_1/bd/base/ipshared/9637/hdl/isp_lite/isp_utils.v:433]
INFO: [Synth 8-6155] done synthesizing module 'shift_div_uint' (18#1) [d:/Work/fpga/zynq_cam_isp_demo/zynq_cam_isp_demo.gen/sources_1/bd/base/ipshared/9637/hdl/isp_lite/isp_utils.v:433]
INFO: [Synth 8-6155] done synthesizing module 'isp_2dnr' (19#1) [d:/Work/fpga/zynq_cam_isp_demo/zynq_cam_isp_demo.gen/sources_1/bd/base/ipshared/9637/hdl/isp_lite/isp_2dnr.v:16]
INFO: [Synth 8-6157] synthesizing module 'data_delay__parameterized0' [d:/Work/fpga/zynq_cam_isp_demo/zynq_cam_isp_demo.gen/sources_1/bd/base/ipshared/9637/hdl/isp_lite/isp_top.v:286]
INFO: [Synth 8-6155] done synthesizing module 'data_delay__parameterized0' (19#1) [d:/Work/fpga/zynq_cam_isp_demo/zynq_cam_isp_demo.gen/sources_1/bd/base/ipshared/9637/hdl/isp_lite/isp_top.v:286]
INFO: [Synth 8-6157] synthesizing module 'isp_ee' [d:/Work/fpga/zynq_cam_isp_demo/zynq_cam_isp_demo.gen/sources_1/bd/base/ipshared/9637/hdl/isp_lite/isp_ee.v:13]
INFO: [Synth 8-6157] synthesizing module 'shift_register__parameterized1' [d:/Work/fpga/zynq_cam_isp_demo/zynq_cam_isp_demo.gen/sources_1/bd/base/ipshared/9637/hdl/isp_lite/isp_utils.v:91]
INFO: [Synth 8-6155] done synthesizing module 'shift_register__parameterized1' (19#1) [d:/Work/fpga/zynq_cam_isp_demo/zynq_cam_isp_demo.gen/sources_1/bd/base/ipshared/9637/hdl/isp_lite/isp_utils.v:91]
INFO: [Synth 8-6155] done synthesizing module 'isp_ee' (20#1) [d:/Work/fpga/zynq_cam_isp_demo/zynq_cam_isp_demo.gen/sources_1/bd/base/ipshared/9637/hdl/isp_lite/isp_ee.v:13]
INFO: [Synth 8-6155] done synthesizing module 'isp_top' (21#1) [d:/Work/fpga/zynq_cam_isp_demo/zynq_cam_isp_demo.gen/sources_1/bd/base/ipshared/9637/hdl/isp_lite/isp_top.v:9]
INFO: [Synth 8-6155] done synthesizing module 'xil_isp_lite_v1_0_S00_AXI' (22#1) [d:/Work/fpga/zynq_cam_isp_demo/zynq_cam_isp_demo.gen/sources_1/bd/base/ipshared/9637/hdl/xil_isp_lite_v1_0_S00_AXI.v:4]
INFO: [Synth 8-6155] done synthesizing module 'xil_isp_lite_v1_0' (23#1) [d:/Work/fpga/zynq_cam_isp_demo/zynq_cam_isp_demo.gen/sources_1/bd/base/ipshared/9637/hdl/xil_isp_lite_v1_0.v:4]
INFO: [Synth 8-6155] done synthesizing module 'base_xil_isp_lite_0_0' (24#1) [d:/Work/fpga/zynq_cam_isp_demo/zynq_cam_isp_demo.gen/sources_1/bd/base/ip/base_xil_isp_lite_0_0/synth/base_xil_isp_lite_0_0.v:56]
---------------------------------------------------------------------------------
Finished RTL Elaboration : Time (s): cpu = 00:00:41 ; elapsed = 00:01:08 . Memory (MB): peak = 1341.281 ; gain = 0.000
---------------------------------------------------------------------------------
---------------------------------------------------------------------------------
Start Handling Custom Attributes
---------------------------------------------------------------------------------
---------------------------------------------------------------------------------
Finished Handling Custom Attributes : Time (s): cpu = 00:00:42 ; elapsed = 00:01:09 . Memory (MB): peak = 1341.281 ; gain = 0.000
---------------------------------------------------------------------------------
---------------------------------------------------------------------------------
Finished RTL Optimization Phase 1 : Time (s): cpu = 00:00:42 ; elapsed = 00:01:09 . Memory (MB): peak = 1341.281 ; gain = 0.000
---------------------------------------------------------------------------------
Netlist sorting complete. Time (s): cpu = 00:00:01 ; elapsed = 00:00:00.239 . Memory (MB): peak = 1341.281 ; gain = 0.000
INFO: [Project 1-570] Preparing netlist for logic optimization

Processing XDC Constraints
Initializing timing engine
Completed Processing XDC Constraints

Netlist sorting complete. Time (s): cpu = 00:00:00 ; elapsed = 00:00:00.004 . Memory (MB): peak = 1341.281 ; gain = 0.000
INFO: [Project 1-111] Unisim Transformation Summary:
No Unisim elements were transformed.

Constraint Validation Runtime : Time (s): cpu = 00:00:01 ; elapsed = 00:00:00.449 . Memory (MB): peak = 1350.281 ; gain = 9.000
---------------------------------------------------------------------------------
Finished Constraint Validation : Time (s): cpu = 00:00:51 ; elapsed = 00:01:18 . Memory (MB): peak = 1350.281 ; gain = 9.000
---------------------------------------------------------------------------------
---------------------------------------------------------------------------------
Start Loading Part and Timing Information
---------------------------------------------------------------------------------
Loading part: xc7z020clg400-2
---------------------------------------------------------------------------------
Finished Loading Part and Timing Information : Time (s): cpu = 00:00:51 ; elapsed = 00:01:18 . Memory (MB): peak = 1350.281 ; gain = 9.000
---------------------------------------------------------------------------------
---------------------------------------------------------------------------------
Start Applying 'set_property' XDC Constraints
---------------------------------------------------------------------------------
---------------------------------------------------------------------------------
Finished applying 'set_property' XDC Constraints : Time (s): cpu = 00:00:51 ; elapsed = 00:01:18 . Memory (MB): peak = 1350.281 ; gain = 9.000
---------------------------------------------------------------------------------
INFO: [Synth 8-3971] The signal "full_dp_ram:/mem_reg" was recognized as a true dual port RAM template.
---------------------------------------------------------------------------------
Finished RTL Optimization Phase 2 : Time (s): cpu = 00:00:55 ; elapsed = 00:01:23 . Memory (MB): peak = 1350.281 ; gain = 9.000
---------------------------------------------------------------------------------
---------------------------------------------------------------------------------
Start RTL Component Statistics 
---------------------------------------------------------------------------------
Detailed RTL Component Info : 
+---Adders : 
	   2 Input   32 Bit       Adders := 4     
	   7 Input   25 Bit       Adders := 1     
	   7 Input   22 Bit       Adders := 7     
	   3 Input   18 Bit       Adders := 3     
	   2 Input   18 Bit       Adders := 1     
	   3 Input   17 Bit       Adders := 1     
	   4 Input   17 Bit       Adders := 2     
	   7 Input   16 Bit       Adders := 1     
	   3 Input   15 Bit       Adders := 1     
	   7 Input   13 Bit       Adders := 7     
	   8 Input   13 Bit       Adders := 1     
	   2 Input   13 Bit       Adders := 11    
	   3 Input   13 Bit       Adders := 5     
	   4 Input   13 Bit       Adders := 2     
	   2 Input   12 Bit       Adders := 2     
	   3 Input   12 Bit       Adders := 6     
	   2 Input   11 Bit       Adders := 31    
	   3 Input   11 Bit       Adders := 12    
	   4 Input   11 Bit       Adders := 21    
	   2 Input   10 Bit       Adders := 47    
	   3 Input   10 Bit       Adders := 10    
	   4 Input   10 Bit       Adders := 2     
	   3 Input    9 Bit       Adders := 73    
	   2 Input    9 Bit       Adders := 8     
	   2 Input    8 Bit       Adders := 3     
+---XORs : 
	   2 Input      2 Bit         XORs := 5     
+---Registers : 
	              245 Bit    Registers := 2     
	               81 Bit    Registers := 2     
	               68 Bit    Registers := 5     
	               67 Bit    Registers := 2     
	               55 Bit    Registers := 7     
	               50 Bit    Registers := 49    
	               45 Bit    Registers := 2     
	               36 Bit    Registers := 2     
	               32 Bit    Registers := 19    
	               27 Bit    Registers := 7     
	               25 Bit    Registers := 1     
	               22 Bit    Registers := 7     
	               19 Bit    Registers := 49    
	               18 Bit    Registers := 13    
	               17 Bit    Registers := 16    
	               16 Bit    Registers := 10    
	               15 Bit    Registers := 1     
	               14 Bit    Registers := 4     
	               13 Bit    Registers := 31    
	               11 Bit    Registers := 1     
	               10 Bit    Registers := 75    
	                9 Bit    Registers := 447   
	                8 Bit    Registers := 37    
	                7 Bit    Registers := 2     
	                6 Bit    Registers := 2     
	                5 Bit    Registers := 49    
	                4 Bit    Registers := 4     
	                3 Bit    Registers := 6     
	                2 Bit    Registers := 11    
	                1 Bit    Registers := 115   
+---RAMs : 
	              32K Bit	(1024 X 32 bit)          RAMs := 2     
	              22K Bit	(2591 X 9 bit)          RAMs := 34    
	               8K Bit	(256 X 32 bit)          RAMs := 6     
	               2K Bit	(256 X 8 bit)          RAMs := 1     
+---Muxes : 
	  66 Input  245 Bit        Muxes := 1     
	  66 Input   81 Bit        Muxes := 1     
	   2 Input   68 Bit        Muxes := 5     
	   4 Input   67 Bit        Muxes := 2     
	   2 Input   55 Bit        Muxes := 3     
	   4 Input   55 Bit        Muxes := 2     
	   2 Input   51 Bit        Muxes := 6     
	  66 Input   45 Bit        Muxes := 1     
	   2 Input   32 Bit        Muxes := 13    
	   4 Input   32 Bit        Muxes := 2     
	   2 Input   27 Bit        Muxes := 7     
	   2 Input   16 Bit        Muxes := 12    
	   2 Input   12 Bit        Muxes := 7     
	   2 Input   11 Bit        Muxes := 29    
	   2 Input   10 Bit        Muxes := 16    
	   2 Input    9 Bit        Muxes := 263   
	   4 Input    9 Bit        Muxes := 3     
	   9 Input    9 Bit        Muxes := 1     
	   2 Input    8 Bit        Muxes := 7     
	  11 Input    4 Bit        Muxes := 1     
	   2 Input    1 Bit        Muxes := 78    
	   3 Input    1 Bit        Muxes := 4     
	   4 Input    1 Bit        Muxes := 3     
	  64 Input    1 Bit        Muxes := 30    
---------------------------------------------------------------------------------
Finished RTL Component Statistics 
---------------------------------------------------------------------------------
---------------------------------------------------------------------------------
Start Part Resource Summary
---------------------------------------------------------------------------------
Part Resources:
DSPs: 220 (col length:60)
BRAMs: 280 (col length: RAMB18 60 RAMB36 30)
---------------------------------------------------------------------------------
Finished Part Resource Summary
---------------------------------------------------------------------------------
---------------------------------------------------------------------------------
Start Cross Boundary and Area Optimization
---------------------------------------------------------------------------------
DSP Report: Generating DSP p_0_out, operation Mode is: A*B.
DSP Report: operator p_0_out is absorbed into DSP p_0_out.
DSP Report: Generating DSP p_0_out, operation Mode is: A*B.
DSP Report: operator p_0_out is absorbed into DSP p_0_out.
DSP Report: Generating DSP p_0_out, operation Mode is: A*B.
DSP Report: operator p_0_out is absorbed into DSP p_0_out.
DSP Report: Generating DSP p_0_out, operation Mode is: A*B.
DSP Report: operator p_0_out is absorbed into DSP p_0_out.
DSP Report: Generating DSP p_0_out, operation Mode is: A*B.
DSP Report: operator p_0_out is absorbed into DSP p_0_out.
DSP Report: Generating DSP p_0_out, operation Mode is: A*B.
DSP Report: operator p_0_out is absorbed into DSP p_0_out.
DSP Report: Generating DSP p_0_out, operation Mode is: A*B.
DSP Report: operator p_0_out is absorbed into DSP p_0_out.
DSP Report: Generating DSP p_0_out, operation Mode is: A*B.
DSP Report: operator p_0_out is absorbed into DSP p_0_out.
DSP Report: Generating DSP p_0_out, operation Mode is: A*B.
DSP Report: operator p_0_out is absorbed into DSP p_0_out.
DSP Report: Generating DSP p_0_out, operation Mode is: A*B.
DSP Report: operator p_0_out is absorbed into DSP p_0_out.
DSP Report: Generating DSP p_0_out, operation Mode is: A*B.
DSP Report: operator p_0_out is absorbed into DSP p_0_out.
DSP Report: Generating DSP p_0_out, operation Mode is: A*B.
DSP Report: operator p_0_out is absorbed into DSP p_0_out.
DSP Report: Generating DSP p_0_out, operation Mode is: A*B.
DSP Report: operator p_0_out is absorbed into DSP p_0_out.
DSP Report: Generating DSP p_0_out, operation Mode is: A*B.
DSP Report: operator p_0_out is absorbed into DSP p_0_out.
DSP Report: Generating DSP p_0_out, operation Mode is: A*B.
DSP Report: operator p_0_out is absorbed into DSP p_0_out.
DSP Report: Generating DSP p_0_out, operation Mode is: A*B.
DSP Report: operator p_0_out is absorbed into DSP p_0_out.
DSP Report: Generating DSP p_0_out, operation Mode is: A*B.
DSP Report: operator p_0_out is absorbed into DSP p_0_out.
DSP Report: Generating DSP p_0_out, operation Mode is: A*B.
DSP Report: operator p_0_out is absorbed into DSP p_0_out.
DSP Report: Generating DSP p_0_out, operation Mode is: A*B.
DSP Report: operator p_0_out is absorbed into DSP p_0_out.
DSP Report: Generating DSP p_0_out, operation Mode is: A*B.
DSP Report: operator p_0_out is absorbed into DSP p_0_out.
DSP Report: Generating DSP p_0_out, operation Mode is: A*B.
DSP Report: operator p_0_out is absorbed into DSP p_0_out.
DSP Report: Generating DSP p_0_out, operation Mode is: A*B.
DSP Report: operator p_0_out is absorbed into DSP p_0_out.
DSP Report: Generating DSP p_0_out, operation Mode is: A*B.
DSP Report: operator p_0_out is absorbed into DSP p_0_out.
DSP Report: Generating DSP p_0_out, operation Mode is: A*B.
DSP Report: operator p_0_out is absorbed into DSP p_0_out.
DSP Report: Generating DSP p_0_out, operation Mode is: A*B.
DSP Report: operator p_0_out is absorbed into DSP p_0_out.
DSP Report: Generating DSP p_0_out, operation Mode is: A*B.
DSP Report: operator p_0_out is absorbed into DSP p_0_out.
DSP Report: Generating DSP p_0_out, operation Mode is: A*B.
DSP Report: operator p_0_out is absorbed into DSP p_0_out.
DSP Report: Generating DSP p_0_out, operation Mode is: A*B.
DSP Report: operator p_0_out is absorbed into DSP p_0_out.
DSP Report: Generating DSP p_0_out, operation Mode is: A*B.
DSP Report: operator p_0_out is absorbed into DSP p_0_out.
DSP Report: Generating DSP p_0_out, operation Mode is: A*B.
DSP Report: operator p_0_out is absorbed into DSP p_0_out.
DSP Report: Generating DSP p_0_out, operation Mode is: A*B.
DSP Report: operator p_0_out is absorbed into DSP p_0_out.
DSP Report: Generating DSP p_0_out, operation Mode is: A*B.
DSP Report: operator p_0_out is absorbed into DSP p_0_out.
DSP Report: Generating DSP p_0_out, operation Mode is: A*B.
DSP Report: operator p_0_out is absorbed into DSP p_0_out.
DSP Report: Generating DSP p_0_out, operation Mode is: A*B.
DSP Report: operator p_0_out is absorbed into DSP p_0_out.
DSP Report: Generating DSP p_0_out, operation Mode is: A*B.
DSP Report: operator p_0_out is absorbed into DSP p_0_out.
DSP Report: Generating DSP p_0_out, operation Mode is: A*B.
DSP Report: operator p_0_out is absorbed into DSP p_0_out.
DSP Report: Generating DSP p_0_out, operation Mode is: A*B.
DSP Report: operator p_0_out is absorbed into DSP p_0_out.
DSP Report: Generating DSP p_0_out, operation Mode is: A*B.
DSP Report: operator p_0_out is absorbed into DSP p_0_out.
DSP Report: Generating DSP p_0_out, operation Mode is: A*B.
DSP Report: operator p_0_out is absorbed into DSP p_0_out.
DSP Report: Generating DSP p_0_out, operation Mode is: A*B.
DSP Report: operator p_0_out is absorbed into DSP p_0_out.
DSP Report: Generating DSP p_0_out, operation Mode is: A*B.
DSP Report: operator p_0_out is absorbed into DSP p_0_out.
DSP Report: Generating DSP p_0_out, operation Mode is: A*B.
DSP Report: operator p_0_out is absorbed into DSP p_0_out.
DSP Report: Generating DSP p_0_out, operation Mode is: A*B.
DSP Report: operator p_0_out is absorbed into DSP p_0_out.
DSP Report: Generating DSP p_0_out, operation Mode is: A*B.
DSP Report: operator p_0_out is absorbed into DSP p_0_out.
DSP Report: Generating DSP p_0_out, operation Mode is: A*B.
DSP Report: operator p_0_out is absorbed into DSP p_0_out.
DSP Report: Generating DSP p_0_out, operation Mode is: A*B.
DSP Report: operator p_0_out is absorbed into DSP p_0_out.
DSP Report: Generating DSP p_0_out, operation Mode is: A*B.
DSP Report: operator p_0_out is absorbed into DSP p_0_out.
DSP Report: Generating DSP p_0_out, operation Mode is: A*B.
DSP Report: operator p_0_out is absorbed into DSP p_0_out.
DSP Report: Generating DSP p_0_out, operation Mode is: A*B.
DSP Report: operator p_0_out is absorbed into DSP p_0_out.
---------------------------------------------------------------------------------
Finished Cross Boundary and Area Optimization : Time (s): cpu = 00:01:22 ; elapsed = 00:01:50 . Memory (MB): peak = 1350.281 ; gain = 9.000
---------------------------------------------------------------------------------
---------------------------------------------------------------------------------
Start ROM, RAM, DSP, Shift Register and Retiming Reporting
---------------------------------------------------------------------------------

Block RAM: Preliminary Mapping Report (see note below)
+-------------------------------------+-------------------------------------------------+------------------------+---+---+------------------------+---+---+------------------+--------+--------+
|Module Name                          | RTL Object                                      | PORT A (Depth x Width) | W | R | PORT B (Depth x Width) | W | R | Ports driving FF | RAMB18 | RAMB36 | 
+-------------------------------------+-------------------------------------------------+------------------------+---+---+------------------------+---+---+------------------+--------+--------+
|nr2d_y0i_2/linebuffer                | gen_ram_inst[0].u_ram/mem_reg                   | 2 K x 9(READ_FIRST)    | W | R |                        |   |   | Port A           | 0      | 1      | 
|nr2d_y0i_2/linebuffer                | gen_ram_inst[1].u_ram/mem_reg                   | 2 K x 9(READ_FIRST)    | W | R |                        |   |   | Port A           | 0      | 1      | 
|nr2d_y0i_2/linebuffer                | gen_ram_inst[2].u_ram/mem_reg                   | 2 K x 9(READ_FIRST)    | W | R |                        |   |   | Port A           | 0      | 1      | 
|nr2d_y0i_2/linebuffer                | gen_ram_inst[3].u_ram/mem_reg                   | 2 K x 9(READ_FIRST)    | W | R |                        |   |   | Port A           | 0      | 1      | 
|nr2d_y0i_2/linebuffer                | gen_ram_inst[4].u_ram/mem_reg                   | 2 K x 9(READ_FIRST)    | W | R |                        |   |   | Port A           | 0      | 1      | 
|nr2d_y0i_2/linebuffer                | gen_ram_inst[5].u_ram/mem_reg                   | 2 K x 9(READ_FIRST)    | W | R |                        |   |   | Port A           | 0      | 1      | 
|isp_top_i0i_4/ee_i0                  | linebuffer/gen_ram_inst[0].u_ram/mem_reg        | 2 K x 9(READ_FIRST)    | W | R |                        |   |   | Port A           | 0      | 1      | 
|isp_top_i0i_4/ee_i0                  | linebuffer/gen_ram_inst[1].u_ram/mem_reg        | 2 K x 9(READ_FIRST)    | W | R |                        |   |   | Port A           | 0      | 1      | 
|isp_top_i0i_4/isp_stat_ae_i0         | hist_ram_raw/ping_ram/mem_reg                   | 1 K x 32(READ_FIRST)   | W |   | 1 K x 32(WRITE_FIRST)  |   | R | Port A and B     | 0      | 1      | 
|isp_top_i0i_4/isp_stat_ae_i0         | hist_ram_raw/pong_ram/mem_reg                   | 1 K x 32(READ_FIRST)   | W |   | 1 K x 32(WRITE_FIRST)  |   | R | Port A and B     | 0      | 1      | 
|isp_top_i0i_4/demosaic_i0/linebuffer | gen_ram_inst[0].u_ram/mem_reg                   | 2 K x 9(READ_FIRST)    | W | R |                        |   |   | Port A           | 0      | 1      | 
|isp_top_i0i_4/demosaic_i0/linebuffer | gen_ram_inst[1].u_ram/mem_reg                   | 2 K x 9(READ_FIRST)    | W | R |                        |   |   | Port A           | 0      | 1      | 
|isp_top_i0i_4/demosaic_i0/linebuffer | gen_ram_inst[2].u_ram/mem_reg                   | 2 K x 9(READ_FIRST)    | W | R |                        |   |   | Port A           | 0      | 1      | 
|isp_top_i0i_4/demosaic_i0/linebuffer | gen_ram_inst[3].u_ram/mem_reg                   | 2 K x 9(READ_FIRST)    | W | R |                        |   |   | Port A           | 0      | 1      | 
|isp_top_i0i_4/demosaic_i0/linebuffer | gen_ram_inst[4].u_ram/mem_reg                   | 2 K x 9(READ_FIRST)    | W | R |                        |   |   | Port A           | 0      | 1      | 
|isp_top_i0i_4/demosaic_i0/linebuffer | gen_ram_inst[5].u_ram/mem_reg                   | 2 K x 9(READ_FIRST)    | W | R |                        |   |   | Port A           | 0      | 1      | 
|isp_top_i0i_4/isp_stat_awb_i0        | hist_ram_r/ping_ram/mem_reg                     | 256 x 32(READ_FIRST)   | W |   | 256 x 32(WRITE_FIRST)  |   | R | Port A and B     | 1      | 0      | 
|isp_top_i0i_4/isp_stat_awb_i0        | hist_ram_r/pong_ram/mem_reg                     | 256 x 32(READ_FIRST)   | W |   | 256 x 32(WRITE_FIRST)  |   | R | Port A and B     | 1      | 0      | 
|isp_top_i0i_4/isp_stat_awb_i0        | hist_ram_g/ping_ram/mem_reg                     | 256 x 32(READ_FIRST)   | W |   | 256 x 32(WRITE_FIRST)  |   | R | Port A and B     | 1      | 0      | 
|isp_top_i0i_4/isp_stat_awb_i0        | hist_ram_g/pong_ram/mem_reg                     | 256 x 32(READ_FIRST)   | W |   | 256 x 32(WRITE_FIRST)  |   | R | Port A and B     | 1      | 0      | 
|isp_top_i0i_4/isp_stat_awb_i0        | hist_ram_b/ping_ram/mem_reg                     | 256 x 32(READ_FIRST)   | W |   | 256 x 32(WRITE_FIRST)  |   | R | Port A and B     | 1      | 0      | 
|isp_top_i0i_4/isp_stat_awb_i0        | hist_ram_b/pong_ram/mem_reg                     | 256 x 32(READ_FIRST)   | W |   | 256 x 32(WRITE_FIRST)  |   | R | Port A and B     | 1      | 0      | 
|base_xil_isp_lite_0_0                | bnr_i0/linebuffer/gen_ram_inst[0].u_ram/mem_reg | 2 K x 9(READ_FIRST)    | W | R |                        |   |   | Port A           | 0      | 1      | 
|base_xil_isp_lite_0_0                | bnr_i0/linebuffer/gen_ram_inst[1].u_ram/mem_reg | 2 K x 9(READ_FIRST)    | W | R |                        |   |   | Port A           | 0      | 1      | 
|base_xil_isp_lite_0_0                | bnr_i0/linebuffer/gen_ram_inst[2].u_ram/mem_reg | 2 K x 9(READ_FIRST)    | W | R |                        |   |   | Port A           | 0      | 1      | 
|base_xil_isp_lite_0_0                | bnr_i0/linebuffer/gen_ram_inst[3].u_ram/mem_reg | 2 K x 9(READ_FIRST)    | W | R |                        |   |   | Port A           | 0      | 1      | 
|base_xil_isp_lite_0_0                | gamma_i0/table_ram/mem_reg                      | 256 x 8(READ_FIRST)    | W | R | 256 x 8(WRITE_FIRST)   |   | R | Port A and B     | 1      | 0      | 
|base_xil_isp_lite_0_0                | nr2d_shift_u/gen_ram_inst[0].u_ram/mem_reg      | 2 K x 9(READ_FIRST)    | W | R |                        |   |   | Port A           | 0      | 1      | 
|base_xil_isp_lite_0_0                | nr2d_shift_u/gen_ram_inst[1].u_ram/mem_reg      | 2 K x 9(READ_FIRST)    | W | R |                        |   |   | Port A           | 0      | 1      | 
|base_xil_isp_lite_0_0                | nr2d_shift_u/gen_ram_inst[2].u_ram/mem_reg      | 2 K x 9(READ_FIRST)    | W | R |                        |   |   | Port A           | 0      | 1      | 
|base_xil_isp_lite_0_0                | nr2d_shift_u/gen_ram_inst[3].u_ram/mem_reg      | 2 K x 9(READ_FIRST)    | W | R |                        |   |   | Port A           | 0      | 1      | 
|base_xil_isp_lite_0_0                | nr2d_shift_u/gen_ram_inst[4].u_ram/mem_reg      | 2 K x 9(READ_FIRST)    | W | R |                        |   |   | Port A           | 0      | 1      | 
|base_xil_isp_lite_0_0                | nr2d_shift_u/gen_ram_inst[5].u_ram/mem_reg      | 2 K x 9(READ_FIRST)    | W | R |                        |   |   | Port A           | 0      | 1      | 
|base_xil_isp_lite_0_0                | nr2d_shift_v/gen_ram_inst[0].u_ram/mem_reg      | 2 K x 9(READ_FIRST)    | W | R |                        |   |   | Port A           | 0      | 1      | 
|base_xil_isp_lite_0_0                | nr2d_shift_v/gen_ram_inst[1].u_ram/mem_reg      | 2 K x 9(READ_FIRST)    | W | R |                        |   |   | Port A           | 0      | 1      | 
|base_xil_isp_lite_0_0                | nr2d_shift_v/gen_ram_inst[2].u_ram/mem_reg      | 2 K x 9(READ_FIRST)    | W | R |                        |   |   | Port A           | 0      | 1      | 
|base_xil_isp_lite_0_0                | nr2d_shift_v/gen_ram_inst[3].u_ram/mem_reg      | 2 K x 9(READ_FIRST)    | W | R |                        |   |   | Port A           | 0      | 1      | 
|base_xil_isp_lite_0_0                | nr2d_shift_v/gen_ram_inst[4].u_ram/mem_reg      | 2 K x 9(READ_FIRST)    | W | R |                        |   |   | Port A           | 0      | 1      | 
|base_xil_isp_lite_0_0                | nr2d_shift_v/gen_ram_inst[5].u_ram/mem_reg      | 2 K x 9(READ_FIRST)    | W | R |                        |   |   | Port A           | 0      | 1      | 
|isp_top_i0i_5/dpc_i0                 | linebuffer/gen_ram_inst[0].u_ram/mem_reg        | 2 K x 9(READ_FIRST)    | W | R |                        |   |   | Port A           | 0      | 1      | 
|isp_top_i0i_5/dpc_i0                 | linebuffer/gen_ram_inst[1].u_ram/mem_reg        | 2 K x 9(READ_FIRST)    | W | R |                        |   |   | Port A           | 0      | 1      | 
|isp_top_i0i_5/dpc_i0                 | linebuffer/gen_ram_inst[2].u_ram/mem_reg        | 2 K x 9(READ_FIRST)    | W | R |                        |   |   | Port A           | 0      | 1      | 
|isp_top_i0i_5/dpc_i0                 | linebuffer/gen_ram_inst[3].u_ram/mem_reg        | 2 K x 9(READ_FIRST)    | W | R |                        |   |   | Port A           | 0      | 1      | 
+-------------------------------------+-------------------------------------------------+------------------------+---+---+------------------------+---+---+------------------+--------+--------+

Note: The table above is a preliminary report that shows the Block RAMs at the current stage of the synthesis flow. Some Block RAMs may be reimplemented as non Block RAM primitives later in the synthesis flow. Multiple instantiated Block RAMs are reported only once. 

DSP: Preliminary Mapping Report (see note below)
+------------+-------------+--------+--------+--------+--------+--------+------+------+------+------+-------+------+------+
|Module Name | DSP Mapping | A Size | B Size | C Size | D Size | P Size | AREG | BREG | CREG | DREG | ADREG | MREG | PREG | 
+------------+-------------+--------+--------+--------+--------+--------+------+------+------+------+-------+------+------+
|isp_2dnr    | A*B         | 10     | 9      | -      | -      | 19     | 0    | 0    | -    | -    | -     | 0    | 0    | 
|isp_2dnr    | A*B         | 10     | 9      | -      | -      | 19     | 0    | 0    | -    | -    | -     | 0    | 0    | 
|isp_2dnr    | A*B         | 10     | 9      | -      | -      | 19     | 0    | 0    | -    | -    | -     | 0    | 0    | 
|isp_2dnr    | A*B         | 10     | 9      | -      | -      | 19     | 0    | 0    | -    | -    | -     | 0    | 0    | 
|isp_2dnr    | A*B         | 10     | 9      | -      | -      | 19     | 0    | 0    | -    | -    | -     | 0    | 0    | 
|isp_2dnr    | A*B         | 10     | 9      | -      | -      | 19     | 0    | 0    | -    | -    | -     | 0    | 0    | 
|isp_2dnr    | A*B         | 10     | 9      | -      | -      | 19     | 0    | 0    | -    | -    | -     | 0    | 0    | 
|isp_2dnr    | A*B         | 10     | 9      | -      | -      | 19     | 0    | 0    | -    | -    | -     | 0    | 0    | 
|isp_2dnr    | A*B         | 10     | 9      | -      | -      | 19     | 0    | 0    | -    | -    | -     | 0    | 0    | 
|isp_2dnr    | A*B         | 10     | 9      | -      | -      | 19     | 0    | 0    | -    | -    | -     | 0    | 0    | 
|isp_2dnr    | A*B         | 10     | 9      | -      | -      | 19     | 0    | 0    | -    | -    | -     | 0    | 0    | 
|isp_2dnr    | A*B         | 10     | 9      | -      | -      | 19     | 0    | 0    | -    | -    | -     | 0    | 0    | 
|isp_2dnr    | A*B         | 10     | 9      | -      | -      | 19     | 0    | 0    | -    | -    | -     | 0    | 0    | 
|isp_2dnr    | A*B         | 10     | 9      | -      | -      | 19     | 0    | 0    | -    | -    | -     | 0    | 0    | 
|isp_2dnr    | A*B         | 10     | 9      | -      | -      | 19     | 0    | 0    | -    | -    | -     | 0    | 0    | 
|isp_2dnr    | A*B         | 10     | 9      | -      | -      | 19     | 0    | 0    | -    | -    | -     | 0    | 0    | 
|isp_2dnr    | A*B         | 10     | 9      | -      | -      | 19     | 0    | 0    | -    | -    | -     | 0    | 0    | 
|isp_2dnr    | A*B         | 10     | 9      | -      | -      | 19     | 0    | 0    | -    | -    | -     | 0    | 0    | 
|isp_2dnr    | A*B         | 10     | 9      | -      | -      | 19     | 0    | 0    | -    | -    | -     | 0    | 0    | 
|isp_2dnr    | A*B         | 10     | 9      | -      | -      | 19     | 0    | 0    | -    | -    | -     | 0    | 0    | 
|isp_2dnr    | A*B         | 10     | 9      | -      | -      | 19     | 0    | 0    | -    | -    | -     | 0    | 0    | 
|isp_2dnr    | A*B         | 10     | 9      | -      | -      | 19     | 0    | 0    | -    | -    | -     | 0    | 0    | 
|isp_2dnr    | A*B         | 10     | 9      | -      | -      | 19     | 0    | 0    | -    | -    | -     | 0    | 0    | 
|isp_2dnr    | A*B         | 10     | 9      | -      | -      | 19     | 0    | 0    | -    | -    | -     | 0    | 0    | 
|isp_2dnr    | A*B         | 10     | 9      | -      | -      | 19     | 0    | 0    | -    | -    | -     | 0    | 0    | 
|isp_2dnr    | A*B         | 10     | 9      | -      | -      | 19     | 0    | 0    | -    | -    | -     | 0    | 0    | 
|isp_2dnr    | A*B         | 10     | 9      | -      | -      | 19     | 0    | 0    | -    | -    | -     | 0    | 0    | 
|isp_2dnr    | A*B         | 10     | 9      | -      | -      | 19     | 0    | 0    | -    | -    | -     | 0    | 0    | 
|isp_2dnr    | A*B         | 10     | 9      | -      | -      | 19     | 0    | 0    | -    | -    | -     | 0    | 0    | 
|isp_2dnr    | A*B         | 10     | 9      | -      | -      | 19     | 0    | 0    | -    | -    | -     | 0    | 0    | 
|isp_2dnr    | A*B         | 10     | 9      | -      | -      | 19     | 0    | 0    | -    | -    | -     | 0    | 0    | 
|isp_2dnr    | A*B         | 10     | 9      | -      | -      | 19     | 0    | 0    | -    | -    | -     | 0    | 0    | 
|isp_2dnr    | A*B         | 10     | 9      | -      | -      | 19     | 0    | 0    | -    | -    | -     | 0    | 0    | 
|isp_2dnr    | A*B         | 10     | 9      | -      | -      | 19     | 0    | 0    | -    | -    | -     | 0    | 0    | 
|isp_2dnr    | A*B         | 10     | 9      | -      | -      | 19     | 0    | 0    | -    | -    | -     | 0    | 0    | 
|isp_2dnr    | A*B         | 10     | 9      | -      | -      | 19     | 0    | 0    | -    | -    | -     | 0    | 0    | 
|isp_2dnr    | A*B         | 10     | 9      | -      | -      | 19     | 0    | 0    | -    | -    | -     | 0    | 0    | 
|isp_2dnr    | A*B         | 10     | 9      | -      | -      | 19     | 0    | 0    | -    | -    | -     | 0    | 0    | 
|isp_2dnr    | A*B         | 10     | 9      | -      | -      | 19     | 0    | 0    | -    | -    | -     | 0    | 0    | 
|isp_2dnr    | A*B         | 10     | 9      | -      | -      | 19     | 0    | 0    | -    | -    | -     | 0    | 0    | 
|isp_2dnr    | A*B         | 10     | 9      | -      | -      | 19     | 0    | 0    | -    | -    | -     | 0    | 0    | 
|isp_2dnr    | A*B         | 10     | 9      | -      | -      | 19     | 0    | 0    | -    | -    | -     | 0    | 0    | 
|isp_2dnr    | A*B         | 10     | 9      | -      | -      | 19     | 0    | 0    | -    | -    | -     | 0    | 0    | 
|isp_2dnr    | A*B         | 10     | 9      | -      | -      | 19     | 0    | 0    | -    | -    | -     | 0    | 0    | 
|isp_2dnr    | A*B         | 10     | 9      | -      | -      | 19     | 0    | 0    | -    | -    | -     | 0    | 0    | 
|isp_2dnr    | A*B         | 10     | 9      | -      | -      | 19     | 0    | 0    | -    | -    | -     | 0    | 0    | 
|isp_2dnr    | A*B         | 10     | 9      | -      | -      | 19     | 0    | 0    | -    | -    | -     | 0    | 0    | 
|isp_2dnr    | A*B         | 10     | 9      | -      | -      | 19     | 0    | 0    | -    | -    | -     | 0    | 0    | 
|isp_2dnr    | A*B         | 10     | 9      | -      | -      | 19     | 0    | 0    | -    | -    | -     | 0    | 0    | 
+------------+-------------+--------+--------+--------+--------+--------+------+------+------+------+-------+------+------+

Note: The table above is a preliminary report that shows the DSPs inferred at the current stage of the synthesis flow. Some DSP may be reimplemented as non DSP primitives later in the synthesis flow. Multiple instantiated DSPs are reported only once.
---------------------------------------------------------------------------------
Finished ROM, RAM, DSP, Shift Register and Retiming Reporting
---------------------------------------------------------------------------------
---------------------------------------------------------------------------------
Start Applying XDC Timing Constraints
---------------------------------------------------------------------------------
---------------------------------------------------------------------------------
Finished Applying XDC Timing Constraints : Time (s): cpu = 00:01:31 ; elapsed = 00:01:59 . Memory (MB): peak = 1350.281 ; gain = 9.000
---------------------------------------------------------------------------------
---------------------------------------------------------------------------------
Start Timing Optimization
---------------------------------------------------------------------------------
---------------------------------------------------------------------------------
Finished Timing Optimization : Time (s): cpu = 00:01:31 ; elapsed = 00:01:59 . Memory (MB): peak = 1350.281 ; gain = 9.000
---------------------------------------------------------------------------------
---------------------------------------------------------------------------------
Start ROM, RAM, DSP, Shift Register and Retiming Reporting
---------------------------------------------------------------------------------

Block RAM: Final Mapping Report
+-------------------------------------+-------------------------------------------------+------------------------+---+---+------------------------+---+---+------------------+--------+--------+
|Module Name                          | RTL Object                                      | PORT A (Depth x Width) | W | R | PORT B (Depth x Width) | W | R | Ports driving FF | RAMB18 | RAMB36 | 
+-------------------------------------+-------------------------------------------------+------------------------+---+---+------------------------+---+---+------------------+--------+--------+
|nr2d_y0i_2/linebuffer                | gen_ram_inst[0].u_ram/mem_reg                   | 2 K x 9(READ_FIRST)    | W | R |                        |   |   | Port A           | 0      | 1      | 
|nr2d_y0i_2/linebuffer                | gen_ram_inst[1].u_ram/mem_reg                   | 2 K x 9(READ_FIRST)    | W | R |                        |   |   | Port A           | 0      | 1      | 
|nr2d_y0i_2/linebuffer                | gen_ram_inst[2].u_ram/mem_reg                   | 2 K x 9(READ_FIRST)    | W | R |                        |   |   | Port A           | 0      | 1      | 
|nr2d_y0i_2/linebuffer                | gen_ram_inst[3].u_ram/mem_reg                   | 2 K x 9(READ_FIRST)    | W | R |                        |   |   | Port A           | 0      | 1      | 
|nr2d_y0i_2/linebuffer                | gen_ram_inst[4].u_ram/mem_reg                   | 2 K x 9(READ_FIRST)    | W | R |                        |   |   | Port A           | 0      | 1      | 
|nr2d_y0i_2/linebuffer                | gen_ram_inst[5].u_ram/mem_reg                   | 2 K x 9(READ_FIRST)    | W | R |                        |   |   | Port A           | 0      | 1      | 
|isp_top_i0i_4/ee_i0                  | linebuffer/gen_ram_inst[0].u_ram/mem_reg        | 2 K x 9(READ_FIRST)    | W | R |                        |   |   | Port A           | 0      | 1      | 
|isp_top_i0i_4/ee_i0                  | linebuffer/gen_ram_inst[1].u_ram/mem_reg        | 2 K x 9(READ_FIRST)    | W | R |                        |   |   | Port A           | 0      | 1      | 
|isp_top_i0i_4/isp_stat_ae_i0         | hist_ram_raw/ping_ram/mem_reg                   | 1 K x 32(READ_FIRST)   | W |   | 1 K x 32(WRITE_FIRST)  |   | R | Port A and B     | 0      | 1      | 
|isp_top_i0i_4/isp_stat_ae_i0         | hist_ram_raw/pong_ram/mem_reg                   | 1 K x 32(READ_FIRST)   | W |   | 1 K x 32(WRITE_FIRST)  |   | R | Port A and B     | 0      | 1      | 
|isp_top_i0i_4/demosaic_i0/linebuffer | gen_ram_inst[0].u_ram/mem_reg                   | 2 K x 9(READ_FIRST)    | W | R |                        |   |   | Port A           | 0      | 1      | 
|isp_top_i0i_4/demosaic_i0/linebuffer | gen_ram_inst[1].u_ram/mem_reg                   | 2 K x 9(READ_FIRST)    | W | R |                        |   |   | Port A           | 0      | 1      | 
|isp_top_i0i_4/demosaic_i0/linebuffer | gen_ram_inst[2].u_ram/mem_reg                   | 2 K x 9(READ_FIRST)    | W | R |                        |   |   | Port A           | 0      | 1      | 
|isp_top_i0i_4/demosaic_i0/linebuffer | gen_ram_inst[3].u_ram/mem_reg                   | 2 K x 9(READ_FIRST)    | W | R |                        |   |   | Port A           | 0      | 1      | 
|isp_top_i0i_4/demosaic_i0/linebuffer | gen_ram_inst[4].u_ram/mem_reg                   | 2 K x 9(READ_FIRST)    | W | R |                        |   |   | Port A           | 0      | 1      | 
|isp_top_i0i_4/demosaic_i0/linebuffer | gen_ram_inst[5].u_ram/mem_reg                   | 2 K x 9(READ_FIRST)    | W | R |                        |   |   | Port A           | 0      | 1      | 
|isp_top_i0i_4/isp_stat_awb_i0        | hist_ram_r/ping_ram/mem_reg                     | 256 x 32(READ_FIRST)   | W |   | 256 x 32(WRITE_FIRST)  |   | R | Port A and B     | 1      | 0      | 
|isp_top_i0i_4/isp_stat_awb_i0        | hist_ram_r/pong_ram/mem_reg                     | 256 x 32(READ_FIRST)   | W |   | 256 x 32(WRITE_FIRST)  |   | R | Port A and B     | 1      | 0      | 
|isp_top_i0i_4/isp_stat_awb_i0        | hist_ram_g/ping_ram/mem_reg                     | 256 x 32(READ_FIRST)   | W |   | 256 x 32(WRITE_FIRST)  |   | R | Port A and B     | 1      | 0      | 
|isp_top_i0i_4/isp_stat_awb_i0        | hist_ram_g/pong_ram/mem_reg                     | 256 x 32(READ_FIRST)   | W |   | 256 x 32(WRITE_FIRST)  |   | R | Port A and B     | 1      | 0      | 
|isp_top_i0i_4/isp_stat_awb_i0        | hist_ram_b/ping_ram/mem_reg                     | 256 x 32(READ_FIRST)   | W |   | 256 x 32(WRITE_FIRST)  |   | R | Port A and B     | 1      | 0      | 
|isp_top_i0i_4/isp_stat_awb_i0        | hist_ram_b/pong_ram/mem_reg                     | 256 x 32(READ_FIRST)   | W |   | 256 x 32(WRITE_FIRST)  |   | R | Port A and B     | 1      | 0      | 
|base_xil_isp_lite_0_0                | bnr_i0/linebuffer/gen_ram_inst[0].u_ram/mem_reg | 2 K x 9(READ_FIRST)    | W | R |                        |   |   | Port A           | 0      | 1      | 
|base_xil_isp_lite_0_0                | bnr_i0/linebuffer/gen_ram_inst[1].u_ram/mem_reg | 2 K x 9(READ_FIRST)    | W | R |                        |   |   | Port A           | 0      | 1      | 
|base_xil_isp_lite_0_0                | bnr_i0/linebuffer/gen_ram_inst[2].u_ram/mem_reg | 2 K x 9(READ_FIRST)    | W | R |                        |   |   | Port A           | 0      | 1      | 
|base_xil_isp_lite_0_0                | bnr_i0/linebuffer/gen_ram_inst[3].u_ram/mem_reg | 2 K x 9(READ_FIRST)    | W | R |                        |   |   | Port A           | 0      | 1      | 
|base_xil_isp_lite_0_0                | gamma_i0/table_ram/mem_reg                      | 256 x 8(READ_FIRST)    | W | R | 256 x 8(WRITE_FIRST)   |   | R | Port A and B     | 1      | 0      | 
|base_xil_isp_lite_0_0                | nr2d_shift_u/gen_ram_inst[0].u_ram/mem_reg      | 2 K x 9(READ_FIRST)    | W | R |                        |   |   | Port A           | 0      | 1      | 
|base_xil_isp_lite_0_0                | nr2d_shift_u/gen_ram_inst[1].u_ram/mem_reg      | 2 K x 9(READ_FIRST)    | W | R |                        |   |   | Port A           | 0      | 1      | 
|base_xil_isp_lite_0_0                | nr2d_shift_u/gen_ram_inst[2].u_ram/mem_reg      | 2 K x 9(READ_FIRST)    | W | R |                        |   |   | Port A           | 0      | 1      | 
|base_xil_isp_lite_0_0                | nr2d_shift_u/gen_ram_inst[3].u_ram/mem_reg      | 2 K x 9(READ_FIRST)    | W | R |                        |   |   | Port A           | 0      | 1      | 
|base_xil_isp_lite_0_0                | nr2d_shift_u/gen_ram_inst[4].u_ram/mem_reg      | 2 K x 9(READ_FIRST)    | W | R |                        |   |   | Port A           | 0      | 1      | 
|base_xil_isp_lite_0_0                | nr2d_shift_u/gen_ram_inst[5].u_ram/mem_reg      | 2 K x 9(READ_FIRST)    | W | R |                        |   |   | Port A           | 0      | 1      | 
|base_xil_isp_lite_0_0                | nr2d_shift_v/gen_ram_inst[0].u_ram/mem_reg      | 2 K x 9(READ_FIRST)    | W | R |                        |   |   | Port A           | 0      | 1      | 
|base_xil_isp_lite_0_0                | nr2d_shift_v/gen_ram_inst[1].u_ram/mem_reg      | 2 K x 9(READ_FIRST)    | W | R |                        |   |   | Port A           | 0      | 1      | 
|base_xil_isp_lite_0_0                | nr2d_shift_v/gen_ram_inst[2].u_ram/mem_reg      | 2 K x 9(READ_FIRST)    | W | R |                        |   |   | Port A           | 0      | 1      | 
|base_xil_isp_lite_0_0                | nr2d_shift_v/gen_ram_inst[3].u_ram/mem_reg      | 2 K x 9(READ_FIRST)    | W | R |                        |   |   | Port A           | 0      | 1      | 
|base_xil_isp_lite_0_0                | nr2d_shift_v/gen_ram_inst[4].u_ram/mem_reg      | 2 K x 9(READ_FIRST)    | W | R |                        |   |   | Port A           | 0      | 1      | 
|base_xil_isp_lite_0_0                | nr2d_shift_v/gen_ram_inst[5].u_ram/mem_reg      | 2 K x 9(READ_FIRST)    | W | R |                        |   |   | Port A           | 0      | 1      | 
|isp_top_i0i_5/dpc_i0                 | linebuffer/gen_ram_inst[0].u_ram/mem_reg        | 2 K x 9(READ_FIRST)    | W | R |                        |   |   | Port A           | 0      | 1      | 
|isp_top_i0i_5/dpc_i0                 | linebuffer/gen_ram_inst[1].u_ram/mem_reg        | 2 K x 9(READ_FIRST)    | W | R |                        |   |   | Port A           | 0      | 1      | 
|isp_top_i0i_5/dpc_i0                 | linebuffer/gen_ram_inst[2].u_ram/mem_reg        | 2 K x 9(READ_FIRST)    | W | R |                        |   |   | Port A           | 0      | 1      | 
|isp_top_i0i_5/dpc_i0                 | linebuffer/gen_ram_inst[3].u_ram/mem_reg        | 2 K x 9(READ_FIRST)    | W | R |                        |   |   | Port A           | 0      | 1      | 
+-------------------------------------+-------------------------------------------------+------------------------+---+---+------------------------+---+---+------------------+--------+--------+

---------------------------------------------------------------------------------
Finished ROM, RAM, DSP, Shift Register and Retiming Reporting
---------------------------------------------------------------------------------
---------------------------------------------------------------------------------
Start Technology Mapping
---------------------------------------------------------------------------------
INFO: [Synth 8-7052] The timing for the instance inst/xil_isp_lite_v1_0_S00_AXI_inst/isp_top_i0/nr2d_y0/linebuffer/gen_ram_inst[0].u_ram/mem_reg (implemented as a Block RAM) might be sub-optimal as no optional output register could be merged into the ram block. Providing additional output register may help in improving timing.
INFO: [Synth 8-7052] The timing for the instance inst/xil_isp_lite_v1_0_S00_AXI_inst/isp_top_i0/nr2d_y0/linebuffer/gen_ram_inst[1].u_ram/mem_reg (implemented as a Block RAM) might be sub-optimal as no optional output register could be merged into the ram block. Providing additional output register may help in improving timing.
INFO: [Synth 8-7052] The timing for the instance inst/xil_isp_lite_v1_0_S00_AXI_inst/isp_top_i0/nr2d_y0/linebuffer/gen_ram_inst[2].u_ram/mem_reg (implemented as a Block RAM) might be sub-optimal as no optional output register could be merged into the ram block. Providing additional output register may help in improving timing.
INFO: [Synth 8-7052] The timing for the instance inst/xil_isp_lite_v1_0_S00_AXI_inst/isp_top_i0/nr2d_y0/linebuffer/gen_ram_inst[3].u_ram/mem_reg (implemented as a Block RAM) might be sub-optimal as no optional output register could be merged into the ram block. Providing additional output register may help in improving timing.
INFO: [Synth 8-7052] The timing for the instance inst/xil_isp_lite_v1_0_S00_AXI_inst/isp_top_i0/nr2d_y0/linebuffer/gen_ram_inst[4].u_ram/mem_reg (implemented as a Block RAM) might be sub-optimal as no optional output register could be merged into the ram block. Providing additional output register may help in improving timing.
INFO: [Synth 8-7052] The timing for the instance inst/xil_isp_lite_v1_0_S00_AXI_inst/isp_top_i0/nr2d_y0/linebuffer/gen_ram_inst[5].u_ram/mem_reg (implemented as a Block RAM) might be sub-optimal as no optional output register could be merged into the ram block. Providing additional output register may help in improving timing.
INFO: [Synth 8-7052] The timing for the instance inst/xil_isp_lite_v1_0_S00_AXI_inst/isp_top_i0/ee_i0/linebuffer/gen_ram_inst[0].u_ram/mem_reg (implemented as a Block RAM) might be sub-optimal as no optional output register could be merged into the ram block. Providing additional output register may help in improving timing.
INFO: [Synth 8-7052] The timing for the instance inst/xil_isp_lite_v1_0_S00_AXI_inst/isp_top_i0/ee_i0/linebuffer/gen_ram_inst[1].u_ram/mem_reg (implemented as a Block RAM) might be sub-optimal as no optional output register could be merged into the ram block. Providing additional output register may help in improving timing.
INFO: [Synth 8-7052] The timing for the instance inst/xil_isp_lite_v1_0_S00_AXI_inst/isp_top_i0/isp_stat_ae_i0/hist_ram_raw/ping_ram/mem_reg (implemented as a Block RAM) might be sub-optimal as no optional output register could be merged into the ram block. Providing additional output register may help in improving timing.
INFO: [Synth 8-7052] The timing for the instance inst/xil_isp_lite_v1_0_S00_AXI_inst/isp_top_i0/isp_stat_ae_i0/hist_ram_raw/pong_ram/mem_reg (implemented as a Block RAM) might be sub-optimal as no optional output register could be merged into the ram block. Providing additional output register may help in improving timing.
INFO: [Synth 8-7052] The timing for the instance inst/xil_isp_lite_v1_0_S00_AXI_inst/isp_top_i0/demosaic_i0/linebuffer/gen_ram_inst[0].u_ram/mem_reg (implemented as a Block RAM) might be sub-optimal as no optional output register could be merged into the ram block. Providing additional output register may help in improving timing.
INFO: [Synth 8-7052] The timing for the instance inst/xil_isp_lite_v1_0_S00_AXI_inst/isp_top_i0/demosaic_i0/linebuffer/gen_ram_inst[1].u_ram/mem_reg (implemented as a Block RAM) might be sub-optimal as no optional output register could be merged into the ram block. Providing additional output register may help in improving timing.
INFO: [Synth 8-7052] The timing for the instance inst/xil_isp_lite_v1_0_S00_AXI_inst/isp_top_i0/demosaic_i0/linebuffer/gen_ram_inst[2].u_ram/mem_reg (implemented as a Block RAM) might be sub-optimal as no optional output register could be merged into the ram block. Providing additional output register may help in improving timing.
INFO: [Synth 8-7052] The timing for the instance inst/xil_isp_lite_v1_0_S00_AXI_inst/isp_top_i0/demosaic_i0/linebuffer/gen_ram_inst[3].u_ram/mem_reg (implemented as a Block RAM) might be sub-optimal as no optional output register could be merged into the ram block. Providing additional output register may help in improving timing.
INFO: [Synth 8-7052] The timing for the instance inst/xil_isp_lite_v1_0_S00_AXI_inst/isp_top_i0/demosaic_i0/linebuffer/gen_ram_inst[4].u_ram/mem_reg (implemented as a Block RAM) might be sub-optimal as no optional output register could be merged into the ram block. Providing additional output register may help in improving timing.
INFO: [Synth 8-7052] The timing for the instance inst/xil_isp_lite_v1_0_S00_AXI_inst/isp_top_i0/demosaic_i0/linebuffer/gen_ram_inst[5].u_ram/mem_reg (implemented as a Block RAM) might be sub-optimal as no optional output register could be merged into the ram block. Providing additional output register may help in improving timing.
INFO: [Synth 8-7052] The timing for the instance inst/xil_isp_lite_v1_0_S00_AXI_inst/isp_top_i0/isp_stat_awb_i0/hist_ram_r/ping_ram/mem_reg (implemented as a Block RAM) might be sub-optimal as no optional output register could be merged into the ram block. Providing additional output register may help in improving timing.
INFO: [Synth 8-7052] The timing for the instance inst/xil_isp_lite_v1_0_S00_AXI_inst/isp_top_i0/isp_stat_awb_i0/hist_ram_r/pong_ram/mem_reg (implemented as a Block RAM) might be sub-optimal as no optional output register could be merged into the ram block. Providing additional output register may help in improving timing.
INFO: [Synth 8-7052] The timing for the instance inst/xil_isp_lite_v1_0_S00_AXI_inst/isp_top_i0/isp_stat_awb_i0/hist_ram_g/ping_ram/mem_reg (implemented as a Block RAM) might be sub-optimal as no optional output register could be merged into the ram block. Providing additional output register may help in improving timing.
INFO: [Synth 8-7052] The timing for the instance inst/xil_isp_lite_v1_0_S00_AXI_inst/isp_top_i0/isp_stat_awb_i0/hist_ram_g/pong_ram/mem_reg (implemented as a Block RAM) might be sub-optimal as no optional output register could be merged into the ram block. Providing additional output register may help in improving timing.
INFO: [Synth 8-7052] The timing for the instance inst/xil_isp_lite_v1_0_S00_AXI_inst/isp_top_i0/isp_stat_awb_i0/hist_ram_b/ping_ram/mem_reg (implemented as a Block RAM) might be sub-optimal as no optional output register could be merged into the ram block. Providing additional output register may help in improving timing.
INFO: [Synth 8-7052] The timing for the instance inst/xil_isp_lite_v1_0_S00_AXI_inst/isp_top_i0/isp_stat_awb_i0/hist_ram_b/pong_ram/mem_reg (implemented as a Block RAM) might be sub-optimal as no optional output register could be merged into the ram block. Providing additional output register may help in improving timing.
INFO: [Synth 8-7052] The timing for the instance inst/xil_isp_lite_v1_0_S00_AXI_inst/isp_top_i0/bnr_i0/linebuffer/gen_ram_inst[0].u_ram/mem_reg (implemented as a Block RAM) might be sub-optimal as no optional output register could be merged into the ram block. Providing additional output register may help in improving timing.
INFO: [Synth 8-7052] The timing for the instance inst/xil_isp_lite_v1_0_S00_AXI_inst/isp_top_i0/bnr_i0/linebuffer/gen_ram_inst[1].u_ram/mem_reg (implemented as a Block RAM) might be sub-optimal as no optional output register could be merged into the ram block. Providing additional output register may help in improving timing.
INFO: [Synth 8-7052] The timing for the instance inst/xil_isp_lite_v1_0_S00_AXI_inst/isp_top_i0/bnr_i0/linebuffer/gen_ram_inst[2].u_ram/mem_reg (implemented as a Block RAM) might be sub-optimal as no optional output register could be merged into the ram block. Providing additional output register may help in improving timing.
INFO: [Synth 8-7052] The timing for the instance inst/xil_isp_lite_v1_0_S00_AXI_inst/isp_top_i0/bnr_i0/linebuffer/gen_ram_inst[3].u_ram/mem_reg (implemented as a Block RAM) might be sub-optimal as no optional output register could be merged into the ram block. Providing additional output register may help in improving timing.
INFO: [Synth 8-7052] The timing for the instance inst/xil_isp_lite_v1_0_S00_AXI_inst/isp_top_i0/gamma_i0/table_ram/mem_reg (implemented as a Block RAM) might be sub-optimal as no optional output register could be merged into the ram block. Providing additional output register may help in improving timing.
INFO: [Synth 8-7052] The timing for the instance inst/xil_isp_lite_v1_0_S00_AXI_inst/isp_top_i0/gamma_i0/table_ram/mem_reg (implemented as a Block RAM) might be sub-optimal as no optional output register could be merged into the ram block. Providing additional output register may help in improving timing.
INFO: [Synth 8-7052] The timing for the instance inst/xil_isp_lite_v1_0_S00_AXI_inst/isp_top_i0/nr2d_shift_u/gen_ram_inst[0].u_ram/mem_reg (implemented as a Block RAM) might be sub-optimal as no optional output register could be merged into the ram block. Providing additional output register may help in improving timing.
INFO: [Synth 8-7052] The timing for the instance inst/xil_isp_lite_v1_0_S00_AXI_inst/isp_top_i0/nr2d_shift_u/gen_ram_inst[1].u_ram/mem_reg (implemented as a Block RAM) might be sub-optimal as no optional output register could be merged into the ram block. Providing additional output register may help in improving timing.
INFO: [Synth 8-7052] The timing for the instance inst/xil_isp_lite_v1_0_S00_AXI_inst/isp_top_i0/nr2d_shift_u/gen_ram_inst[2].u_ram/mem_reg (implemented as a Block RAM) might be sub-optimal as no optional output register could be merged into the ram block. Providing additional output register may help in improving timing.
INFO: [Synth 8-7052] The timing for the instance inst/xil_isp_lite_v1_0_S00_AXI_inst/isp_top_i0/nr2d_shift_u/gen_ram_inst[3].u_ram/mem_reg (implemented as a Block RAM) might be sub-optimal as no optional output register could be merged into the ram block. Providing additional output register may help in improving timing.
INFO: [Synth 8-7052] The timing for the instance inst/xil_isp_lite_v1_0_S00_AXI_inst/isp_top_i0/nr2d_shift_u/gen_ram_inst[4].u_ram/mem_reg (implemented as a Block RAM) might be sub-optimal as no optional output register could be merged into the ram block. Providing additional output register may help in improving timing.
INFO: [Synth 8-7052] The timing for the instance inst/xil_isp_lite_v1_0_S00_AXI_inst/isp_top_i0/nr2d_shift_u/gen_ram_inst[5].u_ram/mem_reg (implemented as a Block RAM) might be sub-optimal as no optional output register could be merged into the ram block. Providing additional output register may help in improving timing.
INFO: [Synth 8-7052] The timing for the instance inst/xil_isp_lite_v1_0_S00_AXI_inst/isp_top_i0/nr2d_shift_v/gen_ram_inst[0].u_ram/mem_reg (implemented as a Block RAM) might be sub-optimal as no optional output register could be merged into the ram block. Providing additional output register may help in improving timing.
INFO: [Synth 8-7052] The timing for the instance inst/xil_isp_lite_v1_0_S00_AXI_inst/isp_top_i0/nr2d_shift_v/gen_ram_inst[1].u_ram/mem_reg (implemented as a Block RAM) might be sub-optimal as no optional output register could be merged into the ram block. Providing additional output register may help in improving timing.
INFO: [Synth 8-7052] The timing for the instance inst/xil_isp_lite_v1_0_S00_AXI_inst/isp_top_i0/nr2d_shift_v/gen_ram_inst[2].u_ram/mem_reg (implemented as a Block RAM) might be sub-optimal as no optional output register could be merged into the ram block. Providing additional output register may help in improving timing.
INFO: [Synth 8-7052] The timing for the instance inst/xil_isp_lite_v1_0_S00_AXI_inst/isp_top_i0/nr2d_shift_v/gen_ram_inst[3].u_ram/mem_reg (implemented as a Block RAM) might be sub-optimal as no optional output register could be merged into the ram block. Providing additional output register may help in improving timing.
INFO: [Synth 8-7052] The timing for the instance inst/xil_isp_lite_v1_0_S00_AXI_inst/isp_top_i0/nr2d_shift_v/gen_ram_inst[4].u_ram/mem_reg (implemented as a Block RAM) might be sub-optimal as no optional output register could be merged into the ram block. Providing additional output register may help in improving timing.
INFO: [Synth 8-7052] The timing for the instance inst/xil_isp_lite_v1_0_S00_AXI_inst/isp_top_i0/nr2d_shift_v/gen_ram_inst[5].u_ram/mem_reg (implemented as a Block RAM) might be sub-optimal as no optional output register could be merged into the ram block. Providing additional output register may help in improving timing.
INFO: [Synth 8-7052] The timing for the instance inst/xil_isp_lite_v1_0_S00_AXI_inst/isp_top_i0/dpc_i0/linebuffer/gen_ram_inst[0].u_ram/mem_reg (implemented as a Block RAM) might be sub-optimal as no optional output register could be merged into the ram block. Providing additional output register may help in improving timing.
INFO: [Synth 8-7052] The timing for the instance inst/xil_isp_lite_v1_0_S00_AXI_inst/isp_top_i0/dpc_i0/linebuffer/gen_ram_inst[1].u_ram/mem_reg (implemented as a Block RAM) might be sub-optimal as no optional output register could be merged into the ram block. Providing additional output register may help in improving timing.
INFO: [Synth 8-7052] The timing for the instance inst/xil_isp_lite_v1_0_S00_AXI_inst/isp_top_i0/dpc_i0/linebuffer/gen_ram_inst[2].u_ram/mem_reg (implemented as a Block RAM) might be sub-optimal as no optional output register could be merged into the ram block. Providing additional output register may help in improving timing.
INFO: [Synth 8-7052] The timing for the instance inst/xil_isp_lite_v1_0_S00_AXI_inst/isp_top_i0/dpc_i0/linebuffer/gen_ram_inst[3].u_ram/mem_reg (implemented as a Block RAM) might be sub-optimal as no optional output register could be merged into the ram block. Providing additional output register may help in improving timing.
---------------------------------------------------------------------------------
Finished Technology Mapping : Time (s): cpu = 00:01:37 ; elapsed = 00:02:05 . Memory (MB): peak = 1422.395 ; gain = 81.113
---------------------------------------------------------------------------------
---------------------------------------------------------------------------------
Start IO Insertion
---------------------------------------------------------------------------------
---------------------------------------------------------------------------------
Start Flattening Before IO Insertion
---------------------------------------------------------------------------------
---------------------------------------------------------------------------------
Finished Flattening Before IO Insertion
---------------------------------------------------------------------------------
---------------------------------------------------------------------------------
Start Final Netlist Cleanup
---------------------------------------------------------------------------------
---------------------------------------------------------------------------------
Finished Final Netlist Cleanup
---------------------------------------------------------------------------------
---------------------------------------------------------------------------------
Finished IO Insertion : Time (s): cpu = 00:01:41 ; elapsed = 00:02:09 . Memory (MB): peak = 1428.105 ; gain = 86.824
---------------------------------------------------------------------------------
---------------------------------------------------------------------------------
Start Renaming Generated Instances
---------------------------------------------------------------------------------
---------------------------------------------------------------------------------
Finished Renaming Generated Instances : Time (s): cpu = 00:01:41 ; elapsed = 00:02:09 . Memory (MB): peak = 1428.105 ; gain = 86.824
---------------------------------------------------------------------------------
---------------------------------------------------------------------------------
Start Rebuilding User Hierarchy
---------------------------------------------------------------------------------
---------------------------------------------------------------------------------
Finished Rebuilding User Hierarchy : Time (s): cpu = 00:01:42 ; elapsed = 00:02:11 . Memory (MB): peak = 1428.105 ; gain = 86.824
---------------------------------------------------------------------------------
---------------------------------------------------------------------------------
Start Renaming Generated Ports
---------------------------------------------------------------------------------
---------------------------------------------------------------------------------
Finished Renaming Generated Ports : Time (s): cpu = 00:01:42 ; elapsed = 00:02:11 . Memory (MB): peak = 1428.105 ; gain = 86.824
---------------------------------------------------------------------------------
---------------------------------------------------------------------------------
Start Handling Custom Attributes
---------------------------------------------------------------------------------
---------------------------------------------------------------------------------
Finished Handling Custom Attributes : Time (s): cpu = 00:01:43 ; elapsed = 00:02:11 . Memory (MB): peak = 1428.195 ; gain = 86.914
---------------------------------------------------------------------------------
---------------------------------------------------------------------------------
Start Renaming Generated Nets
---------------------------------------------------------------------------------
---------------------------------------------------------------------------------
Finished Renaming Generated Nets : Time (s): cpu = 00:01:43 ; elapsed = 00:02:11 . Memory (MB): peak = 1428.195 ; gain = 86.914
---------------------------------------------------------------------------------
---------------------------------------------------------------------------------
Start ROM, RAM, DSP, Shift Register and Retiming Reporting
---------------------------------------------------------------------------------

Static Shift Register Report:
+----------------------+----------------------------------------------------------------------------------+--------+-------+--------------+--------------------+-------------------+--------+---------+
|Module Name           | RTL Name                                                                         | Length | Width | Reset Signal | Pull out first Reg | Pull out last Reg | SRL16E | SRLC32E | 
+----------------------+----------------------------------------------------------------------------------+--------+-------+--------------+--------------------+-------------------+--------+---------+
|base_xil_isp_lite_0_0 | inst/xil_isp_lite_v1_0_S00_AXI_inst/isp_top_i0/nr2d_y0/href_dly_reg[35]          | 36     | 1     | YES          | NO                 | YES               | 0      | 2       | 
|base_xil_isp_lite_0_0 | inst/xil_isp_lite_v1_0_S00_AXI_inst/isp_top_i0/nr2d_y0/vsync_dly_reg[35]         | 36     | 1     | YES          | NO                 | YES               | 0      | 2       | 
|base_xil_isp_lite_0_0 | inst/xil_isp_lite_v1_0_S00_AXI_inst/isp_top_i0/ee_i0/href_dly_reg[5]             | 6      | 1     | YES          | NO                 | YES               | 1      | 0       | 
|base_xil_isp_lite_0_0 | inst/xil_isp_lite_v1_0_S00_AXI_inst/isp_top_i0/ee_i0/vsync_dly_reg[5]            | 6      | 1     | YES          | NO                 | YES               | 1      | 0       | 
|base_xil_isp_lite_0_0 | inst/xil_isp_lite_v1_0_S00_AXI_inst/isp_top_i0/ee_i0/u_dly_reg[5][8]             | 6      | 8     | YES          | NO                 | YES               | 8      | 0       | 
|base_xil_isp_lite_0_0 | inst/xil_isp_lite_v1_0_S00_AXI_inst/isp_top_i0/ee_i0/v_dly_reg[5][8]             | 6      | 8     | YES          | NO                 | YES               | 8      | 0       | 
|base_xil_isp_lite_0_0 | inst/xil_isp_lite_v1_0_S00_AXI_inst/isp_top_i0/ccm_i0/href_dly_reg[3]            | 4      | 1     | YES          | NO                 | YES               | 1      | 0       | 
|base_xil_isp_lite_0_0 | inst/xil_isp_lite_v1_0_S00_AXI_inst/isp_top_i0/ccm_i0/vsync_dly_reg[3]           | 4      | 1     | YES          | NO                 | YES               | 1      | 0       | 
|base_xil_isp_lite_0_0 | inst/xil_isp_lite_v1_0_S00_AXI_inst/isp_top_i0/demosaic_i0/href_dly_reg[8]       | 8      | 1     | YES          | NO                 | YES               | 1      | 0       | 
|base_xil_isp_lite_0_0 | inst/xil_isp_lite_v1_0_S00_AXI_inst/isp_top_i0/demosaic_i0/vsync_dly_reg[8]      | 9      | 1     | YES          | NO                 | YES               | 1      | 0       | 
|base_xil_isp_lite_0_0 | inst/xil_isp_lite_v1_0_S00_AXI_inst/isp_top_i0/demosaic_i0/p75_reg[8]            | 4      | 9     | YES          | NO                 | YES               | 9      | 0       | 
|base_xil_isp_lite_0_0 | inst/xil_isp_lite_v1_0_S00_AXI_inst/isp_top_i0/dpc_i0/href_dly_reg[9]            | 9      | 1     | YES          | NO                 | YES               | 1      | 0       | 
|base_xil_isp_lite_0_0 | inst/xil_isp_lite_v1_0_S00_AXI_inst/isp_top_i0/dpc_i0/vsync_dly_reg[9]           | 10     | 1     | YES          | NO                 | YES               | 1      | 0       | 
|base_xil_isp_lite_0_0 | inst/xil_isp_lite_v1_0_S00_AXI_inst/isp_top_i0/bnr_i0/href_dly_reg[6]            | 6      | 1     | YES          | NO                 | YES               | 1      | 0       | 
|base_xil_isp_lite_0_0 | inst/xil_isp_lite_v1_0_S00_AXI_inst/isp_top_i0/bnr_i0/vsync_dly_reg[6]           | 7      | 1     | YES          | NO                 | YES               | 1      | 0       | 
|base_xil_isp_lite_0_0 | inst/xil_isp_lite_v1_0_S00_AXI_inst/isp_top_i0/nr2d_delay_v/data_buff_reg[35][8] | 36     | 8     | YES          | NO                 | YES               | 0      | 16      | 
|base_xil_isp_lite_0_0 | inst/xil_isp_lite_v1_0_S00_AXI_inst/isp_top_i0/nr2d_delay_u/data_buff_reg[35][8] | 36     | 8     | YES          | NO                 | YES               | 0      | 16      | 
+----------------------+----------------------------------------------------------------------------------+--------+-------+--------------+--------------------+-------------------+--------+---------+

---------------------------------------------------------------------------------
Finished ROM, RAM, DSP, Shift Register and Retiming Reporting
---------------------------------------------------------------------------------
---------------------------------------------------------------------------------
Start Writing Synthesis Report
---------------------------------------------------------------------------------

Report BlackBoxes: 
+-+--------------+----------+
| |BlackBox name |Instances |
+-+--------------+----------+
+-+--------------+----------+

Report Cell Usage: 
+------+---------+------+
|      |Cell     |Count |
+------+---------+------+
|1     |CARRY4   |  2974|
|2     |DSP48E1  |    49|
|3     |LUT1     |   132|
|4     |LUT2     |  5277|
|5     |LUT3     |  3122|
|6     |LUT4     |  7307|
|7     |LUT5     |  1036|
|8     |LUT6     |  3276|
|9     |MUXF7    |    62|
|10    |MUXF8    |    16|
|11    |RAMB18E1 |     7|
|13    |RAMB36E1 |    36|
|15    |SRL16E   |    35|
|16    |SRLC32E  |    36|
|17    |FDCE     |  8120|
|18    |FDRE     |  1177|
|19    |FDSE     |   338|
+------+---------+------+
---------------------------------------------------------------------------------
Finished Writing Synthesis Report : Time (s): cpu = 00:01:43 ; elapsed = 00:02:11 . Memory (MB): peak = 1428.195 ; gain = 86.914
---------------------------------------------------------------------------------
Synthesis finished with 0 errors, 0 critical warnings and 0 warnings.
Synthesis Optimization Runtime : Time (s): cpu = 00:00:56 ; elapsed = 00:02:07 . Memory (MB): peak = 1428.195 ; gain = 77.914
Synthesis Optimization Complete : Time (s): cpu = 00:01:43 ; elapsed = 00:02:11 . Memory (MB): peak = 1428.195 ; gain = 86.914
INFO: [Project 1-571] Translating synthesized netlist
Netlist sorting complete. Time (s): cpu = 00:00:00 ; elapsed = 00:00:00.340 . Memory (MB): peak = 1440.215 ; gain = 0.000
INFO: [Netlist 29-17] Analyzing 3144 Unisim elements for replacement
INFO: [Netlist 29-28] Unisim Transformation completed in 1 CPU seconds
INFO: [Project 1-570] Preparing netlist for logic optimization
INFO: [Opt 31-138] Pushed 0 inverter(s) to 0 load pin(s).
Netlist sorting complete. Time (s): cpu = 00:00:00 ; elapsed = 00:00:00.008 . Memory (MB): peak = 1446.305 ; gain = 0.000
INFO: [Project 1-111] Unisim Transformation Summary:
No Unisim elements were transformed.

Synth Design complete, checksum: a7c57c11
INFO: [Common 17-83] Releasing license: Synthesis
131 Infos, 8 Warnings, 0 Critical Warnings and 0 Errors encountered.
synth_design completed successfully
synth_design: Time (s): cpu = 00:01:52 ; elapsed = 00:02:25 . Memory (MB): peak = 1446.305 ; gain = 105.023
INFO: [Common 17-1381] The checkpoint 'D:/Work/fpga/zynq_cam_isp_demo/zynq_cam_isp_demo.runs/base_xil_isp_lite_0_0_synth_1/base_xil_isp_lite_0_0.dcp' has been generated.
INFO: [Coretcl 2-1648] Added synthesis output to IP cache for IP base_xil_isp_lite_0_0, cache-ID = a25b747cd4fcf39f
INFO: [Coretcl 2-1174] Renamed 87 cell refs.
INFO: [Common 17-1381] The checkpoint 'D:/Work/fpga/zynq_cam_isp_demo/zynq_cam_isp_demo.runs/base_xil_isp_lite_0_0_synth_1/base_xil_isp_lite_0_0.dcp' has been generated.
INFO: [runtcl-4] Executing : report_utilization -file base_xil_isp_lite_0_0_utilization_synth.rpt -pb base_xil_isp_lite_0_0_utilization_synth.pb
INFO: [Common 17-206] Exiting Vivado at Sun Sep 18 22:51:40 2022...
